"e","package ShipmentTypes

class StandardShipment {
}","","0","1653770595591","StandardShipment.kt","1.1.3 for 2021-2022 @t1",
"e","package ShipmentTypes

class ExpressShipment {
}","","0","1653770605326","ExpressShipment.kt","1.1.3 for 2021-2022 @t1",
"e","package ShipmentTypes

class OvernightShipment {
}","","0","1653770620229","OvernightShipment.kt","1.1.3 for 2021-2022 @t1",
"e","package ShipmentTypes

import UpdateStrategies.ShipmentUpdate

class Shipment(initialUpdate: ShipmentUpdate) {
    val shipmentNotes = mutableListOf<String>()
    val shipmentUpdateHistory = mutableListOf<ShipmentUpdate>()
    val shipmentId = initialUpdate.shipmentId
    var newStatus = initialUpdate.newStatus
    var expectedDeliveryDateTimestamp = initialUpdate.expectedDelivery
    var currentLocation = initialUpdate.location
    init {
        shipmentUpdateHistory.add(initialUpdate)
    }


    fun update(shipmentUpdate: ShipmentUpdate) {
        shipmentUpdateHistory.add(shipmentUpdate)
        newStatus = shipmentUpdate.newStatus?: newStatus
        expectedDeliveryDateTimestamp = shipmentUpdate.expectedDelivery ?: expectedDeliveryDateTimestamp
        currentLocation = shipmentUpdate.location ?: currentLocation
        if (shipmentUpdate.note != null) {
            shipmentNotes.add(shipmentUpdate.note)
        }
    }
}","","0","1653770775394","Shipment.kt","1.1.3 for 2021-2022 @t1",
"e"," ","","63","1653770794481","Shipment.kt","1.1.3 for 2021-2022 @t1",
"k"," ",,"64","1653770794481","Shipment.kt","1.1.3 for 2021-2022 @t1",
"e","a","","64","1653770794640","Shipment.kt","1.1.3 for 2021-2022 @t1",
"k","a",,"65","1653770794655","Shipment.kt","1.1.3 for 2021-2022 @t1",
"e","$","","65","1653770794671","Shipment.kt","1.1.3 for 2021-2022 @t1",
"e","","$","65","1653770794844","Shipment.kt","1.1.3 for 2021-2022 @t1",
"e","b","","65","1653770794845","Shipment.kt","1.1.3 for 2021-2022 @t1",
"k","b",,"66","1653770794875","Shipment.kt","1.1.3 for 2021-2022 @t1",
"e","","b","65","1653770795726","Shipment.kt","1.1.3 for 2021-2022 @t1",
"e","","a","64","1653770795883","Shipment.kt","1.1.3 for 2021-2022 @t1",
"e",""," ","63","1653770796041","Shipment.kt","1.1.3 for 2021-2022 @t1",
"e","a","","63","1653770796906","Shipment.kt","1.1.3 for 2021-2022 @t1",
"k","a",,"64","1653770796906","Shipment.kt","1.1.3 for 2021-2022 @t1",
"e","$","","64","1653770796921","Shipment.kt","1.1.3 for 2021-2022 @t1",
"e","","$","64","1653770797031","Shipment.kt","1.1.3 for 2021-2022 @t1",
"e","b","","64","1653770797032","Shipment.kt","1.1.3 for 2021-2022 @t1",
"k","b",,"65","1653770797046","Shipment.kt","1.1.3 for 2021-2022 @t1",
"e","s","","65","1653770797440","Shipment.kt","1.1.3 for 2021-2022 @t1",
"k","s",,"66","1653770797455","Shipment.kt","1.1.3 for 2021-2022 @t1",
"e","t","","66","1653770797565","Shipment.kt","1.1.3 for 2021-2022 @t1",
"k","t",,"67","1653770797581","Shipment.kt","1.1.3 for 2021-2022 @t1",
"e","r","","67","1653770797722","Shipment.kt","1.1.3 for 2021-2022 @t1",
"k","r",,"68","1653770797722","Shipment.kt","1.1.3 for 2021-2022 @t1",
"e","a","","68","1653770797800","Shipment.kt","1.1.3 for 2021-2022 @t1",
"k","a",,"69","1653770797800","Shipment.kt","1.1.3 for 2021-2022 @t1",
"e","c","","70","1653770797973","Shipment.kt","1.1.3 for 2021-2022 @t1",
"k","c",,"70","1653770797989","Shipment.kt","1.1.3 for 2021-2022 @t1",
"e","t","","70","1653770798130","Shipment.kt","1.1.3 for 2021-2022 @t1",
"k","t",,"71","1653770798146","Shipment.kt","1.1.3 for 2021-2022 @t1",
"e"," ","","71","1653770798210","Shipment.kt","1.1.3 for 2021-2022 @t1",
"k"," ",,"72","1653770798225","Shipment.kt","1.1.3 for 2021-2022 @t1",
"e","package ShipmentTypes

class BulkShipment: {
}","","0","1653770908603","BulkShipment.kt","1.1.3 for 2021-2022 @t1",
"k",":",,"42","1653770908603","BulkShipment.kt","1.1.3 for 2021-2022 @t1",
"e"," ","","42","1653770908776","BulkShipment.kt","1.1.3 for 2021-2022 @t1",
"k"," ",,"43","1653770908776","BulkShipment.kt","1.1.3 for 2021-2022 @t1",
"e","S","","43","1653770909627","BulkShipment.kt","1.1.3 for 2021-2022 @t1",
"k","S",,"44","1653770909627","BulkShipment.kt","1.1.3 for 2021-2022 @t1",
"e"," ","","45","1653770909674","BulkShipment.kt","1.1.3 for 2021-2022 @t1",
"e",""," ","44","1653770909768","BulkShipment.kt","1.1.3 for 2021-2022 @t1",
"e","h","","44","1653770909769","BulkShipment.kt","1.1.3 for 2021-2022 @t1",
"k","h",,"45","1653770909768","BulkShipment.kt","1.1.3 for 2021-2022 @t1",
"e"," ","","46","1653770909784","BulkShipment.kt","1.1.3 for 2021-2022 @t1",
"e",""," ","45","1653770909878","BulkShipment.kt","1.1.3 for 2021-2022 @t1",
"e","i","","45","1653770909879","BulkShipment.kt","1.1.3 for 2021-2022 @t1",
"k","i",,"46","1653770909878","BulkShipment.kt","1.1.3 for 2021-2022 @t1",
"e"," ","","47","1653770909893","BulkShipment.kt","1.1.3 for 2021-2022 @t1",
"e",""," ","46","1653770909988","BulkShipment.kt","1.1.3 for 2021-2022 @t1",
"e","p","","46","1653770909989","BulkShipment.kt","1.1.3 for 2021-2022 @t1",
"k","p",,"47","1653770909988","BulkShipment.kt","1.1.3 for 2021-2022 @t1",
"e"," ","","48","1653770910003","BulkShipment.kt","1.1.3 for 2021-2022 @t1",
"e",""," ","47","1653770910662","BulkShipment.kt","1.1.3 for 2021-2022 @t1",
"e","m","","47","1653770910663","BulkShipment.kt","1.1.3 for 2021-2022 @t1",
"k","m",,"48","1653770910662","BulkShipment.kt","1.1.3 for 2021-2022 @t1",
"e"," ","","49","1653770910693","BulkShipment.kt","1.1.3 for 2021-2022 @t1",
"e",""," ","48","1653770910756","BulkShipment.kt","1.1.3 for 2021-2022 @t1",
"e","e","","48","1653770910757","BulkShipment.kt","1.1.3 for 2021-2022 @t1",
"k","e",,"49","1653770910772","BulkShipment.kt","1.1.3 for 2021-2022 @t1",
"e"," ","","50","1653770910787","BulkShipment.kt","1.1.3 for 2021-2022 @t1",
"e",""," ","49","1653770910882","BulkShipment.kt","1.1.3 for 2021-2022 @t1",
"e","n","","49","1653770910883","BulkShipment.kt","1.1.3 for 2021-2022 @t1",
"k","n",,"50","1653770910882","BulkShipment.kt","1.1.3 for 2021-2022 @t1",
"e"," ","","51","1653770910905","BulkShipment.kt","1.1.3 for 2021-2022 @t1",
"e",""," ","50","1653770910976","BulkShipment.kt","1.1.3 for 2021-2022 @t1",
"e","t","","50","1653770910977","BulkShipment.kt","1.1.3 for 2021-2022 @t1",
"k","t",,"51","1653770910976","BulkShipment.kt","1.1.3 for 2021-2022 @t1",
"e"," ","","52","1653770911039","BulkShipment.kt","1.1.3 for 2021-2022 @t1",
"e",""," ","51","1653770921158","BulkShipment.kt","1.1.3 for 2021-2022 @t1",
"e","(","","51","1653770921159","BulkShipment.kt","1.1.3 for 2021-2022 @t1",
"e",")","","52","1653770921158","BulkShipment.kt","1.1.3 for 2021-2022 @t1",
"k","(",,"52","1653770921158","BulkShipment.kt","1.1.3 for 2021-2022 @t1",
"e","(","","52","1653770922372","BulkShipment.kt","1.1.3 for 2021-2022 @t1",
"e",")","","54","1653770922372","BulkShipment.kt","1.1.3 for 2021-2022 @t1",
"k","(",,"53","1653770922372","BulkShipment.kt","1.1.3 for 2021-2022 @t1",
"k",")",,"54","1653770922372","BulkShipment.kt","1.1.3 for 2021-2022 @t1",
"e","","(","52","1653770923489","BulkShipment.kt","1.1.3 for 2021-2022 @t1",
"e","",")","53","1653770923646","BulkShipment.kt","1.1.3 for 2021-2022 @t1",
"e","i","","52","1653770930857","BulkShipment.kt","1.1.3 for 2021-2022 @t1",
"k","i",,"53","1653770930871","BulkShipment.kt","1.1.3 for 2021-2022 @t1",
"e"," ","","53","1653770930873","BulkShipment.kt","1.1.3 for 2021-2022 @t1",
"e",""," ","53","1653770930971","BulkShipment.kt","1.1.3 for 2021-2022 @t1",
"e","n","","53","1653770930972","BulkShipment.kt","1.1.3 for 2021-2022 @t1",
"k","n",,"54","1653770930971","BulkShipment.kt","1.1.3 for 2021-2022 @t1",
"e"," ","","54","1653770930983","BulkShipment.kt","1.1.3 for 2021-2022 @t1",
"e",""," ","54","1653770931172","BulkShipment.kt","1.1.3 for 2021-2022 @t1",
"e","i","","54","1653770931173","BulkShipment.kt","1.1.3 for 2021-2022 @t1",
"k","i",,"55","1653770931172","BulkShipment.kt","1.1.3 for 2021-2022 @t1",
"e"," ","","55","1653770931187","BulkShipment.kt","1.1.3 for 2021-2022 @t1",
"e","","i ","54","1653770931391","BulkShipment.kt","1.1.3 for 2021-2022 @t1",
"e","","n","53","1653770931548","BulkShipment.kt","1.1.3 for 2021-2022 @t1",
"e","","i","52","1653770931721","BulkShipment.kt","1.1.3 for 2021-2022 @t1",
"e","i","","52","1653770933438","BulkShipment.kt","1.1.3 for 2021-2022 @t1",
"k","i",,"53","1653770933438","BulkShipment.kt","1.1.3 for 2021-2022 @t1",
"e"," ","","53","1653770933454","BulkShipment.kt","1.1.3 for 2021-2022 @t1",
"e",""," ","53","1653770933533","BulkShipment.kt","1.1.3 for 2021-2022 @t1",
"e","n","","53","1653770933534","BulkShipment.kt","1.1.3 for 2021-2022 @t1",
"k","n",,"54","1653770933533","BulkShipment.kt","1.1.3 for 2021-2022 @t1",
"e"," ","","54","1653770933548","BulkShipment.kt","1.1.3 for 2021-2022 @t1",
"e",""," ","54","1653770933690","BulkShipment.kt","1.1.3 for 2021-2022 @t1",
"e","i","","54","1653770933691","BulkShipment.kt","1.1.3 for 2021-2022 @t1",
"k","i",,"55","1653770933690","BulkShipment.kt","1.1.3 for 2021-2022 @t1",
"e"," ","","55","1653770933706","BulkShipment.kt","1.1.3 for 2021-2022 @t1",
"e",""," ","55","1653770934396","BulkShipment.kt","1.1.3 for 2021-2022 @t1",
"e","s","","55","1653770934397","BulkShipment.kt","1.1.3 for 2021-2022 @t1",
"k","s",,"56","1653770934411","BulkShipment.kt","1.1.3 for 2021-2022 @t1",
"e","h","","56","1653770934411","BulkShipment.kt","1.1.3 for 2021-2022 @t1",
"k","h",,"57","1653770934411","BulkShipment.kt","1.1.3 for 2021-2022 @t1",
"e"," ","","57","1653770934458","BulkShipment.kt","1.1.3 for 2021-2022 @t1",
"e","","h ","56","1653770934480","BulkShipment.kt","1.1.3 for 2021-2022 @t1",
"e","","s","55","1653770935244","BulkShipment.kt","1.1.3 for 2021-2022 @t1",
"e","","i","54","1653770935919","BulkShipment.kt","1.1.3 for 2021-2022 @t1",
"e","(","","41","1653770939655","BulkShipment.kt","1.1.3 for 2021-2022 @t1",
"e",")","","42","1653770939655","BulkShipment.kt","1.1.3 for 2021-2022 @t1",
"k","(",,"42","1653770939655","BulkShipment.kt","1.1.3 for 2021-2022 @t1",
"e","i","","42","1653770941356","BulkShipment.kt","1.1.3 for 2021-2022 @t1",
"k","i",,"43","1653770941356","BulkShipment.kt","1.1.3 for 2021-2022 @t1",
"e","

","","23","1653770941356","BulkShipment.kt","1.1.3 for 2021-2022 @t1",
"e","","i","44","1653770941356","BulkShipment.kt","1.1.3 for 2021-2022 @t1",
"e","","

","23","1653770941372","BulkShipment.kt","1.1.3 for 2021-2022 @t1",
"e","i ","","42","1653770941372","BulkShipment.kt","1.1.3 for 2021-2022 @t1",
"e",""," ","43","1653770941419","BulkShipment.kt","1.1.3 for 2021-2022 @t1",
"e","n","","43","1653770941420","BulkShipment.kt","1.1.3 for 2021-2022 @t1",
"k","n",,"44","1653770941419","BulkShipment.kt","1.1.3 for 2021-2022 @t1",
"e"," ","","44","1653770941435","BulkShipment.kt","1.1.3 for 2021-2022 @t1",
"e",""," ","44","1653770941607","BulkShipment.kt","1.1.3 for 2021-2022 @t1",
"e","i","","44","1653770941608","BulkShipment.kt","1.1.3 for 2021-2022 @t1",
"k","i",,"45","1653770941607","BulkShipment.kt","1.1.3 for 2021-2022 @t1",
"e"," ","","45","1653770941654","BulkShipment.kt","1.1.3 for 2021-2022 @t1",
"e",""," ","45","1653770941701","BulkShipment.kt","1.1.3 for 2021-2022 @t1",
"e","t","","45","1653770941702","BulkShipment.kt","1.1.3 for 2021-2022 @t1",
"k","t",,"46","1653770941701","BulkShipment.kt","1.1.3 for 2021-2022 @t1",
"e"," ","","46","1653770941748","BulkShipment.kt","1.1.3 for 2021-2022 @t1",
"e",""," ","46","1653770941779","BulkShipment.kt","1.1.3 for 2021-2022 @t1",
"e","i","","46","1653770941780","BulkShipment.kt","1.1.3 for 2021-2022 @t1",
"k","i",,"47","1653770941779","BulkShipment.kt","1.1.3 for 2021-2022 @t1",
"e"," ","","47","1653770941817","BulkShipment.kt","1.1.3 for 2021-2022 @t1",
"e",""," ","47","1653770941936","BulkShipment.kt","1.1.3 for 2021-2022 @t1",
"e","a","","47","1653770941937","BulkShipment.kt","1.1.3 for 2021-2022 @t1",
"k","a",,"48","1653770941936","BulkShipment.kt","1.1.3 for 2021-2022 @t1",
"e"," ","","48","1653770941952","BulkShipment.kt","1.1.3 for 2021-2022 @t1",
"e",""," ","48","1653770942030","BulkShipment.kt","1.1.3 for 2021-2022 @t1",
"e","l","","48","1653770942031","BulkShipment.kt","1.1.3 for 2021-2022 @t1",
"k","l",,"49","1653770942046","BulkShipment.kt","1.1.3 for 2021-2022 @t1",
"e"," ","","49","1653770942062","BulkShipment.kt","1.1.3 for 2021-2022 @t1",
"e",""," ","49","1653770942203","BulkShipment.kt","1.1.3 for 2021-2022 @t1",
"e"," ","","49","1653770942203","BulkShipment.kt","1.1.3 for 2021-2022 @t1",
"k"," ",,"50","1653770942203","BulkShipment.kt","1.1.3 for 2021-2022 @t1",
"e",""," ","49","1653770942783","BulkShipment.kt","1.1.3 for 2021-2022 @t1",
"e","S","","49","1653770942988","BulkShipment.kt","1.1.3 for 2021-2022 @t1",
"k","S",,"50","1653770942988","BulkShipment.kt","1.1.3 for 2021-2022 @t1",
"e"," ","","50","1653770943004","BulkShipment.kt","1.1.3 for 2021-2022 @t1",
"e",""," ","50","1653770943114","BulkShipment.kt","1.1.3 for 2021-2022 @t1",
"e","h","","50","1653770943115","BulkShipment.kt","1.1.3 for 2021-2022 @t1",
"k","h",,"51","1653770943114","BulkShipment.kt","1.1.3 for 2021-2022 @t1",
"e","i","","51","1653770943193","BulkShipment.kt","1.1.3 for 2021-2022 @t1",
"k","i",,"52","1653770943193","BulkShipment.kt","1.1.3 for 2021-2022 @t1",
"e","p","","52","1653770943273","BulkShipment.kt","1.1.3 for 2021-2022 @t1",
"k","p",,"53","1653770943273","BulkShipment.kt","1.1.3 for 2021-2022 @t1",
"e","m","","53","1653770943446","BulkShipment.kt","1.1.3 for 2021-2022 @t1",
"k","m",,"54","1653770943446","BulkShipment.kt","1.1.3 for 2021-2022 @t1",
"e","e","","54","1653770943571","BulkShipment.kt","1.1.3 for 2021-2022 @t1",
"k","e",,"55","1653770943571","BulkShipment.kt","1.1.3 for 2021-2022 @t1",
"e","n","","55","1653770943666","BulkShipment.kt","1.1.3 for 2021-2022 @t1",
"k","n",,"56","1653770943666","BulkShipment.kt","1.1.3 for 2021-2022 @t1",
"e","t","","56","1653770943761","BulkShipment.kt","1.1.3 for 2021-2022 @t1",
"k","t",,"57","1653770943761","BulkShipment.kt","1.1.3 for 2021-2022 @t1",
"e"," ","","57","1653770943872","BulkShipment.kt","1.1.3 for 2021-2022 @t1",
"k"," ",,"58","1653770943872","BulkShipment.kt","1.1.3 for 2021-2022 @t1",
"e",""," ","57","1653770944391","BulkShipment.kt","1.1.3 for 2021-2022 @t1",
"e",":","","57","1653770944958","BulkShipment.kt","1.1.3 for 2021-2022 @t1",
"k",":",,"58","1653770944958","BulkShipment.kt","1.1.3 for 2021-2022 @t1",
"e"," ","","58","1653770945083","BulkShipment.kt","1.1.3 for 2021-2022 @t1",
"k"," ",,"59","1653770945083","BulkShipment.kt","1.1.3 for 2021-2022 @t1",
"e","S","","59","1653770945329","BulkShipment.kt","1.1.3 for 2021-2022 @t1",
"k","S",,"60","1653770945329","BulkShipment.kt","1.1.3 for 2021-2022 @t1",
"e"," ","","60","1653770945351","BulkShipment.kt","1.1.3 for 2021-2022 @t1",
"e",""," ","60","1653770945445","BulkShipment.kt","1.1.3 for 2021-2022 @t1",
"e","h","","60","1653770945446","BulkShipment.kt","1.1.3 for 2021-2022 @t1",
"k","h",,"61","1653770945445","BulkShipment.kt","1.1.3 for 2021-2022 @t1",
"e"," ","","61","1653770945460","BulkShipment.kt","1.1.3 for 2021-2022 @t1",
"e",""," ","61","1653770945507","BulkShipment.kt","1.1.3 for 2021-2022 @t1",
"e","i","","61","1653770945508","BulkShipment.kt","1.1.3 for 2021-2022 @t1",
"k","i",,"62","1653770945507","BulkShipment.kt","1.1.3 for 2021-2022 @t1",
"e"," ","","62","1653770945523","BulkShipment.kt","1.1.3 for 2021-2022 @t1",
"e",""," ","62","1653770945586","BulkShipment.kt","1.1.3 for 2021-2022 @t1",
"e","p","","62","1653770945587","BulkShipment.kt","1.1.3 for 2021-2022 @t1",
"k","p",,"63","1653770945586","BulkShipment.kt","1.1.3 for 2021-2022 @t1",
"e"," ","","63","1653770945601","BulkShipment.kt","1.1.3 for 2021-2022 @t1",
"e",""," ","63","1653770945758","BulkShipment.kt","1.1.3 for 2021-2022 @t1",
"e","m","","63","1653770945759","BulkShipment.kt","1.1.3 for 2021-2022 @t1",
"k","m",,"64","1653770945758","BulkShipment.kt","1.1.3 for 2021-2022 @t1",
"e"," ","","64","1653770945774","BulkShipment.kt","1.1.3 for 2021-2022 @t1",
"e",""," ","64","1653770945868","BulkShipment.kt","1.1.3 for 2021-2022 @t1",
"e","e","","64","1653770945869","BulkShipment.kt","1.1.3 for 2021-2022 @t1",
"k","e",,"65","1653770945868","BulkShipment.kt","1.1.3 for 2021-2022 @t1",
"e"," ","","65","1653770945900","BulkShipment.kt","1.1.3 for 2021-2022 @t1",
"e",""," ","65","1653770945962","BulkShipment.kt","1.1.3 for 2021-2022 @t1",
"e","n","","65","1653770945963","BulkShipment.kt","1.1.3 for 2021-2022 @t1",
"k","n",,"66","1653770945978","BulkShipment.kt","1.1.3 for 2021-2022 @t1",
"e"," ","","66","1653770945994","BulkShipment.kt","1.1.3 for 2021-2022 @t1",
"e",""," ","66","1653770946292","BulkShipment.kt","1.1.3 for 2021-2022 @t1",
"e","t","","66","1653770946293","BulkShipment.kt","1.1.3 for 2021-2022 @t1",
"k","t",,"67","1653770946292","BulkShipment.kt","1.1.3 for 2021-2022 @t1",
"e","i","","81","1653770948844","BulkShipment.kt","1.1.3 for 2021-2022 @t1",
"k","i",,"82","1653770948844","BulkShipment.kt","1.1.3 for 2021-2022 @t1",
"e"," ","","82","1653770948860","BulkShipment.kt","1.1.3 for 2021-2022 @t1",
"e",""," ","82","1653770949253","BulkShipment.kt","1.1.3 for 2021-2022 @t1",
"e","t","","82","1653770949254","BulkShipment.kt","1.1.3 for 2021-2022 @t1",
"k","t",,"83","1653770949269","BulkShipment.kt","1.1.3 for 2021-2022 @t1",
"e","i","","83","1653770949364","BulkShipment.kt","1.1.3 for 2021-2022 @t1",
"k","i",,"84","1653770949364","BulkShipment.kt","1.1.3 for 2021-2022 @t1",
"e","alShipment","","84","1653770949583","BulkShipment.kt","1.1.3 for 2021-2022 @t1",
"e","","Update","110","1653770957017","Shipment.kt","1.1.3 for 2021-2022 @t1",
"e","Types.Shipment","","110","1653770957018","Shipment.kt","1.1.3 for 2021-2022 @t1",
"e","","ShipmentTypes","102","1653770957048","Shipment.kt","1.1.3 for 2021-2022 @t1",
"e","",".","102","1653770957048","Shipment.kt","1.1.3 for 2021-2022 @t1",
"e","Update","","110","1653770957065","Shipment.kt","1.1.3 for 2021-2022 @t1",
"e",".","","102","1653770962826","Shipment.kt","1.1.3 for 2021-2022 @t1",
"e","","Update","111","1653770962826","Shipment.kt","1.1.3 for 2021-2022 @t1",
"e","ShipmentTypes","","102","1653770962826","Shipment.kt","1.1.3 for 2021-2022 @t1",
"e","","Types.Shipment","110","1653770962826","Shipment.kt","1.1.3 for 2021-2022 @t1",
"e","Update","","110","1653770962827","Shipment.kt","1.1.3 for 2021-2022 @t1",
"e","","Shipment","49","1653770971279","BulkShipment.kt","1.1.3 for 2021-2022 @t1",
"e","

","","23","1653770971295","BulkShipment.kt","1.1.3 for 2021-2022 @t1",
"e","Shipment","","51","1653770971295","BulkShipment.kt","1.1.3 for 2021-2022 @t1",
"e","","

","23","1653770972364","BulkShipment.kt","1.1.3 for 2021-2022 @t1",
"e","","Shipment","49","1653770972364","BulkShipment.kt","1.1.3 for 2021-2022 @t1",
"e","U","","49","1653770972365","BulkShipment.kt","1.1.3 for 2021-2022 @t1",
"k","U",,"50","1653770972364","BulkShipment.kt","1.1.3 for 2021-2022 @t1",
"e","","U","49","1653770972380","BulkShipment.kt","1.1.3 for 2021-2022 @t1",
"e","Shipment","","49","1653770972381","BulkShipment.kt","1.1.3 for 2021-2022 @t1",
"e","","Shipment","49","1653770972380","BulkShipment.kt","1.1.3 for 2021-2022 @t1",
"e","U ","","49","1653770972381","BulkShipment.kt","1.1.3 for 2021-2022 @t1",
"e",""," ","50","1653770972474","BulkShipment.kt","1.1.3 for 2021-2022 @t1",
"e","p","","50","1653770972475","BulkShipment.kt","1.1.3 for 2021-2022 @t1",
"k","p",,"51","1653770972474","BulkShipment.kt","1.1.3 for 2021-2022 @t1",
"e","d","","51","1653770972569","BulkShipment.kt","1.1.3 for 2021-2022 @t1",
"k","d",,"52","1653770972569","BulkShipment.kt","1.1.3 for 2021-2022 @t1",
"e","a","","52","1653770972648","BulkShipment.kt","1.1.3 for 2021-2022 @t1",
"k","a",,"53","1653770972648","BulkShipment.kt","1.1.3 for 2021-2022 @t1",
"e","t","","53","1653770972758","BulkShipment.kt","1.1.3 for 2021-2022 @t1",
"k","t",,"54","1653770972758","BulkShipment.kt","1.1.3 for 2021-2022 @t1",
"e","e","","54","1653770972821","BulkShipment.kt","1.1.3 for 2021-2022 @t1",
"k","e",,"55","1653770972821","BulkShipment.kt","1.1.3 for 2021-2022 @t1",
"e","","Shipment","57","1653770974315","BulkShipment.kt","1.1.3 for 2021-2022 @t1",
"e","U","","57","1653770974788","BulkShipment.kt","1.1.3 for 2021-2022 @t1",
"k","U",,"58","1653770974788","BulkShipment.kt","1.1.3 for 2021-2022 @t1",
"e"," ","","58","1653770974804","BulkShipment.kt","1.1.3 for 2021-2022 @t1",
"e",""," ","58","1653770974919","BulkShipment.kt","1.1.3 for 2021-2022 @t1",
"e","p","","58","1653770974920","BulkShipment.kt","1.1.3 for 2021-2022 @t1",
"k","p",,"59","1653770974919","BulkShipment.kt","1.1.3 for 2021-2022 @t1",
"e"," ","","59","1653770974929","BulkShipment.kt","1.1.3 for 2021-2022 @t1",
"e",""," ","59","1653770975102","BulkShipment.kt","1.1.3 for 2021-2022 @t1",
"e","d","","59","1653770975103","BulkShipment.kt","1.1.3 for 2021-2022 @t1",
"k","d",,"60","1653770975102","BulkShipment.kt","1.1.3 for 2021-2022 @t1",
"e"," ","","60","1653770975134","BulkShipment.kt","1.1.3 for 2021-2022 @t1",
"e",""," ","60","1653770975384","BulkShipment.kt","1.1.3 for 2021-2022 @t1",
"e","a","","60","1653770975385","BulkShipment.kt","1.1.3 for 2021-2022 @t1",
"k","a",,"61","1653770975384","BulkShipment.kt","1.1.3 for 2021-2022 @t1",
"e","t","","61","1653770975510","BulkShipment.kt","1.1.3 for 2021-2022 @t1",
"k","t",,"62","1653770975521","BulkShipment.kt","1.1.3 for 2021-2022 @t1",
"e","e","","62","1653770975588","BulkShipment.kt","1.1.3 for 2021-2022 @t1",
"k","e",,"63","1653770975588","BulkShipment.kt","1.1.3 for 2021-2022 @t1",
"e","","Update","57","1653770978799","BulkShipment.kt","1.1.3 for 2021-2022 @t1",
"e","S","","57","1653770979540","BulkShipment.kt","1.1.3 for 2021-2022 @t1",
"k","S",,"58","1653770979540","BulkShipment.kt","1.1.3 for 2021-2022 @t1",
"e"," ","","58","1653770979556","BulkShipment.kt","1.1.3 for 2021-2022 @t1",
"e",""," ","58","1653770979665","BulkShipment.kt","1.1.3 for 2021-2022 @t1",
"e","h","","58","1653770979666","BulkShipment.kt","1.1.3 for 2021-2022 @t1",
"k","h",,"59","1653770979665","BulkShipment.kt","1.1.3 for 2021-2022 @t1",
"e"," ","","59","1653770979681","BulkShipment.kt","1.1.3 for 2021-2022 @t1",
"e",""," ","59","1653770979735","BulkShipment.kt","1.1.3 for 2021-2022 @t1",
"e","i","","59","1653770979736","BulkShipment.kt","1.1.3 for 2021-2022 @t1",
"k","i",,"60","1653770979735","BulkShipment.kt","1.1.3 for 2021-2022 @t1",
"e"," ","","60","1653770979744","BulkShipment.kt","1.1.3 for 2021-2022 @t1",
"e",""," ","60","1653770979901","BulkShipment.kt","1.1.3 for 2021-2022 @t1",
"e","p","","60","1653770979902","BulkShipment.kt","1.1.3 for 2021-2022 @t1",
"k","p",,"61","1653770979901","BulkShipment.kt","1.1.3 for 2021-2022 @t1",
"e"," ","","61","1653770979948","BulkShipment.kt","1.1.3 for 2021-2022 @t1",
"e",""," ","61","1653770980073","BulkShipment.kt","1.1.3 for 2021-2022 @t1",
"e","m","","61","1653770980074","BulkShipment.kt","1.1.3 for 2021-2022 @t1",
"k","m",,"62","1653770980073","BulkShipment.kt","1.1.3 for 2021-2022 @t1",
"e"," ","","62","1653770980089","BulkShipment.kt","1.1.3 for 2021-2022 @t1",
"e",""," ","62","1653770980151","BulkShipment.kt","1.1.3 for 2021-2022 @t1",
"e","e","","62","1653770980152","BulkShipment.kt","1.1.3 for 2021-2022 @t1",
"k","e",,"63","1653770980167","BulkShipment.kt","1.1.3 for 2021-2022 @t1",
"e"," ","","63","1653770980183","BulkShipment.kt","1.1.3 for 2021-2022 @t1",
"e",""," ","63","1653770981489","BulkShipment.kt","1.1.3 for 2021-2022 @t1",
"e","ntUpdate","","63","1653770981490","BulkShipment.kt","1.1.3 for 2021-2022 @t1",
"e","
 ","","21","1653770981505","BulkShipment.kt","1.1.3 for 2021-2022 @t1",
"e","import UpdateStrategies.ShipmentUpdate","","23","1653770981505","BulkShipment.kt","1.1.3 for 2021-2022 @t1",
"e",""," ","22","1653770981521","BulkShipment.kt","1.1.3 for 2021-2022 @t1",
"e","
","","22","1653770981522","BulkShipment.kt","1.1.3 for 2021-2022 @t1",
"e","","initialShipment","123","1653770983648","BulkShipment.kt","1.1.3 for 2021-2022 @t1",
"e","i","","123","1653770984404","BulkShipment.kt","1.1.3 for 2021-2022 @t1",
"k","i",,"124","1653770984404","BulkShipment.kt","1.1.3 for 2021-2022 @t1",
"e","","import UpdateStrategies.ShipmentUpdate

","23","1653770984420","BulkShipment.kt","1.1.3 for 2021-2022 @t1",
"e"," ","","84","1653770984420","BulkShipment.kt","1.1.3 for 2021-2022 @t1",
"e","import UpdateStrategies.ShipmentUpdate

","","23","1653770984420","BulkShipment.kt","1.1.3 for 2021-2022 @t1",
"e",""," ","124","1653770984514","BulkShipment.kt","1.1.3 for 2021-2022 @t1",
"e","n","","124","1653770984515","BulkShipment.kt","1.1.3 for 2021-2022 @t1",
"k","n",,"125","1653770984514","BulkShipment.kt","1.1.3 for 2021-2022 @t1",
"e"," ","","125","1653770984530","BulkShipment.kt","1.1.3 for 2021-2022 @t1",
"e",""," ","125","1653770984655","BulkShipment.kt","1.1.3 for 2021-2022 @t1",
"e","i","","125","1653770984656","BulkShipment.kt","1.1.3 for 2021-2022 @t1",
"k","i",,"126","1653770984655","BulkShipment.kt","1.1.3 for 2021-2022 @t1",
"e"," ","","126","1653770984655","BulkShipment.kt","1.1.3 for 2021-2022 @t1",
"e",""," ","126","1653770984828","BulkShipment.kt","1.1.3 for 2021-2022 @t1",
"e","t","","126","1653770984829","BulkShipment.kt","1.1.3 for 2021-2022 @t1",
"k","t",,"127","1653770984828","BulkShipment.kt","1.1.3 for 2021-2022 @t1",
"e"," ","","127","1653770984843","BulkShipment.kt","1.1.3 for 2021-2022 @t1",
"e",""," ","127","1653770984922","BulkShipment.kt","1.1.3 for 2021-2022 @t1",
"e","i","","127","1653770984923","BulkShipment.kt","1.1.3 for 2021-2022 @t1",
"k","i",,"128","1653770984938","BulkShipment.kt","1.1.3 for 2021-2022 @t1",
"e"," ","","128","1653770984951","BulkShipment.kt","1.1.3 for 2021-2022 @t1",
"e",""," ","128","1653770985299","BulkShipment.kt","1.1.3 for 2021-2022 @t1",
"e","alUpdate","","128","1653770985299","BulkShipment.kt","1.1.3 for 2021-2022 @t1",
"p","(initialUpdate: ShipmentUpdate): Shipment(initialUpdate) ",,"45","1653770998049","ExpressShipment.kt","1.1.3 for 2021-2022 @t1",
"e"," (initialUpdate: ShipmentUpdate): Shipment(initialUpdate)","","44","1653770998065","ExpressShipment.kt","1.1.3 for 2021-2022 @t1",
"e","_root_ide_package_.UpdateStrategies.","","61","1653770998207","ExpressShipment.kt","1.1.3 for 2021-2022 @t1",
"e","
 ","","21","1653770998207","ExpressShipment.kt","1.1.3 for 2021-2022 @t1",
"e","import UpdateStrategies.ShipmentUpdate","","23","1653770998222","ExpressShipment.kt","1.1.3 for 2021-2022 @t1",
"e","","_root_ide_package_.UpdateStrategies","101","1653770998222","ExpressShipment.kt","1.1.3 for 2021-2022 @t1",
"e","",".","101","1653770998222","ExpressShipment.kt","1.1.3 for 2021-2022 @t1",
"e",""," ","22","1653770998238","ExpressShipment.kt","1.1.3 for 2021-2022 @t1",
"e","
","","22","1653770998239","ExpressShipment.kt","1.1.3 for 2021-2022 @t1",
"e","","import UpdateStrategies.ShipmentUpdate","23","1653770998331","ExpressShipment.kt","1.1.3 for 2021-2022 @t1",
"e","

","","23","1653770998332","ExpressShipment.kt","1.1.3 for 2021-2022 @t1",
"e","","

","23","1653771000771","ExpressShipment.kt","1.1.3 for 2021-2022 @t1",
"e","import UpdateStrategies.ShipmentUpdate","","23","1653771000772","ExpressShipment.kt","1.1.3 for 2021-2022 @t1",
"e",""," ","84","1653771000771","ExpressShipment.kt","1.1.3 for 2021-2022 @t1",
"p"," ",,"47","1653771004343","OvernightShipment.kt","1.1.3 for 2021-2022 @t1",
"e"," ","","47","1653771004343","OvernightShipment.kt","1.1.3 for 2021-2022 @t1",
"e","

","","23","1653771004359","OvernightShipment.kt","1.1.3 for 2021-2022 @t1",
"e",""," ","49","1653771004359","OvernightShipment.kt","1.1.3 for 2021-2022 @t1",
"p","(initialUpdate: ShipmentUpdate): Shipment(initialUpdate)",,"47","1653771015534","OvernightShipment.kt","1.1.3 for 2021-2022 @t1",
"e","","

","23","1653771015549","OvernightShipment.kt","1.1.3 for 2021-2022 @t1",
"e"," (initialUpdate: ShipmentUpdate): Shipment(initialUpdate)","","46","1653771015549","OvernightShipment.kt","1.1.3 for 2021-2022 @t1",
"e","_root_ide_package_.UpdateStrategies.","","63","1653771015643","OvernightShipment.kt","1.1.3 for 2021-2022 @t1",
"e","
 ","","21","1653771015659","OvernightShipment.kt","1.1.3 for 2021-2022 @t1",
"e","import UpdateStrategies.ShipmentUpdate","","23","1653771015665","OvernightShipment.kt","1.1.3 for 2021-2022 @t1",
"e","","_root_ide_package_.UpdateStrategies","103","1653771015675","OvernightShipment.kt","1.1.3 for 2021-2022 @t1",
"e","",".","103","1653771015675","OvernightShipment.kt","1.1.3 for 2021-2022 @t1",
"e",""," ","22","1653771015675","OvernightShipment.kt","1.1.3 for 2021-2022 @t1",
"e","
","","22","1653771015676","OvernightShipment.kt","1.1.3 for 2021-2022 @t1",
"e","","import UpdateStrategies.ShipmentUpdate","23","1653771015706","OvernightShipment.kt","1.1.3 for 2021-2022 @t1",
"e","

","","23","1653771015707","OvernightShipment.kt","1.1.3 for 2021-2022 @t1",
"p","(initialUpdate: ShipmentUpdate): Shipment(initialUpdate)",,"46","1653771019376","StandardShipment.kt","1.1.3 for 2021-2022 @t1",
"e","(initialUpdate: ShipmentUpdate): Shipment(initialUpdate)","","46","1653771019376","StandardShipment.kt","1.1.3 for 2021-2022 @t1",
"e","_root_ide_package_.UpdateStrategies.","","62","1653771019437","StandardShipment.kt","1.1.3 for 2021-2022 @t1",
"e","
 ","","21","1653771019453","StandardShipment.kt","1.1.3 for 2021-2022 @t1",
"e","import UpdateStrategies.ShipmentUpdate","","23","1653771019453","StandardShipment.kt","1.1.3 for 2021-2022 @t1",
"e","","_root_ide_package_.UpdateStrategies","102","1653771019469","StandardShipment.kt","1.1.3 for 2021-2022 @t1",
"e","",".","102","1653771019469","StandardShipment.kt","1.1.3 for 2021-2022 @t1",
"e",""," ","22","1653771019476","StandardShipment.kt","1.1.3 for 2021-2022 @t1",
"e","
","","22","1653771019477","StandardShipment.kt","1.1.3 for 2021-2022 @t1",
"e","","import UpdateStrategies.ShipmentUpdate","23","1653771019485","StandardShipment.kt","1.1.3 for 2021-2022 @t1",
"e","

","","23","1653771019486","StandardShipment.kt","1.1.3 for 2021-2022 @t1",
"e","","

","23","1653771024174","StandardShipment.kt","1.1.3 for 2021-2022 @t1",
"e","import UpdateStrategies.ShipmentUpdate","","23","1653771024175","StandardShipment.kt","1.1.3 for 2021-2022 @t1",
"e",""," ","85","1653771024174","StandardShipment.kt","1.1.3 for 2021-2022 @t1",
"e","","

","23","1653771027604","OvernightShipment.kt","1.1.3 for 2021-2022 @t1",
"e","import UpdateStrategies.ShipmentUpdate","","23","1653771027605","OvernightShipment.kt","1.1.3 for 2021-2022 @t1",
"e",""," ","86","1653771027604","OvernightShipment.kt","1.1.3 for 2021-2022 @t1",
"e","

","","23","1653771027604","OvernightShipment.kt","1.1.3 for 2021-2022 @t1",
"e","
","","65","1653771027604","OvernightShipment.kt","1.1.3 for 2021-2022 @t1",
"e","
","","66","1653771027605","OvernightShipment.kt","1.1.3 for 2021-2022 @t1",
"e"," ","","90","1653771027604","OvernightShipment.kt","1.1.3 for 2021-2022 @t1",
"e","

import UpdateStrategies.ShipmentUpdate

abstract class Shipment(initialUpdate: ShipmentUpdate) {
    val shipmentNotes = mutableListOf<String>()
    val shipmentUpdateHistory = mutableListOf<ShipmentUpdate>()
    val shipmentId = initialUpdate.shipmentId
    var newStatus = initialUpdate.newStatus
    var expectedDeliveryDateTimestamp = initialUpdate.expectedDelivery
    var currentLocation = initialUpdate.location
    init {
        shipmentUpdateHistory.add(initialUpdate)
    }


    fun update(shipmentUpdate: ShipmentUpdate) {
        shipmentUpdateHistory.add(shipmentUpdate)
        newStatus = shipmentUpdate.newStatus?: newStatus
        expectedDeliveryDateTimestamp = shipmentUpdate.expectedDelivery ?: expectedDeliveryDateTimestamp
        currentLocation = shipmentUpdate.location ?: currentLocation
        if (shipmentUpdate.note != null) {
            shipmentNotes.add(shipmentUpdate.note)
        }
    }
}","","0","1654225128692","Shipment.kt","1.1.3 for 2021-2022 @t1",
"e","","

","0","1654225128695","Shipment.kt","1.1.3 for 2021-2022 @t1",
"e","package ShipmentTypes

import Shipmentimport UpdateStrategies.ShipmentUpdate

class BulkShipment(initialUpdate: ShipmentUpdate): Shipment(initialUpdate) {
}","","0","1654225129131","BulkShipment.kt","1.1.3 for 2021-2022 @t1",
"e","package ShipmentTypes

import Shipmentimport UpdateStrategies.ShipmentUpdate

class ExpressShipment(initialUpdate: ShipmentUpdate): Shipment(initialUpdate) {
}","","0","1654225129141","ExpressShipment.kt","1.1.3 for 2021-2022 @t1",
"e","package ShipmentTypes

import Shipmentimport UpdateStrategies.ShipmentUpdate

class OvernightShipment(initialUpdate: ShipmentUpdate): Shipment(initialUpdate) {
}","","0","1654225129150","OvernightShipment.kt","1.1.3 for 2021-2022 @t1",
"e","package ShipmentTypes

import Shipmentimport UpdateStrategies.ShipmentUpdate

class StandardShipment(initialUpdate: ShipmentUpdate): Shipment(initialUpdate){
}","","0","1654225129158","StandardShipment.kt","1.1.3 for 2021-2022 @t1",
"e","
","","38","1654225129241","OvernightShipment.kt","1.1.3 for 2021-2022 @t1",
"e","
","","38","1654225129246","StandardShipment.kt","1.1.3 for 2021-2022 @t1",
"e","
","","38","1654225129252","ExpressShipment.kt","1.1.3 for 2021-2022 @t1",
"e","
","","38","1654225129282","BulkShipment.kt","1.1.3 for 2021-2022 @t1",
"e","package ShipmentTypes

class InvalidShipment {
}","","0","1654372264753","InvalidShipment.kt","1.1.3 for 2021-2022 @t1",
"e","(","","44","1654372272757","InvalidShipment.kt","1.1.3 for 2021-2022 @t1",
"e",")","","45","1654372272760","InvalidShipment.kt","1.1.3 for 2021-2022 @t1",
"k","(",,"45","1654372272763","InvalidShipment.kt","1.1.3 for 2021-2022 @t1",
"e","i","","45","1654372274055","InvalidShipment.kt","1.1.3 for 2021-2022 @t1",
"k","i",,"46","1654372274056","InvalidShipment.kt","1.1.3 for 2021-2022 @t1",
"e","

","","23","1654372274063","InvalidShipment.kt","1.1.3 for 2021-2022 @t1",
"e","","i","47","1654372274063","InvalidShipment.kt","1.1.3 for 2021-2022 @t1",
"e","

","","23","1654372274090","InvalidShipment.kt","1.1.3 for 2021-2022 @t1",
"e","","

","23","1654372274090","InvalidShipment.kt","1.1.3 for 2021-2022 @t1",
"e","","

","23","1654372274105","InvalidShipment.kt","1.1.3 for 2021-2022 @t1",
"e","i ","","45","1654372274105","InvalidShipment.kt","1.1.3 for 2021-2022 @t1",
"e",""," ","46","1654372274137","InvalidShipment.kt","1.1.3 for 2021-2022 @t1",
"e","n","","46","1654372274138","InvalidShipment.kt","1.1.3 for 2021-2022 @t1",
"k","n",,"47","1654372274137","InvalidShipment.kt","1.1.3 for 2021-2022 @t1",
"e"," ","","47","1654372274152","InvalidShipment.kt","1.1.3 for 2021-2022 @t1",
"e",""," ","47","1654372274273","InvalidShipment.kt","1.1.3 for 2021-2022 @t1",
"e","i","","47","1654372274274","InvalidShipment.kt","1.1.3 for 2021-2022 @t1",
"k","i",,"48","1654372274275","InvalidShipment.kt","1.1.3 for 2021-2022 @t1",
"e"," ","","48","1654372274290","InvalidShipment.kt","1.1.3 for 2021-2022 @t1",
"e",""," ","48","1654372274435","InvalidShipment.kt","1.1.3 for 2021-2022 @t1",
"e","t","","48","1654372274436","InvalidShipment.kt","1.1.3 for 2021-2022 @t1",
"k","t",,"49","1654372274436","InvalidShipment.kt","1.1.3 for 2021-2022 @t1",
"e"," ","","49","1654372274451","InvalidShipment.kt","1.1.3 for 2021-2022 @t1",
"e",""," ","49","1654372274699","InvalidShipment.kt","1.1.3 for 2021-2022 @t1",
"e","i","","49","1654372274700","InvalidShipment.kt","1.1.3 for 2021-2022 @t1",
"k","i",,"50","1654372274704","InvalidShipment.kt","1.1.3 for 2021-2022 @t1",
"e","a","","50","1654372274716","InvalidShipment.kt","1.1.3 for 2021-2022 @t1",
"k","a",,"51","1654372274722","InvalidShipment.kt","1.1.3 for 2021-2022 @t1",
"e"," ","","51","1654372274763","InvalidShipment.kt","1.1.3 for 2021-2022 @t1",
"e",""," ","51","1654372274778","InvalidShipment.kt","1.1.3 for 2021-2022 @t1",
"e","l","","51","1654372274779","InvalidShipment.kt","1.1.3 for 2021-2022 @t1",
"k","l",,"52","1654372274783","InvalidShipment.kt","1.1.3 for 2021-2022 @t1",
"e"," ","","52","1654372274838","InvalidShipment.kt","1.1.3 for 2021-2022 @t1",
"e",""," ","52","1654372275458","InvalidShipment.kt","1.1.3 for 2021-2022 @t1",
"e","U","","52","1654372275459","InvalidShipment.kt","1.1.3 for 2021-2022 @t1",
"k","U",,"53","1654372275463","InvalidShipment.kt","1.1.3 for 2021-2022 @t1",
"e"," ","","53","1654372275479","InvalidShipment.kt","1.1.3 for 2021-2022 @t1",
"e",""," ","53","1654372275673","InvalidShipment.kt","1.1.3 for 2021-2022 @t1",
"e","p","","53","1654372275674","InvalidShipment.kt","1.1.3 for 2021-2022 @t1",
"k","p",,"54","1654372275677","InvalidShipment.kt","1.1.3 for 2021-2022 @t1",
"e"," ","","54","1654372275693","InvalidShipment.kt","1.1.3 for 2021-2022 @t1",
"e",""," ","54","1654372276444","InvalidShipment.kt","1.1.3 for 2021-2022 @t1",
"e","d","","54","1654372276445","InvalidShipment.kt","1.1.3 for 2021-2022 @t1",
"k","d",,"55","1654372276448","InvalidShipment.kt","1.1.3 for 2021-2022 @t1",
"e"," ","","55","1654372276463","InvalidShipment.kt","1.1.3 for 2021-2022 @t1",
"e",""," ","55","1654372276558","InvalidShipment.kt","1.1.3 for 2021-2022 @t1",
"e","a","","55","1654372276559","InvalidShipment.kt","1.1.3 for 2021-2022 @t1",
"k","a",,"56","1654372276561","InvalidShipment.kt","1.1.3 for 2021-2022 @t1",
"e"," ","","56","1654372276580","InvalidShipment.kt","1.1.3 for 2021-2022 @t1",
"e",""," ","56","1654372276696","InvalidShipment.kt","1.1.3 for 2021-2022 @t1",
"e","t","","56","1654372276697","InvalidShipment.kt","1.1.3 for 2021-2022 @t1",
"k","t",,"57","1654372276700","InvalidShipment.kt","1.1.3 for 2021-2022 @t1",
"e"," ","","57","1654372276715","InvalidShipment.kt","1.1.3 for 2021-2022 @t1",
"e",""," ","57","1654372276782","InvalidShipment.kt","1.1.3 for 2021-2022 @t1",
"e","e","","57","1654372276783","InvalidShipment.kt","1.1.3 for 2021-2022 @t1",
"k","e",,"58","1654372276786","InvalidShipment.kt","1.1.3 for 2021-2022 @t1",
"e"," ","","58","1654372276799","InvalidShipment.kt","1.1.3 for 2021-2022 @t1",
"e",""," ","58","1654372277094","InvalidShipment.kt","1.1.3 for 2021-2022 @t1",
"e",":","","58","1654372277095","InvalidShipment.kt","1.1.3 for 2021-2022 @t1",
"k",":",,"59","1654372277101","InvalidShipment.kt","1.1.3 for 2021-2022 @t1",
"e"," ","","59","1654372277215","InvalidShipment.kt","1.1.3 for 2021-2022 @t1",
"k"," ",,"60","1654372277215","InvalidShipment.kt","1.1.3 for 2021-2022 @t1",
"e","S","","60","1654372277899","InvalidShipment.kt","1.1.3 for 2021-2022 @t1",
"k","S",,"61","1654372277900","InvalidShipment.kt","1.1.3 for 2021-2022 @t1",
"e"," ","","61","1654372277950","InvalidShipment.kt","1.1.3 for 2021-2022 @t1",
"e",""," ","61","1654372278036","InvalidShipment.kt","1.1.3 for 2021-2022 @t1",
"e","h","","61","1654372278037","InvalidShipment.kt","1.1.3 for 2021-2022 @t1",
"k","h",,"62","1654372278037","InvalidShipment.kt","1.1.3 for 2021-2022 @t1",
"e"," ","","62","1654372278050","InvalidShipment.kt","1.1.3 for 2021-2022 @t1",
"e",""," ","62","1654372278117","InvalidShipment.kt","1.1.3 for 2021-2022 @t1",
"e","i","","62","1654372278118","InvalidShipment.kt","1.1.3 for 2021-2022 @t1",
"k","i",,"63","1654372278118","InvalidShipment.kt","1.1.3 for 2021-2022 @t1",
"e"," ","","63","1654372278130","InvalidShipment.kt","1.1.3 for 2021-2022 @t1",
"e",""," ","63","1654372278229","InvalidShipment.kt","1.1.3 for 2021-2022 @t1",
"e","p","","63","1654372278230","InvalidShipment.kt","1.1.3 for 2021-2022 @t1",
"k","p",,"64","1654372278230","InvalidShipment.kt","1.1.3 for 2021-2022 @t1",
"e"," ","","64","1654372278241","InvalidShipment.kt","1.1.3 for 2021-2022 @t1",
"e",""," ","64","1654372278396","InvalidShipment.kt","1.1.3 for 2021-2022 @t1",
"e","m","","64","1654372278397","InvalidShipment.kt","1.1.3 for 2021-2022 @t1",
"k","m",,"65","1654372278407","InvalidShipment.kt","1.1.3 for 2021-2022 @t1",
"e","e","","65","1654372278558","InvalidShipment.kt","1.1.3 for 2021-2022 @t1",
"k","e",,"66","1654372278568","InvalidShipment.kt","1.1.3 for 2021-2022 @t1",
"e","n","","66","1654372278641","InvalidShipment.kt","1.1.3 for 2021-2022 @t1",
"k","n",,"67","1654372278650","InvalidShipment.kt","1.1.3 for 2021-2022 @t1",
"a","Choose Lookup Item Replace",,,"1654372279477","InvalidShipment.kt","1.1.3 for 2021-2022 @t1",
"e","tUpdate","","67","1654372279483","InvalidShipment.kt","1.1.3 for 2021-2022 @t1",
"e","
 ","","21","1654372279515","InvalidShipment.kt","1.1.3 for 2021-2022 @t1",
"e","import UpdateStrategies.ShipmentUpdate","","23","1654372279519","InvalidShipment.kt","1.1.3 for 2021-2022 @t1",
"e",""," ","22","1654372279551","InvalidShipment.kt","1.1.3 for 2021-2022 @t1",
"e","
","","22","1654372279552","InvalidShipment.kt","1.1.3 for 2021-2022 @t1",
"a","VimInsertExitModeAction",,,"1654372279847","InvalidShipment.kt","1.1.3 for 2021-2022 @t1",
"a","VimMotionRightAction",,,"1654372279954","InvalidShipment.kt","1.1.3 for 2021-2022 @t1",
"a","VimInsertAfterCursorAction",,,"1654372280183","InvalidShipment.kt","1.1.3 for 2021-2022 @t1",
"e",":","","115","1654372281564","InvalidShipment.kt","1.1.3 for 2021-2022 @t1",
"k",":",,"116","1654372281570","InvalidShipment.kt","1.1.3 for 2021-2022 @t1",
"e"," ","","116","1654372281779","InvalidShipment.kt","1.1.3 for 2021-2022 @t1",
"k"," ",,"117","1654372281780","InvalidShipment.kt","1.1.3 for 2021-2022 @t1",
"e","S","","117","1654372282298","InvalidShipment.kt","1.1.3 for 2021-2022 @t1",
"k","S",,"118","1654372282299","InvalidShipment.kt","1.1.3 for 2021-2022 @t1",
"e","import UpdateStrategies.ShipmentUpdate

","","23","1654372282314","InvalidShipment.kt","1.1.3 for 2021-2022 @t1",
"e","","import UpdateStrategies.ShipmentUpdate

","23","1654372282314","InvalidShipment.kt","1.1.3 for 2021-2022 @t1",
"e"," ","","79","1654372282314","InvalidShipment.kt","1.1.3 for 2021-2022 @t1",
"e",""," ","118","1654372284424","InvalidShipment.kt","1.1.3 for 2021-2022 @t1",
"e","h","","118","1654372284425","InvalidShipment.kt","1.1.3 for 2021-2022 @t1",
"k","h",,"119","1654372284432","InvalidShipment.kt","1.1.3 for 2021-2022 @t1",
"e"," ","","120","1654372284456","InvalidShipment.kt","1.1.3 for 2021-2022 @t1",
"e",""," ","119","1654372284592","InvalidShipment.kt","1.1.3 for 2021-2022 @t1",
"e","i","","119","1654372284593","InvalidShipment.kt","1.1.3 for 2021-2022 @t1",
"k","i",,"120","1654372284598","InvalidShipment.kt","1.1.3 for 2021-2022 @t1",
"e"," ","","121","1654372284623","InvalidShipment.kt","1.1.3 for 2021-2022 @t1",
"e",""," ","120","1654372284689","InvalidShipment.kt","1.1.3 for 2021-2022 @t1",
"e","p","","120","1654372284690","InvalidShipment.kt","1.1.3 for 2021-2022 @t1",
"k","p",,"121","1654372284697","InvalidShipment.kt","1.1.3 for 2021-2022 @t1",
"e"," ","","122","1654372284749","InvalidShipment.kt","1.1.3 for 2021-2022 @t1",
"e",""," ","121","1654372285034","InvalidShipment.kt","1.1.3 for 2021-2022 @t1",
"e","m","","121","1654372285035","InvalidShipment.kt","1.1.3 for 2021-2022 @t1",
"k","m",,"122","1654372285048","InvalidShipment.kt","1.1.3 for 2021-2022 @t1",
"a","Choose Lookup Item Replace",,,"1654372285599","InvalidShipment.kt","1.1.3 for 2021-2022 @t1",
"e","ent","","122","1654372285609","InvalidShipment.kt","1.1.3 for 2021-2022 @t1",
"e","import Shipment","","23","1654372285634","InvalidShipment.kt","1.1.3 for 2021-2022 @t1",
"e","
","","38","1654372285638","InvalidShipment.kt","1.1.3 for 2021-2022 @t1",
"a","VimInsertExitModeAction",,,"1654372286200","InvalidShipment.kt","1.1.3 for 2021-2022 @t1",
"a","VimExEntryAction",,,"1654372286410","InvalidShipment.kt","1.1.3 for 2021-2022 @t1",
"a","VimProcessExEntryAction",,,"1654372286765","InvalidShipment.kt","1.1.3 for 2021-2022 @t1",
"a","VimInsertAfterCursorAction",,,"1654372287390","InvalidShipment.kt","1.1.3 for 2021-2022 @t1",
"e","(","","141","1654372288675","InvalidShipment.kt","1.1.3 for 2021-2022 @t1",
"e",")","","142","1654372288680","InvalidShipment.kt","1.1.3 for 2021-2022 @t1",
"k","(",,"142","1654372288683","InvalidShipment.kt","1.1.3 for 2021-2022 @t1",
"e","i","","142","1654372289814","InvalidShipment.kt","1.1.3 for 2021-2022 @t1",
"k","i",,"143","1654372289817","InvalidShipment.kt","1.1.3 for 2021-2022 @t1",
"e","","import Shipment
","23","1654372289834","InvalidShipment.kt","1.1.3 for 2021-2022 @t1",
"e"," ","","127","1654372289834","InvalidShipment.kt","1.1.3 for 2021-2022 @t1",
"e","import Shipment
","","23","1654372289834","InvalidShipment.kt","1.1.3 for 2021-2022 @t1",
"e",""," ","143","1654372289921","InvalidShipment.kt","1.1.3 for 2021-2022 @t1",
"e","n","","143","1654372289922","InvalidShipment.kt","1.1.3 for 2021-2022 @t1",
"k","n",,"144","1654372289922","InvalidShipment.kt","1.1.3 for 2021-2022 @t1",
"e"," ","","144","1654372289936","InvalidShipment.kt","1.1.3 for 2021-2022 @t1",
"e",""," ","144","1654372290067","InvalidShipment.kt","1.1.3 for 2021-2022 @t1",
"e","i","","144","1654372290068","InvalidShipment.kt","1.1.3 for 2021-2022 @t1",
"k","i",,"145","1654372290068","InvalidShipment.kt","1.1.3 for 2021-2022 @t1",
"e"," ","","145","1654372290082","InvalidShipment.kt","1.1.3 for 2021-2022 @t1",
"e",""," ","145","1654372290313","InvalidShipment.kt","1.1.3 for 2021-2022 @t1",
"e","t","","145","1654372290314","InvalidShipment.kt","1.1.3 for 2021-2022 @t1",
"k","t",,"146","1654372290315","InvalidShipment.kt","1.1.3 for 2021-2022 @t1",
"e"," ","","146","1654372290326","InvalidShipment.kt","1.1.3 for 2021-2022 @t1",
"e",""," ","146","1654372290427","InvalidShipment.kt","1.1.3 for 2021-2022 @t1",
"e","i","","146","1654372290428","InvalidShipment.kt","1.1.3 for 2021-2022 @t1",
"k","i",,"147","1654372290428","InvalidShipment.kt","1.1.3 for 2021-2022 @t1",
"e"," ","","147","1654372290480","InvalidShipment.kt","1.1.3 for 2021-2022 @t1",
"e",""," ","147","1654372290562","InvalidShipment.kt","1.1.3 for 2021-2022 @t1",
"e","a","","147","1654372290563","InvalidShipment.kt","1.1.3 for 2021-2022 @t1",
"k","a",,"148","1654372290563","InvalidShipment.kt","1.1.3 for 2021-2022 @t1",
"e"," ","","148","1654372290574","InvalidShipment.kt","1.1.3 for 2021-2022 @t1",
"e",""," ","148","1654372290671","InvalidShipment.kt","1.1.3 for 2021-2022 @t1",
"e","l","","148","1654372290672","InvalidShipment.kt","1.1.3 for 2021-2022 @t1",
"k","l",,"149","1654372290672","InvalidShipment.kt","1.1.3 for 2021-2022 @t1",
"e"," ","","149","1654372290684","InvalidShipment.kt","1.1.3 for 2021-2022 @t1",
"e",""," ","149","1654372291016","InvalidShipment.kt","1.1.3 for 2021-2022 @t1",
"e","U","","149","1654372291017","InvalidShipment.kt","1.1.3 for 2021-2022 @t1",
"k","U",,"150","1654372291024","InvalidShipment.kt","1.1.3 for 2021-2022 @t1",
"e","p","","150","1654372291298","InvalidShipment.kt","1.1.3 for 2021-2022 @t1",
"k","p",,"151","1654372291306","InvalidShipment.kt","1.1.3 for 2021-2022 @t1",
"e","d","","151","1654372291311","InvalidShipment.kt","1.1.3 for 2021-2022 @t1",
"k","d",,"152","1654372291319","InvalidShipment.kt","1.1.3 for 2021-2022 @t1",
"e","a","","152","1654372291399","InvalidShipment.kt","1.1.3 for 2021-2022 @t1",
"k","a",,"153","1654372291408","InvalidShipment.kt","1.1.3 for 2021-2022 @t1",
"e","t","","153","1654372291514","InvalidShipment.kt","1.1.3 for 2021-2022 @t1",
"k","t",,"154","1654372291522","InvalidShipment.kt","1.1.3 for 2021-2022 @t1",
"e","e","","154","1654372291591","InvalidShipment.kt","1.1.3 for 2021-2022 @t1",
"k","e",,"155","1654372291597","InvalidShipment.kt","1.1.3 for 2021-2022 @t1",
"a","VimInsertExitModeAction",,,"1654372291807","InvalidShipment.kt","1.1.3 for 2021-2022 @t1",
"a","VimExEntryAction",,,"1654372291969","InvalidShipment.kt","1.1.3 for 2021-2022 @t1",
"a","VimProcessExEntryAction",,,"1654372292212","InvalidShipment.kt","1.1.3 for 2021-2022 @t1",
"a","EditorChange",,,"1654372300618","InvalidShipment.kt","1.1.3 for 2021-2022 @t1",
"a","VimDeleteMotionAction",,,"1654372308862","InvalidShipment.kt","1.1.3 for 2021-2022 @t1",
"a","VimInsertNewLineAboveAction",,,"1654372309900","InvalidShipment.kt","1.1.3 for 2021-2022 @t1",
