"e","<!DOCTYPE html>
<html lang=""en"">
<head>
  <meta charset=""UTF-8"">
  <title>$Title$</title>
</head>
<body>
$END$
</body>
</html>","","0","1653683117493","ShipmentUpdater.html","1.1.3 for 2021-2022 @t1",
"e","","$Title$","74","1653683117609","ShipmentUpdater.html","1.1.3 for 2021-2022 @t1",
"e","","$END$","98","1653683117609","ShipmentUpdater.html","1.1.3 for 2021-2022 @t1",
"e","Title","","74","1653683117621","ShipmentUpdater.html","1.1.3 for 2021-2022 @t1",
"e","  ","","40","1653683118409","ShipmentUpdater.html","1.1.3 for 2021-2022 @t1",
"e","  ","","67","1653683118415","ShipmentUpdater.html","1.1.3 for 2021-2022 @t1",
"e","","Title","78","1653683120813","ShipmentUpdater.html","1.1.3 for 2021-2022 @t1",
"e","S","","78","1653683122420","ShipmentUpdater.html","1.1.3 for 2021-2022 @t1",
"k","S",,"79","1653683122420","ShipmentUpdater.html","1.1.3 for 2021-2022 @t1",
"e","h","","79","1653683122453","ShipmentUpdater.html","1.1.3 for 2021-2022 @t1",
"k","h",,"80","1653683122453","ShipmentUpdater.html","1.1.3 for 2021-2022 @t1",
"e","i","","80","1653683122506","ShipmentUpdater.html","1.1.3 for 2021-2022 @t1",
"k","i",,"81","1653683122506","ShipmentUpdater.html","1.1.3 for 2021-2022 @t1",
"e"," ","","81","1653683122562","ShipmentUpdater.html","1.1.3 for 2021-2022 @t1",
"e",""," ","81","1653683122592","ShipmentUpdater.html","1.1.3 for 2021-2022 @t1",
"e","p","","81","1653683122593","ShipmentUpdater.html","1.1.3 for 2021-2022 @t1",
"k","p",,"82","1653683122592","ShipmentUpdater.html","1.1.3 for 2021-2022 @t1",
"e","m","","82","1653683122770","ShipmentUpdater.html","1.1.3 for 2021-2022 @t1",
"k","m",,"83","1653683122770","ShipmentUpdater.html","1.1.3 for 2021-2022 @t1",
"e","e","","83","1653683122903","ShipmentUpdater.html","1.1.3 for 2021-2022 @t1",
"k","e",,"84","1653683122911","ShipmentUpdater.html","1.1.3 for 2021-2022 @t1",
"e","n","","84","1653683122996","ShipmentUpdater.html","1.1.3 for 2021-2022 @t1",
"k","n",,"85","1653683122996","ShipmentUpdater.html","1.1.3 for 2021-2022 @t1",
"e","t","","85","1653683123084","ShipmentUpdater.html","1.1.3 for 2021-2022 @t1",
"k","t",,"86","1653683123084","ShipmentUpdater.html","1.1.3 for 2021-2022 @t1",
"e","U","","86","1653683123419","ShipmentUpdater.html","1.1.3 for 2021-2022 @t1",
"k","U",,"87","1653683123419","ShipmentUpdater.html","1.1.3 for 2021-2022 @t1",
"e","p","","87","1653683123548","ShipmentUpdater.html","1.1.3 for 2021-2022 @t1",
"k","p",,"88","1653683123555","ShipmentUpdater.html","1.1.3 for 2021-2022 @t1",
"e","d","","88","1653683123663","ShipmentUpdater.html","1.1.3 for 2021-2022 @t1",
"k","d",,"89","1653683123663","ShipmentUpdater.html","1.1.3 for 2021-2022 @t1",
"e","a","","89","1653683123748","ShipmentUpdater.html","1.1.3 for 2021-2022 @t1",
"k","a",,"90","1653683123748","ShipmentUpdater.html","1.1.3 for 2021-2022 @t1",
"e","t","","90","1653683123865","ShipmentUpdater.html","1.1.3 for 2021-2022 @t1",
"k","t",,"91","1653683123865","ShipmentUpdater.html","1.1.3 for 2021-2022 @t1",
"e","e","","91","1653683123922","ShipmentUpdater.html","1.1.3 for 2021-2022 @t1",
"k","e",,"92","1653683123922","ShipmentUpdater.html","1.1.3 for 2021-2022 @t1",
"e","d","","92","1653683124155","ShipmentUpdater.html","1.1.3 for 2021-2022 @t1",
"k","d",,"93","1653683124164","ShipmentUpdater.html","1.1.3 for 2021-2022 @t1",
"e","","d","92","1653683124476","ShipmentUpdater.html","1.1.3 for 2021-2022 @t1",
"e","r","","92","1653683124622","ShipmentUpdater.html","1.1.3 for 2021-2022 @t1",
"k","r",,"93","1653683124623","ShipmentUpdater.html","1.1.3 for 2021-2022 @t1",
"e"," ","","93","1653683124639","ShipmentUpdater.html","1.1.3 for 2021-2022 @t1",
"e","","r ","92","1653683127157","ShipmentUpdater.html","1.1.3 for 2021-2022 @t1",
"e","r","","92","1653683128379","ShipmentUpdater.html","1.1.3 for 2021-2022 @t1",
"k","r",,"93","1653683128379","ShipmentUpdater.html","1.1.3 for 2021-2022 @t1",
"e","<","","117","1653683138522","ShipmentUpdater.html","1.1.3 for 2021-2022 @t1",
"k","<",,"118","1653683138522","ShipmentUpdater.html","1.1.3 for 2021-2022 @t1",
"e"," ","","93","1653683138538","ShipmentUpdater.html","1.1.3 for 2021-2022 @t1",
"e"," ","","119","1653683138538","ShipmentUpdater.html","1.1.3 for 2021-2022 @t1",
"e",""," ","93","1653683138538","ShipmentUpdater.html","1.1.3 for 2021-2022 @t1",
"e",""," ","118","1653683139800","ShipmentUpdater.html","1.1.3 for 2021-2022 @t1",
"e","t","","118","1653683139801","ShipmentUpdater.html","1.1.3 for 2021-2022 @t1",
"k","t",,"119","1653683139821","ShipmentUpdater.html","1.1.3 for 2021-2022 @t1",
"e","","t","118","1653683141025","ShipmentUpdater.html","1.1.3 for 2021-2022 @t1",
"e","x","","118","1653683141394","ShipmentUpdater.html","1.1.3 for 2021-2022 @t1",
"k","x",,"119","1653683141406","ShipmentUpdater.html","1.1.3 for 2021-2022 @t1",
"e","","x","118","1653683143389","ShipmentUpdater.html","1.1.3 for 2021-2022 @t1",
"e","t","","118","1653683143524","ShipmentUpdater.html","1.1.3 for 2021-2022 @t1",
"k","t",,"119","1653683143539","ShipmentUpdater.html","1.1.3 for 2021-2022 @t1",
"e","e","","119","1653683143661","ShipmentUpdater.html","1.1.3 for 2021-2022 @t1",
"k","e",,"120","1653683143661","ShipmentUpdater.html","1.1.3 for 2021-2022 @t1",
"a","Choose Lookup Item Replace",,,"1653683143943","ShipmentUpdater.html","1.1.3 for 2021-2022 @t1",
"e","mplate","","120","1653683143958","ShipmentUpdater.html","1.1.3 for 2021-2022 @t1",
"e"," ","","126","1653683143970","ShipmentUpdater.html","1.1.3 for 2021-2022 @t1",
"e",""," ","126","1653683143970","ShipmentUpdater.html","1.1.3 for 2021-2022 @t1",
"a","VimEditorBackSpace",,,"1653683144555","ShipmentUpdater.html","1.1.3 for 2021-2022 @t1",
"e","","e","125","1653683144570","ShipmentUpdater.html","1.1.3 for 2021-2022 @t1",
"a","VimEditorBackSpace",,,"1653683145053","ShipmentUpdater.html","1.1.3 for 2021-2022 @t1",
"e","","t","124","1653683145053","ShipmentUpdater.html","1.1.3 for 2021-2022 @t1",
"a","VimEditorBackSpace",,,"1653683145095","ShipmentUpdater.html","1.1.3 for 2021-2022 @t1",
"e","","a","123","1653683145095","ShipmentUpdater.html","1.1.3 for 2021-2022 @t1",
"a","VimEditorBackSpace",,,"1653683145127","ShipmentUpdater.html","1.1.3 for 2021-2022 @t1",
"e","","l","122","1653683145127","ShipmentUpdater.html","1.1.3 for 2021-2022 @t1",
"a","VimEditorBackSpace",,,"1653683145159","ShipmentUpdater.html","1.1.3 for 2021-2022 @t1",
"e","","p","121","1653683145159","ShipmentUpdater.html","1.1.3 for 2021-2022 @t1",
"a","VimEditorBackSpace",,,"1653683145191","ShipmentUpdater.html","1.1.3 for 2021-2022 @t1",
"e","","m","120","1653683145191","ShipmentUpdater.html","1.1.3 for 2021-2022 @t1",
"a","VimEditorBackSpace",,,"1653683145292","ShipmentUpdater.html","1.1.3 for 2021-2022 @t1",
"e","","e","119","1653683145292","ShipmentUpdater.html","1.1.3 for 2021-2022 @t1",
"e","e","","119","1653683145918","ShipmentUpdater.html","1.1.3 for 2021-2022 @t1",
"k","e",,"120","1653683145918","ShipmentUpdater.html","1.1.3 for 2021-2022 @t1",
"e"," ","","120","1653683145934","ShipmentUpdater.html","1.1.3 for 2021-2022 @t1",
"e",""," ","120","1653683146091","ShipmentUpdater.html","1.1.3 for 2021-2022 @t1",
"e","x","","120","1653683146092","ShipmentUpdater.html","1.1.3 for 2021-2022 @t1",
"k","x",,"121","1653683146110","ShipmentUpdater.html","1.1.3 for 2021-2022 @t1",
"e","t","","121","1653683146290","ShipmentUpdater.html","1.1.3 for 2021-2022 @t1",
"k","t",,"122","1653683146290","ShipmentUpdater.html","1.1.3 for 2021-2022 @t1",
"e","a","","122","1653683146409","ShipmentUpdater.html","1.1.3 for 2021-2022 @t1",
"k","a",,"123","1653683146420","ShipmentUpdater.html","1.1.3 for 2021-2022 @t1",
"e","r","","123","1653683146610","ShipmentUpdater.html","1.1.3 for 2021-2022 @t1",
"k","r",,"124","1653683146610","ShipmentUpdater.html","1.1.3 for 2021-2022 @t1",
"e","e","","124","1653683146689","ShipmentUpdater.html","1.1.3 for 2021-2022 @t1",
"k","e",,"125","1653683146689","ShipmentUpdater.html","1.1.3 for 2021-2022 @t1",
"a","Choose Lookup Item Replace",,,"1653683146910","ShipmentUpdater.html","1.1.3 for 2021-2022 @t1",
"e","a","","125","1653683146923","ShipmentUpdater.html","1.1.3 for 2021-2022 @t1",
"e"," ","","126","1653683146930","ShipmentUpdater.html","1.1.3 for 2021-2022 @t1",
"e",""," ","126","1653683146930","ShipmentUpdater.html","1.1.3 for 2021-2022 @t1",
"e","</textarea>","","126","1653683147233","ShipmentUpdater.html","1.1.3 for 2021-2022 @t1",
"e",">","","126","1653683147233","ShipmentUpdater.html","1.1.3 for 2021-2022 @t1",
"k",">",,"127","1653683147233","ShipmentUpdater.html","1.1.3 for 2021-2022 @t1",
"a","VimInsertEnterAction",,,"1653683147761","ShipmentUpdater.html","1.1.3 for 2021-2022 @t1",
"e","
","","127","1653683147761","ShipmentUpdater.html","1.1.3 for 2021-2022 @t1",
"e","
","","128","1653683147778","ShipmentUpdater.html","1.1.3 for 2021-2022 @t1",
"e","    ","","128","1653683147778","ShipmentUpdater.html","1.1.3 for 2021-2022 @t1",
"a","VimInsertExitModeAction",,,"1653683149279","ShipmentUpdater.html","1.1.3 for 2021-2022 @t1",
"a","VimMotionUpAction",,,"1653683149396","ShipmentUpdater.html","1.1.3 for 2021-2022 @t1",
"a","VimInsertNewLineAboveAction",,,"1653683150522","ShipmentUpdater.html","1.1.3 for 2021-2022 @t1",
"e","
","","117","1653683150539","ShipmentUpdater.html","1.1.3 for 2021-2022 @t1",
"e","<","","117","1653683154313","ShipmentUpdater.html","1.1.3 for 2021-2022 @t1",
"k","<",,"118","1653683154313","ShipmentUpdater.html","1.1.3 for 2021-2022 @t1",
"e","te ","","118","1653683154328","ShipmentUpdater.html","1.1.3 for 2021-2022 @t1",
"e","","te","118","1653683154328","ShipmentUpdater.html","1.1.3 for 2021-2022 @t1",
"e",""," ","118","1653683154614","ShipmentUpdater.html","1.1.3 for 2021-2022 @t1",
"e","h","","118","1653683154615","ShipmentUpdater.html","1.1.3 for 2021-2022 @t1",
"k","h",,"119","1653683154614","ShipmentUpdater.html","1.1.3 for 2021-2022 @t1",
"e","2","","119","1653683154871","ShipmentUpdater.html","1.1.3 for 2021-2022 @t1",
"k","2",,"120","1653683154888","ShipmentUpdater.html","1.1.3 for 2021-2022 @t1",
"a","VimEditorBackSpace",,,"1653683155669","ShipmentUpdater.html","1.1.3 for 2021-2022 @t1",
"e","","2","119","1653683155669","ShipmentUpdater.html","1.1.3 for 2021-2022 @t1",
"e","1","","119","1653683155804","ShipmentUpdater.html","1.1.3 for 2021-2022 @t1",
"k","1",,"120","1653683155804","ShipmentUpdater.html","1.1.3 for 2021-2022 @t1",
"e"," ","","120","1653683155804","ShipmentUpdater.html","1.1.3 for 2021-2022 @t1",
"e",""," ","120","1653683156026","ShipmentUpdater.html","1.1.3 for 2021-2022 @t1",
"e","</h1>","","120","1653683156027","ShipmentUpdater.html","1.1.3 for 2021-2022 @t1",
"e",">","","120","1653683156026","ShipmentUpdater.html","1.1.3 for 2021-2022 @t1",
"k",">",,"121","1653683156026","ShipmentUpdater.html","1.1.3 for 2021-2022 @t1",
"e","P","","121","1653683156961","ShipmentUpdater.html","1.1.3 for 2021-2022 @t1",
"k","P",,"122","1653683156961","ShipmentUpdater.html","1.1.3 for 2021-2022 @t1",
"e"," ","","122","1653683156961","ShipmentUpdater.html","1.1.3 for 2021-2022 @t1",
"e",""," ","122","1653683157169","ShipmentUpdater.html","1.1.3 for 2021-2022 @t1",
"e","l","","122","1653683157170","ShipmentUpdater.html","1.1.3 for 2021-2022 @t1",
"k","l",,"123","1653683157169","ShipmentUpdater.html","1.1.3 for 2021-2022 @t1",
"e"," ","","123","1653683157185","ShipmentUpdater.html","1.1.3 for 2021-2022 @t1",
"e",""," ","123","1653683157264","ShipmentUpdater.html","1.1.3 for 2021-2022 @t1",
"e","e","","123","1653683157265","ShipmentUpdater.html","1.1.3 for 2021-2022 @t1",
"k","e",,"124","1653683157264","ShipmentUpdater.html","1.1.3 for 2021-2022 @t1",
"e","a","","124","1653683157402","ShipmentUpdater.html","1.1.3 for 2021-2022 @t1",
"k","a",,"125","1653683157402","ShipmentUpdater.html","1.1.3 for 2021-2022 @t1",
"e","s","","125","1653683157528","ShipmentUpdater.html","1.1.3 for 2021-2022 @t1",
"k","s",,"126","1653683157528","ShipmentUpdater.html","1.1.3 for 2021-2022 @t1",
"e","e","","126","1653683157609","ShipmentUpdater.html","1.1.3 for 2021-2022 @t1",
"k","e",,"127","1653683157609","ShipmentUpdater.html","1.1.3 for 2021-2022 @t1",
"e"," ","","127","1653683157741","ShipmentUpdater.html","1.1.3 for 2021-2022 @t1",
"k"," ",,"128","1653683157741","ShipmentUpdater.html","1.1.3 for 2021-2022 @t1",
"e","E","","128","1653683158177","ShipmentUpdater.html","1.1.3 for 2021-2022 @t1",
"k","E",,"129","1653683158177","ShipmentUpdater.html","1.1.3 for 2021-2022 @t1",
"e"," ","","129","1653683158177","ShipmentUpdater.html","1.1.3 for 2021-2022 @t1",
"e",""," ","129","1653683158319","ShipmentUpdater.html","1.1.3 for 2021-2022 @t1",
"e","n","","129","1653683158320","ShipmentUpdater.html","1.1.3 for 2021-2022 @t1",
"k","n",,"130","1653683158319","ShipmentUpdater.html","1.1.3 for 2021-2022 @t1",
"e"," ","","130","1653683158319","ShipmentUpdater.html","1.1.3 for 2021-2022 @t1",
"e",""," ","130","1653683158417","ShipmentUpdater.html","1.1.3 for 2021-2022 @t1",
"e","t","","130","1653683158418","ShipmentUpdater.html","1.1.3 for 2021-2022 @t1",
"k","t",,"131","1653683158417","ShipmentUpdater.html","1.1.3 for 2021-2022 @t1",
"e","e","","131","1653683158558","ShipmentUpdater.html","1.1.3 for 2021-2022 @t1",
"k","e",,"132","1653683158558","ShipmentUpdater.html","1.1.3 for 2021-2022 @t1",
"e","r","","132","1653683158636","ShipmentUpdater.html","1.1.3 for 2021-2022 @t1",
"k","r",,"133","1653683158652","ShipmentUpdater.html","1.1.3 for 2021-2022 @t1",
"e"," ","","133","1653683159055","ShipmentUpdater.html","1.1.3 for 2021-2022 @t1",
"k"," ",,"134","1653683159055","ShipmentUpdater.html","1.1.3 for 2021-2022 @t1",
"e","t","","134","1653683159212","ShipmentUpdater.html","1.1.3 for 2021-2022 @t1",
"k","t",,"135","1653683159212","ShipmentUpdater.html","1.1.3 for 2021-2022 @t1",
"e"," ","","135","1653683159228","ShipmentUpdater.html","1.1.3 for 2021-2022 @t1",
"e",""," ","135","1653683159287","ShipmentUpdater.html","1.1.3 for 2021-2022 @t1",
"e","h","","135","1653683159288","ShipmentUpdater.html","1.1.3 for 2021-2022 @t1",
"k","h",,"136","1653683159303","ShipmentUpdater.html","1.1.3 for 2021-2022 @t1",
"e"," ","","136","1653683159303","ShipmentUpdater.html","1.1.3 for 2021-2022 @t1",
"e",""," ","136","1653683159381","ShipmentUpdater.html","1.1.3 for 2021-2022 @t1",
"e","e","","136","1653683159382","ShipmentUpdater.html","1.1.3 for 2021-2022 @t1",
"k","e",,"137","1653683159381","ShipmentUpdater.html","1.1.3 for 2021-2022 @t1",
"e"," ","","137","1653683159399","ShipmentUpdater.html","1.1.3 for 2021-2022 @t1",
"k"," ",,"138","1653683159494","ShipmentUpdater.html","1.1.3 for 2021-2022 @t1",
"e","s","","138","1653683159921","ShipmentUpdater.html","1.1.3 for 2021-2022 @t1",
"k","s",,"139","1653683159921","ShipmentUpdater.html","1.1.3 for 2021-2022 @t1",
"e"," ","","139","1653683159921","ShipmentUpdater.html","1.1.3 for 2021-2022 @t1",
"e",""," ","139","1653683160018","ShipmentUpdater.html","1.1.3 for 2021-2022 @t1",
"e","h","","139","1653683160019","ShipmentUpdater.html","1.1.3 for 2021-2022 @t1",
"k","h",,"140","1653683160032","ShipmentUpdater.html","1.1.3 for 2021-2022 @t1",
"e"," ","","140","1653683160040","ShipmentUpdater.html","1.1.3 for 2021-2022 @t1",
"e",""," ","140","1653683160124","ShipmentUpdater.html","1.1.3 for 2021-2022 @t1",
"e","i","","140","1653683160125","ShipmentUpdater.html","1.1.3 for 2021-2022 @t1",
"k","i",,"141","1653683160124","ShipmentUpdater.html","1.1.3 for 2021-2022 @t1",
"e","p","","141","1653683160244","ShipmentUpdater.html","1.1.3 for 2021-2022 @t1",
"k","p",,"142","1653683160244","ShipmentUpdater.html","1.1.3 for 2021-2022 @t1",
"e","p","","142","1653683160426","ShipmentUpdater.html","1.1.3 for 2021-2022 @t1",
"k","p",,"143","1653683160426","ShipmentUpdater.html","1.1.3 for 2021-2022 @t1",
"e","i","","143","1653683160638","ShipmentUpdater.html","1.1.3 for 2021-2022 @t1",
"k","i",,"144","1653683160638","ShipmentUpdater.html","1.1.3 for 2021-2022 @t1",
"e","n","","144","1653683160750","ShipmentUpdater.html","1.1.3 for 2021-2022 @t1",
"k","n",,"145","1653683160750","ShipmentUpdater.html","1.1.3 for 2021-2022 @t1",
"e","g","","145","1653683160882","ShipmentUpdater.html","1.1.3 for 2021-2022 @t1",
"k","g",,"146","1653683160882","ShipmentUpdater.html","1.1.3 for 2021-2022 @t1",
"e"," ","","146","1653683161020","ShipmentUpdater.html","1.1.3 for 2021-2022 @t1",
"k"," ",,"147","1653683161020","ShipmentUpdater.html","1.1.3 for 2021-2022 @t1",
"e","i","","147","1653683161219","ShipmentUpdater.html","1.1.3 for 2021-2022 @t1",
"k","i",,"148","1653683161219","ShipmentUpdater.html","1.1.3 for 2021-2022 @t1",
"e"," ","","148","1653683161235","ShipmentUpdater.html","1.1.3 for 2021-2022 @t1",
"e",""," ","148","1653683161330","ShipmentUpdater.html","1.1.3 for 2021-2022 @t1",
"e","n","","148","1653683161331","ShipmentUpdater.html","1.1.3 for 2021-2022 @t1",
"k","n",,"149","1653683161346","ShipmentUpdater.html","1.1.3 for 2021-2022 @t1",
"e"," ","","149","1653683161377","ShipmentUpdater.html","1.1.3 for 2021-2022 @t1",
"e",""," ","149","1653683161447","ShipmentUpdater.html","1.1.3 for 2021-2022 @t1",
"e","f","","149","1653683161448","ShipmentUpdater.html","1.1.3 for 2021-2022 @t1",
"k","f",,"150","1653683161460","ShipmentUpdater.html","1.1.3 for 2021-2022 @t1",
"e","o","","150","1653683161580","ShipmentUpdater.html","1.1.3 for 2021-2022 @t1",
"k","o",,"151","1653683161598","ShipmentUpdater.html","1.1.3 for 2021-2022 @t1",
"e","r","","151","1653683161695","ShipmentUpdater.html","1.1.3 for 2021-2022 @t1",
"k","r",,"152","1653683161695","ShipmentUpdater.html","1.1.3 for 2021-2022 @t1",
"e","m","","152","1653683161807","ShipmentUpdater.html","1.1.3 for 2021-2022 @t1",
"k","m",,"153","1653683161807","ShipmentUpdater.html","1.1.3 for 2021-2022 @t1",
"e","a","","153","1653683161903","ShipmentUpdater.html","1.1.3 for 2021-2022 @t1",
"k","a",,"154","1653683161903","ShipmentUpdater.html","1.1.3 for 2021-2022 @t1",
"e","t","","154","1653683161995","ShipmentUpdater.html","1.1.3 for 2021-2022 @t1",
"k","t",,"155","1653683161996","ShipmentUpdater.html","1.1.3 for 2021-2022 @t1",
"e","i","","155","1653683162064","ShipmentUpdater.html","1.1.3 for 2021-2022 @t1",
"k","i",,"156","1653683162064","ShipmentUpdater.html","1.1.3 for 2021-2022 @t1",
"e","o","","156","1653683162132","ShipmentUpdater.html","1.1.3 for 2021-2022 @t1",
"k","o",,"157","1653683162132","ShipmentUpdater.html","1.1.3 for 2021-2022 @t1",
"e","n","","157","1653683162212","ShipmentUpdater.html","1.1.3 for 2021-2022 @t1",
"k","n",,"158","1653683162212","ShipmentUpdater.html","1.1.3 for 2021-2022 @t1",
"a","VimInsertExitModeAction",,,"1653683162369","ShipmentUpdater.html","1.1.3 for 2021-2022 @t1",
"a","VimMotionDownAction",,,"1653683162528","ShipmentUpdater.html","1.1.3 for 2021-2022 @t1",
"a","VimMotionUpAction",,,"1653683163151","ShipmentUpdater.html","1.1.3 for 2021-2022 @t1",
"a","VimInsertAfterCursorAction",,,"1653683163503","ShipmentUpdater.html","1.1.3 for 2021-2022 @t1",
"e",":","","158","1653683163755","ShipmentUpdater.html","1.1.3 for 2021-2022 @t1",
"k",":",,"159","1653683163755","ShipmentUpdater.html","1.1.3 for 2021-2022 @t1",
"a","VimEditorBackSpace",,,"1653683164240","ShipmentUpdater.html","1.1.3 for 2021-2022 @t1",
"e","",":","158","1653683164240","ShipmentUpdater.html","1.1.3 for 2021-2022 @t1",
"e"," ","","158","1653683164401","ShipmentUpdater.html","1.1.3 for 2021-2022 @t1",
"k"," ",,"159","1653683164401","ShipmentUpdater.html","1.1.3 for 2021-2022 @t1",
"e","b","","159","1653683164565","ShipmentUpdater.html","1.1.3 for 2021-2022 @t1",
"k","b",,"160","1653683164569","ShipmentUpdater.html","1.1.3 for 2021-2022 @t1",
"e"," ","","160","1653683164579","ShipmentUpdater.html","1.1.3 for 2021-2022 @t1",
"e",""," ","160","1653683164756","ShipmentUpdater.html","1.1.3 for 2021-2022 @t1",
"e","e","","160","1653683164757","ShipmentUpdater.html","1.1.3 for 2021-2022 @t1",
"k","e",,"161","1653683164770","ShipmentUpdater.html","1.1.3 for 2021-2022 @t1",
"e"," ","","161","1653683164787","ShipmentUpdater.html","1.1.3 for 2021-2022 @t1",
"e",""," ","161","1653683165301","ShipmentUpdater.html","1.1.3 for 2021-2022 @t1",
"e","l","","161","1653683165302","ShipmentUpdater.html","1.1.3 for 2021-2022 @t1",
"k","l",,"162","1653683165301","ShipmentUpdater.html","1.1.3 for 2021-2022 @t1",
"e","o","","162","1653683165480","ShipmentUpdater.html","1.1.3 for 2021-2022 @t1",
"k","o",,"163","1653683165480","ShipmentUpdater.html","1.1.3 for 2021-2022 @t1",
"e","w","","163","1653683165534","ShipmentUpdater.html","1.1.3 for 2021-2022 @t1",
"k","w",,"164","1653683165534","ShipmentUpdater.html","1.1.3 for 2021-2022 @t1",
"e",":","","164","1653683165772","ShipmentUpdater.html","1.1.3 for 2021-2022 @t1",
"k",":",,"165","1653683165772","ShipmentUpdater.html","1.1.3 for 2021-2022 @t1",
"a","VimInsertExitModeAction",,,"1653683166056","ShipmentUpdater.html","1.1.3 for 2021-2022 @t1",
"a","VimMotionDownAction",,,"1653683166231","ShipmentUpdater.html","1.1.3 for 2021-2022 @t1",
"a","VimMotionDownAction",,,"1653683166590","ShipmentUpdater.html","1.1.3 for 2021-2022 @t1",
"a","VimMotionDownAction",,,"1653683167652","ShipmentUpdater.html","1.1.3 for 2021-2022 @t1",
"a","VimInsertAfterCursorAction",,,"1653683169400","ShipmentUpdater.html","1.1.3 for 2021-2022 @t1",
"a","VimInsertEnterAction",,,"1653683169554","ShipmentUpdater.html","1.1.3 for 2021-2022 @t1",
"e","
","","199","1653683169571","ShipmentUpdater.html","1.1.3 for 2021-2022 @t1",
"a","VimInsertExitModeAction",,,"1653683170094","ShipmentUpdater.html","1.1.3 for 2021-2022 @t1",
"a","VimUndoAction",,,"1653683170362","ShipmentUpdater.html","1.1.3 for 2021-2022 @t1",
"e","","
","199","1653683170362","ShipmentUpdater.html","1.1.3 for 2021-2022 @t1",
"a","VimMotionDownAction",,,"1653683170790","ShipmentUpdater.html","1.1.3 for 2021-2022 @t1",
"a","VimInsertAfterCursorAction",,,"1653683171048","ShipmentUpdater.html","1.1.3 for 2021-2022 @t1",
"a","VimInsertEnterAction",,,"1653683171191","ShipmentUpdater.html","1.1.3 for 2021-2022 @t1",
"e","
","","207","1653683171191","ShipmentUpdater.html","1.1.3 for 2021-2022 @t1",
"a","VimInsertEnterAction",,,"1653683171562","ShipmentUpdater.html","1.1.3 for 2021-2022 @t1",
"e","
","","208","1653683171562","ShipmentUpdater.html","1.1.3 for 2021-2022 @t1",
"e","<","","208","1653683172243","ShipmentUpdater.html","1.1.3 for 2021-2022 @t1",
"k","<",,"209","1653683172243","ShipmentUpdater.html","1.1.3 for 2021-2022 @t1",
"e","","low:","161","1653683172258","ShipmentUpdater.html","1.1.3 for 2021-2022 @t1",
"e"," ","","161","1653683172259","ShipmentUpdater.html","1.1.3 for 2021-2022 @t1",
"e"," ","","206","1653683172258","ShipmentUpdater.html","1.1.3 for 2021-2022 @t1",
"e",""," ","161","1653683172258","ShipmentUpdater.html","1.1.3 for 2021-2022 @t1",
"e","low:","","161","1653683172259","ShipmentUpdater.html","1.1.3 for 2021-2022 @t1",
"e",""," ","209","1653683172425","ShipmentUpdater.html","1.1.3 for 2021-2022 @t1",
"e","s","","209","1653683172426","ShipmentUpdater.html","1.1.3 for 2021-2022 @t1",
"k","s",,"210","1653683172425","ShipmentUpdater.html","1.1.3 for 2021-2022 @t1",
"e","c","","210","1653683172834","ShipmentUpdater.html","1.1.3 for 2021-2022 @t1",
"k","c",,"211","1653683172834","ShipmentUpdater.html","1.1.3 for 2021-2022 @t1",
"e","r","","211","1653683172921","ShipmentUpdater.html","1.1.3 for 2021-2022 @t1",
"k","r",,"212","1653683172921","ShipmentUpdater.html","1.1.3 for 2021-2022 @t1",
"a","Choose Lookup Item Replace",,,"1653683173189","ShipmentUpdater.html","1.1.3 for 2021-2022 @t1",
"e","ipt","","212","1653683173197","ShipmentUpdater.html","1.1.3 for 2021-2022 @t1",
"e"," ","","215","1653683173209","ShipmentUpdater.html","1.1.3 for 2021-2022 @t1",
"e",""," ","215","1653683173209","ShipmentUpdater.html","1.1.3 for 2021-2022 @t1",
"e","</script>","","215","1653683173576","ShipmentUpdater.html","1.1.3 for 2021-2022 @t1",
"e",">","","215","1653683173577","ShipmentUpdater.html","1.1.3 for 2021-2022 @t1",
"k",">",,"216","1653683173577","ShipmentUpdater.html","1.1.3 for 2021-2022 @t1",
"a","VimInsertEnterAction",,,"1653683173932","ShipmentUpdater.html","1.1.3 for 2021-2022 @t1",
"e","
","","216","1653683173932","ShipmentUpdater.html","1.1.3 for 2021-2022 @t1",
"e","
","","217","1653683173932","ShipmentUpdater.html","1.1.3 for 2021-2022 @t1",
"e","    ","","217","1653683173948","ShipmentUpdater.html","1.1.3 for 2021-2022 @t1",
"a","VimInsertExitModeAction",,,"1653683175456","ShipmentUpdater.html","1.1.3 for 2021-2022 @t1",
"a","VimMotionUpAction",,,"1653683175537","ShipmentUpdater.html","1.1.3 for 2021-2022 @t1",
"a","VimMotionUpAction",,,"1653683175705","ShipmentUpdater.html","1.1.3 for 2021-2022 @t1",
"a","VimMotionUpAction",,,"1653683175867","ShipmentUpdater.html","1.1.3 for 2021-2022 @t1",
"a","VimMotionUpAction",,,"1653683176016","ShipmentUpdater.html","1.1.3 for 2021-2022 @t1",
"a","VimMotionUpAction",,,"1653683176162","ShipmentUpdater.html","1.1.3 for 2021-2022 @t1",
"a","VimMotionUpAction",,,"1653683176336","ShipmentUpdater.html","1.1.3 for 2021-2022 @t1",
"a","VimMotionRightAction",,,"1653683176603","ShipmentUpdater.html","1.1.3 for 2021-2022 @t1",
"a","VimMotionRightAction",,,"1653683176777","ShipmentUpdater.html","1.1.3 for 2021-2022 @t1",
"a","VimMotionRightAction",,,"1653683176910","ShipmentUpdater.html","1.1.3 for 2021-2022 @t1",
"a","VimMotionRightAction",,,"1653683177083","ShipmentUpdater.html","1.1.3 for 2021-2022 @t1",
"a","VimMotionRightAction",,,"1653683177257","ShipmentUpdater.html","1.1.3 for 2021-2022 @t1",
"a","VimMotionRightAction",,,"1653683177446","ShipmentUpdater.html","1.1.3 for 2021-2022 @t1",
"a","VimInsertBeforeCursorAction",,,"1653683177622","ShipmentUpdater.html","1.1.3 for 2021-2022 @t1",
"e"," ","","180","1653683177891","ShipmentUpdater.html","1.1.3 for 2021-2022 @t1",
"k"," ",,"181","1653683177891","ShipmentUpdater.html","1.1.3 for 2021-2022 @t1",
"e","i","","181","1653683178359","ShipmentUpdater.html","1.1.3 for 2021-2022 @t1",
"k","i",,"182","1653683178359","ShipmentUpdater.html","1.1.3 for 2021-2022 @t1",
"e",""," i","180","1653683178359","ShipmentUpdater.html","1.1.3 for 2021-2022 @t1",
"e"," i ","","180","1653683178359","ShipmentUpdater.html","1.1.3 for 2021-2022 @t1",
"e",""," ","182","1653683178462","ShipmentUpdater.html","1.1.3 for 2021-2022 @t1",
"e","d","","182","1653683178463","ShipmentUpdater.html","1.1.3 for 2021-2022 @t1",
"k","d",,"183","1653683178477","ShipmentUpdater.html","1.1.3 for 2021-2022 @t1",
"e","=","","183","1653683178702","ShipmentUpdater.html","1.1.3 for 2021-2022 @t1",
"e","""""","","184","1653683178702","ShipmentUpdater.html","1.1.3 for 2021-2022 @t1",
"k","=",,"185","1653683178702","ShipmentUpdater.html","1.1.3 for 2021-2022 @t1",
"e"," ","","185","1653683178720","ShipmentUpdater.html","1.1.3 for 2021-2022 @t1",
"e",""," ","185","1653683182623","ShipmentUpdater.html","1.1.3 for 2021-2022 @t1",
"e","s","","185","1653683182624","ShipmentUpdater.html","1.1.3 for 2021-2022 @t1",
"k","s",,"186","1653683182623","ShipmentUpdater.html","1.1.3 for 2021-2022 @t1",
"e","h","","186","1653683182705","ShipmentUpdater.html","1.1.3 for 2021-2022 @t1",
"k","h",,"187","1653683182705","ShipmentUpdater.html","1.1.3 for 2021-2022 @t1",
"e","i","","187","1653683182786","ShipmentUpdater.html","1.1.3 for 2021-2022 @t1",
"k","i",,"188","1653683182786","ShipmentUpdater.html","1.1.3 for 2021-2022 @t1",
"e","p","","188","1653683182850","ShipmentUpdater.html","1.1.3 for 2021-2022 @t1",
"k","p",,"189","1653683182850","ShipmentUpdater.html","1.1.3 for 2021-2022 @t1",
"e","m","","189","1653683183093","ShipmentUpdater.html","1.1.3 for 2021-2022 @t1",
"k","m",,"190","1653683183109","ShipmentUpdater.html","1.1.3 for 2021-2022 @t1",
"e","n","","190","1653683183481","ShipmentUpdater.html","1.1.3 for 2021-2022 @t1",
"k","n",,"191","1653683183481","ShipmentUpdater.html","1.1.3 for 2021-2022 @t1",
"a","VimEditorBackSpace",,,"1653683183808","ShipmentUpdater.html","1.1.3 for 2021-2022 @t1",
"e","","n","190","1653683183808","ShipmentUpdater.html","1.1.3 for 2021-2022 @t1",
"e","e","","190","1653683183951","ShipmentUpdater.html","1.1.3 for 2021-2022 @t1",
"k","e",,"191","1653683183951","ShipmentUpdater.html","1.1.3 for 2021-2022 @t1",
"e"," ","","191","1653683183958","ShipmentUpdater.html","1.1.3 for 2021-2022 @t1",
"e",""," ","191","1653683184026","ShipmentUpdater.html","1.1.3 for 2021-2022 @t1",
"e","n","","191","1653683184027","ShipmentUpdater.html","1.1.3 for 2021-2022 @t1",
"k","n",,"192","1653683184042","ShipmentUpdater.html","1.1.3 for 2021-2022 @t1",
"e","t","","192","1653683184360","ShipmentUpdater.html","1.1.3 for 2021-2022 @t1",
"k","t",,"193","1653683184360","ShipmentUpdater.html","1.1.3 for 2021-2022 @t1",
"e","0","","193","1653683184575","ShipmentUpdater.html","1.1.3 for 2021-2022 @t1",
"k","0",,"194","1653683184575","ShipmentUpdater.html","1.1.3 for 2021-2022 @t1",
"a","VimEditorBackSpace",,,"1653683185188","ShipmentUpdater.html","1.1.3 for 2021-2022 @t1",
"e","","0","193","1653683185204","ShipmentUpdater.html","1.1.3 for 2021-2022 @t1",
"e","-","","193","1653683185466","ShipmentUpdater.html","1.1.3 for 2021-2022 @t1",
"k","-",,"194","1653683185466","ShipmentUpdater.html","1.1.3 for 2021-2022 @t1",
"e","i","","194","1653683185798","ShipmentUpdater.html","1.1.3 for 2021-2022 @t1",
"k","i",,"195","1653683185798","ShipmentUpdater.html","1.1.3 for 2021-2022 @t1",
"e"," ","","195","1653683185798","ShipmentUpdater.html","1.1.3 for 2021-2022 @t1",
"e",""," ","195","1653683185908","ShipmentUpdater.html","1.1.3 for 2021-2022 @t1",
"e","n","","195","1653683185909","ShipmentUpdater.html","1.1.3 for 2021-2022 @t1",
"k","n",,"196","1653683185908","ShipmentUpdater.html","1.1.3 for 2021-2022 @t1",
"e","f","","196","1653683186037","ShipmentUpdater.html","1.1.3 for 2021-2022 @t1",
"k","f",,"197","1653683186037","ShipmentUpdater.html","1.1.3 for 2021-2022 @t1",
"e","o","","197","1653683186131","ShipmentUpdater.html","1.1.3 for 2021-2022 @t1",
"k","o",,"198","1653683186131","ShipmentUpdater.html","1.1.3 for 2021-2022 @t1",
"a","VimInsertExitModeAction",,,"1653683186304","ShipmentUpdater.html","1.1.3 for 2021-2022 @t1",
"a","VimMotionDownAction",,,"1653683186418","ShipmentUpdater.html","1.1.3 for 2021-2022 @t1",
"a","VimMotionDownAction",,,"1653683186607","ShipmentUpdater.html","1.1.3 for 2021-2022 @t1",
"a","VimMotionDownAction",,,"1653683186765","ShipmentUpdater.html","1.1.3 for 2021-2022 @t1",
"a","VimMotionDownAction",,,"1653683186923","ShipmentUpdater.html","1.1.3 for 2021-2022 @t1",
"a","VimMotionDownAction",,,"1653683187096","ShipmentUpdater.html","1.1.3 for 2021-2022 @t1",
"a","VimMotionDownAction",,,"1653683187550","ShipmentUpdater.html","1.1.3 for 2021-2022 @t1",
"a","VimInsertAfterCursorAction",,,"1653683188499","ShipmentUpdater.html","1.1.3 for 2021-2022 @t1",
"e","q","","240","1653683190292","ShipmentUpdater.html","1.1.3 for 2021-2022 @t1",
"k","q",,"241","1653683190292","ShipmentUpdater.html","1.1.3 for 2021-2022 @t1",
"e","","nfo","195","1653683190308","ShipmentUpdater.html","1.1.3 for 2021-2022 @t1",
"e"," ","","195","1653683190309","ShipmentUpdater.html","1.1.3 for 2021-2022 @t1",
"e"," ","","239","1653683190308","ShipmentUpdater.html","1.1.3 for 2021-2022 @t1",
"e",""," ","195","1653683190308","ShipmentUpdater.html","1.1.3 for 2021-2022 @t1",
"e","nfo","","195","1653683190309","ShipmentUpdater.html","1.1.3 for 2021-2022 @t1",
"e",""," ","241","1653683190960","ShipmentUpdater.html","1.1.3 for 2021-2022 @t1",
"e","u","","241","1653683190961","ShipmentUpdater.html","1.1.3 for 2021-2022 @t1",
"k","u",,"242","1653683190960","ShipmentUpdater.html","1.1.3 for 2021-2022 @t1",
"e"," ","","242","1653683190976","ShipmentUpdater.html","1.1.3 for 2021-2022 @t1",
"e",""," ","242","1653683191086","ShipmentUpdater.html","1.1.3 for 2021-2022 @t1",
"e","e","","242","1653683191087","ShipmentUpdater.html","1.1.3 for 2021-2022 @t1",
"k","e",,"243","1653683191086","ShipmentUpdater.html","1.1.3 for 2021-2022 @t1",
"e","r","","243","1653683191451","ShipmentUpdater.html","1.1.3 for 2021-2022 @t1",
"k","r",,"244","1653683191451","ShipmentUpdater.html","1.1.3 for 2021-2022 @t1",
"e","y","","244","1653683191688","ShipmentUpdater.html","1.1.3 for 2021-2022 @t1",
"k","y",,"245","1653683191688","ShipmentUpdater.html","1.1.3 for 2021-2022 @t1",
"a","VimEditorBackSpace",,,"1653683192502","ShipmentUpdater.html","1.1.3 for 2021-2022 @t1",
"e","","y","244","1653683192502","ShipmentUpdater.html","1.1.3 for 2021-2022 @t1",
"a","VimEditorBackSpace",,,"1653683192998","ShipmentUpdater.html","1.1.3 for 2021-2022 @t1",
"e","","r","243","1653683192998","ShipmentUpdater.html","1.1.3 for 2021-2022 @t1",
"a","VimEditorBackSpace",,,"1653683193110","ShipmentUpdater.html","1.1.3 for 2021-2022 @t1",
"e","","e","242","1653683193110","ShipmentUpdater.html","1.1.3 for 2021-2022 @t1",
"a","VimEditorBackSpace",,,"1653683193281","ShipmentUpdater.html","1.1.3 for 2021-2022 @t1",
"e","","u","241","1653683193281","ShipmentUpdater.html","1.1.3 for 2021-2022 @t1",
"a","VimEditorBackSpace",,,"1653683193455","ShipmentUpdater.html","1.1.3 for 2021-2022 @t1",
"e","","q","240","1653683193455","ShipmentUpdater.html","1.1.3 for 2021-2022 @t1",
"e","v","","240","1653683196808","ShipmentUpdater.html","1.1.3 for 2021-2022 @t1",
"k","v",,"241","1653683196808","ShipmentUpdater.html","1.1.3 for 2021-2022 @t1",
"e"," ","","241","1653683196808","ShipmentUpdater.html","1.1.3 for 2021-2022 @t1",
"e",""," ","241","1653683196934","ShipmentUpdater.html","1.1.3 for 2021-2022 @t1",
"e","a","","241","1653683196935","ShipmentUpdater.html","1.1.3 for 2021-2022 @t1",
"k","a",,"242","1653683196950","ShipmentUpdater.html","1.1.3 for 2021-2022 @t1",
"e"," ","","242","1653683196950","ShipmentUpdater.html","1.1.3 for 2021-2022 @t1",
"e",""," ","242","1653683196997","ShipmentUpdater.html","1.1.3 for 2021-2022 @t1",
"e","r","","242","1653683196998","ShipmentUpdater.html","1.1.3 for 2021-2022 @t1",
"k","r",,"243","1653683196997","ShipmentUpdater.html","1.1.3 for 2021-2022 @t1",
"e"," ","","243","1653683197123","ShipmentUpdater.html","1.1.3 for 2021-2022 @t1",
"k"," ",,"244","1653683197123","ShipmentUpdater.html","1.1.3 for 2021-2022 @t1",
"e","q","","244","1653683198203","ShipmentUpdater.html","1.1.3 for 2021-2022 @t1",
"k","q",,"245","1653683198203","ShipmentUpdater.html","1.1.3 for 2021-2022 @t1",
"e"," ","","245","1653683198219","ShipmentUpdater.html","1.1.3 for 2021-2022 @t1",
"a","VimEditorBackSpace",,,"1653683199323","ShipmentUpdater.html","1.1.3 for 2021-2022 @t1",
"e","","q ","244","1653683199323","ShipmentUpdater.html","1.1.3 for 2021-2022 @t1",
"e","t","","244","1653683199939","ShipmentUpdater.html","1.1.3 for 2021-2022 @t1",
"k","t",,"245","1653683199939","ShipmentUpdater.html","1.1.3 for 2021-2022 @t1",
"e"," ","","245","1653683199955","ShipmentUpdater.html","1.1.3 for 2021-2022 @t1",
"e",""," ","245","1653683199993","ShipmentUpdater.html","1.1.3 for 2021-2022 @t1",
"e","e","","245","1653683199994","ShipmentUpdater.html","1.1.3 for 2021-2022 @t1",
"k","e",,"246","1653683200009","ShipmentUpdater.html","1.1.3 for 2021-2022 @t1",
"e","x","","246","1653683200320","ShipmentUpdater.html","1.1.3 for 2021-2022 @t1",
"k","x",,"247","1653683200337","ShipmentUpdater.html","1.1.3 for 2021-2022 @t1",
"e","t","","247","1653683200419","ShipmentUpdater.html","1.1.3 for 2021-2022 @t1",
"k","t",,"248","1653683200419","ShipmentUpdater.html","1.1.3 for 2021-2022 @t1",
"a","Expand Live Template by Tab",,,"1653683200820","ShipmentUpdater.html","1.1.3 for 2021-2022 @t1",
"e","","text","244","1653683200838","ShipmentUpdater.html","1.1.3 for 2021-2022 @t1",
"e","<text></text>","","244","1653683200854","ShipmentUpdater.html","1.1.3 for 2021-2022 @t1",
"a","VimInsertExitModeAction",,,"1653683201821","ShipmentUpdater.html","1.1.3 for 2021-2022 @t1",
"a","VimUndoAction",,,"1653683201952","ShipmentUpdater.html","1.1.3 for 2021-2022 @t1",
"a","VimUndoAction",,,"1653683202255","ShipmentUpdater.html","1.1.3 for 2021-2022 @t1",
"e","","<text></text>","244","1653683202255","ShipmentUpdater.html","1.1.3 for 2021-2022 @t1",
"e","text","","244","1653683202270","ShipmentUpdater.html","1.1.3 for 2021-2022 @t1",
"a","VimUndoAction",,,"1653683202606","ShipmentUpdater.html","1.1.3 for 2021-2022 @t1",
"e","","t","247","1653683202606","ShipmentUpdater.html","1.1.3 for 2021-2022 @t1",
"e","","x","246","1653683202606","ShipmentUpdater.html","1.1.3 for 2021-2022 @t1",
"e","","e","245","1653683202606","ShipmentUpdater.html","1.1.3 for 2021-2022 @t1",
"e","","t","244","1653683202606","ShipmentUpdater.html","1.1.3 for 2021-2022 @t1",
"a","VimInsertAfterCursorAction",,,"1653683204166","ShipmentUpdater.html","1.1.3 for 2021-2022 @t1",
"e","a","","244","1653683205366","ShipmentUpdater.html","1.1.3 for 2021-2022 @t1",
"k","a",,"245","1653683205366","ShipmentUpdater.html","1.1.3 for 2021-2022 @t1",
"e"," ","","245","1653683205381","ShipmentUpdater.html","1.1.3 for 2021-2022 @t1",
"e",""," ","245","1653683205509","ShipmentUpdater.html","1.1.3 for 2021-2022 @t1",
"e","r","","245","1653683205510","ShipmentUpdater.html","1.1.3 for 2021-2022 @t1",
"k","r",,"246","1653683205509","ShipmentUpdater.html","1.1.3 for 2021-2022 @t1",
"e","e","","246","1653683205591","ShipmentUpdater.html","1.1.3 for 2021-2022 @t1",
"k","e",,"247","1653683205591","ShipmentUpdater.html","1.1.3 for 2021-2022 @t1",
"e","a","","247","1653683205717","ShipmentUpdater.html","1.1.3 for 2021-2022 @t1",
"k","a",,"248","1653683205717","ShipmentUpdater.html","1.1.3 for 2021-2022 @t1",
"a","VimEditorBackSpace",,,"1653683206776","ShipmentUpdater.html","1.1.3 for 2021-2022 @t1",
"e","","a","247","1653683206776","ShipmentUpdater.html","1.1.3 for 2021-2022 @t1",
"a","VimEditorBackSpace",,,"1653683206948","ShipmentUpdater.html","1.1.3 for 2021-2022 @t1",
"e","","e","246","1653683206948","ShipmentUpdater.html","1.1.3 for 2021-2022 @t1",
"a","VimEditorBackSpace",,,"1653683207105","ShipmentUpdater.html","1.1.3 for 2021-2022 @t1",
"e","","r","245","1653683207121","ShipmentUpdater.html","1.1.3 for 2021-2022 @t1",
"a","VimEditorBackSpace",,,"1653683207280","ShipmentUpdater.html","1.1.3 for 2021-2022 @t1",
"e","","a","244","1653683207280","ShipmentUpdater.html","1.1.3 for 2021-2022 @t1",
"e","i","","244","1653683207642","ShipmentUpdater.html","1.1.3 for 2021-2022 @t1",
"k","i",,"245","1653683207642","ShipmentUpdater.html","1.1.3 for 2021-2022 @t1",
"e"," ","","245","1653683207657","ShipmentUpdater.html","1.1.3 for 2021-2022 @t1",
"e",""," ","245","1653683207756","ShipmentUpdater.html","1.1.3 for 2021-2022 @t1",
"e","n","","245","1653683207757","ShipmentUpdater.html","1.1.3 for 2021-2022 @t1",
"k","n",,"246","1653683207772","ShipmentUpdater.html","1.1.3 for 2021-2022 @t1",
"e","f","","246","1653683207876","ShipmentUpdater.html","1.1.3 for 2021-2022 @t1",
"k","f",,"247","1653683207876","ShipmentUpdater.html","1.1.3 for 2021-2022 @t1",
"e","o","","247","1653683208012","ShipmentUpdater.html","1.1.3 for 2021-2022 @t1",
"k","o",,"248","1653683208012","ShipmentUpdater.html","1.1.3 for 2021-2022 @t1",
"e","m","","248","1653683208385","ShipmentUpdater.html","1.1.3 for 2021-2022 @t1",
"k","m",,"249","1653683208385","ShipmentUpdater.html","1.1.3 for 2021-2022 @t1",
"a","VimEditorBackSpace",,,"1653683209145","ShipmentUpdater.html","1.1.3 for 2021-2022 @t1",
"e","","m","248","1653683209145","ShipmentUpdater.html","1.1.3 for 2021-2022 @t1",
"a","VimEditorBackSpace",,,"1653683209555","ShipmentUpdater.html","1.1.3 for 2021-2022 @t1",
"e","","o","247","1653683209555","ShipmentUpdater.html","1.1.3 for 2021-2022 @t1",
"a","VimEditorBackSpace",,,"1653683209718","ShipmentUpdater.html","1.1.3 for 2021-2022 @t1",
"e","","f","246","1653683209718","ShipmentUpdater.html","1.1.3 for 2021-2022 @t1",
"a","VimEditorBackSpace",,,"1653683209873","ShipmentUpdater.html","1.1.3 for 2021-2022 @t1",
"e","","n","245","1653683209889","ShipmentUpdater.html","1.1.3 for 2021-2022 @t1",
"a","VimEditorBackSpace",,,"1653683210040","ShipmentUpdater.html","1.1.3 for 2021-2022 @t1",
"e","","i","244","1653683210040","ShipmentUpdater.html","1.1.3 for 2021-2022 @t1",
"e","s","","244","1653683210241","ShipmentUpdater.html","1.1.3 for 2021-2022 @t1",
"k","s",,"245","1653683210241","ShipmentUpdater.html","1.1.3 for 2021-2022 @t1",
"e"," ","","245","1653683210258","ShipmentUpdater.html","1.1.3 for 2021-2022 @t1",
"e",""," ","245","1653683210425","ShipmentUpdater.html","1.1.3 for 2021-2022 @t1",
"e","h","","245","1653683210426","ShipmentUpdater.html","1.1.3 for 2021-2022 @t1",
"k","h",,"246","1653683210446","ShipmentUpdater.html","1.1.3 for 2021-2022 @t1",
"e","i","","246","1653683210512","ShipmentUpdater.html","1.1.3 for 2021-2022 @t1",
"k","i",,"247","1653683210512","ShipmentUpdater.html","1.1.3 for 2021-2022 @t1",
"e","p","","247","1653683210614","ShipmentUpdater.html","1.1.3 for 2021-2022 @t1",
"k","p",,"248","1653683210614","ShipmentUpdater.html","1.1.3 for 2021-2022 @t1",
"e","m","","248","1653683210777","ShipmentUpdater.html","1.1.3 for 2021-2022 @t1",
"k","m",,"249","1653683210781","ShipmentUpdater.html","1.1.3 for 2021-2022 @t1",
"e","e","","249","1653683210909","ShipmentUpdater.html","1.1.3 for 2021-2022 @t1",
"k","e",,"250","1653683210909","ShipmentUpdater.html","1.1.3 for 2021-2022 @t1",
"e","n","","250","1653683210995","ShipmentUpdater.html","1.1.3 for 2021-2022 @t1",
"k","n",,"251","1653683210995","ShipmentUpdater.html","1.1.3 for 2021-2022 @t1",
"e","t","","251","1653683211090","ShipmentUpdater.html","1.1.3 for 2021-2022 @t1",
"k","t",,"252","1653683211090","ShipmentUpdater.html","1.1.3 for 2021-2022 @t1",
"e","I","","252","1653683211376","ShipmentUpdater.html","1.1.3 for 2021-2022 @t1",
"k","I",,"253","1653683211376","ShipmentUpdater.html","1.1.3 for 2021-2022 @t1",
"e","n","","253","1653683211485","ShipmentUpdater.html","1.1.3 for 2021-2022 @t1",
"k","n",,"254","1653683211485","ShipmentUpdater.html","1.1.3 for 2021-2022 @t1",
"e","f","","254","1653683211627","ShipmentUpdater.html","1.1.3 for 2021-2022 @t1",
"k","f",,"255","1653683211627","ShipmentUpdater.html","1.1.3 for 2021-2022 @t1",
"e","o","","255","1653683211722","ShipmentUpdater.html","1.1.3 for 2021-2022 @t1",
"k","o",,"256","1653683211738","ShipmentUpdater.html","1.1.3 for 2021-2022 @t1",
"e"," ","","256","1653683212302","ShipmentUpdater.html","1.1.3 for 2021-2022 @t1",
"k"," ",,"257","1653683212302","ShipmentUpdater.html","1.1.3 for 2021-2022 @t1",
"e","=","","257","1653683212351","ShipmentUpdater.html","1.1.3 for 2021-2022 @t1",
"k","=",,"258","1653683212351","ShipmentUpdater.html","1.1.3 for 2021-2022 @t1",
"e"," ","","258","1653683212593","ShipmentUpdater.html","1.1.3 for 2021-2022 @t1",
"k"," ",,"259","1653683212593","ShipmentUpdater.html","1.1.3 for 2021-2022 @t1",
"a","Tab",,,"1653683214483","ShipmentUpdater.html","1.1.3 for 2021-2022 @t1",
"e"," ","","259","1653683214483","ShipmentUpdater.html","1.1.3 for 2021-2022 @t1",
"a","VimEditorBackSpace",,,"1653683214854","ShipmentUpdater.html","1.1.3 for 2021-2022 @t1",
"e",""," ","259","1653683214855","ShipmentUpdater.html","1.1.3 for 2021-2022 @t1",
"e","q","","259","1653683215158","ShipmentUpdater.html","1.1.3 for 2021-2022 @t1",
"k","q",,"260","1653683215158","ShipmentUpdater.html","1.1.3 for 2021-2022 @t1",
"e"," ","","260","1653683215158","ShipmentUpdater.html","1.1.3 for 2021-2022 @t1",
"e",""," ","260","1653683215676","ShipmentUpdater.html","1.1.3 for 2021-2022 @t1",
"e","u","","260","1653683215677","ShipmentUpdater.html","1.1.3 for 2021-2022 @t1",
"k","u",,"261","1653683215676","ShipmentUpdater.html","1.1.3 for 2021-2022 @t1",
"e","e","","261","1653683215778","ShipmentUpdater.html","1.1.3 for 2021-2022 @t1",
"k","e",,"262","1653683215794","ShipmentUpdater.html","1.1.3 for 2021-2022 @t1",
"e","r","","262","1653683216116","ShipmentUpdater.html","1.1.3 for 2021-2022 @t1",
"k","r",,"263","1653683216116","ShipmentUpdater.html","1.1.3 for 2021-2022 @t1",
"e","y","","263","1653683216320","ShipmentUpdater.html","1.1.3 for 2021-2022 @t1",
"k","y",,"264","1653683216320","ShipmentUpdater.html","1.1.3 for 2021-2022 @t1",
"e","s","","264","1653683216705","ShipmentUpdater.html","1.1.3 for 2021-2022 @t1",
"k","s",,"265","1653683216705","ShipmentUpdater.html","1.1.3 for 2021-2022 @t1",
"a","VimEditorBackSpace",,,"1653683217217","ShipmentUpdater.html","1.1.3 for 2021-2022 @t1",
"e","","s","264","1653683217217","ShipmentUpdater.html","1.1.3 for 2021-2022 @t1",
"e","S","","264","1653683217485","ShipmentUpdater.html","1.1.3 for 2021-2022 @t1",
"k","S",,"265","1653683217485","ShipmentUpdater.html","1.1.3 for 2021-2022 @t1",
"e"," ","","265","1653683217500","ShipmentUpdater.html","1.1.3 for 2021-2022 @t1",
"e",""," ","265","1653683217581","ShipmentUpdater.html","1.1.3 for 2021-2022 @t1",
"e","e","","265","1653683217582","ShipmentUpdater.html","1.1.3 for 2021-2022 @t1",
"k","e",,"266","1653683217581","ShipmentUpdater.html","1.1.3 for 2021-2022 @t1",
"e","e","","266","1653683217870","ShipmentUpdater.html","1.1.3 for 2021-2022 @t1",
"k","e",,"267","1653683217870","ShipmentUpdater.html","1.1.3 for 2021-2022 @t1",
"e","l","","267","1653683217886","ShipmentUpdater.html","1.1.3 for 2021-2022 @t1",
"k","l",,"268","1653683217886","ShipmentUpdater.html","1.1.3 for 2021-2022 @t1",
"e","e","","268","1653683218070","ShipmentUpdater.html","1.1.3 for 2021-2022 @t1",
"k","e",,"269","1653683218070","ShipmentUpdater.html","1.1.3 for 2021-2022 @t1",
"a","VimEditorBackSpace",,,"1653683218408","ShipmentUpdater.html","1.1.3 for 2021-2022 @t1",
"e","","e","268","1653683218408","ShipmentUpdater.html","1.1.3 for 2021-2022 @t1",
"a","VimEditorBackSpace",,,"1653683218568","ShipmentUpdater.html","1.1.3 for 2021-2022 @t1",
"e","","l","267","1653683218568","ShipmentUpdater.html","1.1.3 for 2021-2022 @t1",
"a","VimEditorBackSpace",,,"1653683218725","ShipmentUpdater.html","1.1.3 for 2021-2022 @t1",
"e","","e","266","1653683218725","ShipmentUpdater.html","1.1.3 for 2021-2022 @t1",
"e","l","","266","1653683218925","ShipmentUpdater.html","1.1.3 for 2021-2022 @t1",
"k","l",,"267","1653683218925","ShipmentUpdater.html","1.1.3 for 2021-2022 @t1",
"e"," ","","267","1653683218941","ShipmentUpdater.html","1.1.3 for 2021-2022 @t1",
"e",""," ","267","1653683219009","ShipmentUpdater.html","1.1.3 for 2021-2022 @t1",
"e","e","","267","1653683219010","ShipmentUpdater.html","1.1.3 for 2021-2022 @t1",
"k","e",,"268","1653683219009","ShipmentUpdater.html","1.1.3 for 2021-2022 @t1",
"e","c","","268","1653683219243","ShipmentUpdater.html","1.1.3 for 2021-2022 @t1",
"k","c",,"269","1653683219243","ShipmentUpdater.html","1.1.3 for 2021-2022 @t1",
"e","t","","269","1653683219393","ShipmentUpdater.html","1.1.3 for 2021-2022 @t1",
"k","t",,"270","1653683219393","ShipmentUpdater.html","1.1.3 for 2021-2022 @t1",
"e","i","","270","1653683219470","ShipmentUpdater.html","1.1.3 for 2021-2022 @t1",
"k","i",,"271","1653683219470","ShipmentUpdater.html","1.1.3 for 2021-2022 @t1",
"e","r","","271","1653683219651","ShipmentUpdater.html","1.1.3 for 2021-2022 @t1",
"k","r",,"272","1653683219651","ShipmentUpdater.html","1.1.3 for 2021-2022 @t1",
"a","VimEditorBackSpace",,,"1653683220025","ShipmentUpdater.html","1.1.3 for 2021-2022 @t1",
"e","","r","271","1653683220025","ShipmentUpdater.html","1.1.3 for 2021-2022 @t1",
"a","VimEditorBackSpace",,,"1653683220171","ShipmentUpdater.html","1.1.3 for 2021-2022 @t1",
"e","","i","270","1653683220171","ShipmentUpdater.html","1.1.3 for 2021-2022 @t1",
"e","o","","270","1653683220336","ShipmentUpdater.html","1.1.3 for 2021-2022 @t1",
"k","o",,"271","1653683220336","ShipmentUpdater.html","1.1.3 for 2021-2022 @t1",
"e"," ","","271","1653683220374","ShipmentUpdater.html","1.1.3 for 2021-2022 @t1",
"e",""," ","271","1653683220443","ShipmentUpdater.html","1.1.3 for 2021-2022 @t1",
"e","r","","271","1653683220444","ShipmentUpdater.html","1.1.3 for 2021-2022 @t1",
"k","r",,"272","1653683220443","ShipmentUpdater.html","1.1.3 for 2021-2022 @t1",
"e","(","","272","1653683221670","ShipmentUpdater.html","1.1.3 for 2021-2022 @t1",
"k","(",,"273","1653683221670","ShipmentUpdater.html","1.1.3 for 2021-2022 @t1",
"e","(","","273","1653683223359","ShipmentUpdater.html","1.1.3 for 2021-2022 @t1",
"k","(",,"274","1653683223359","ShipmentUpdater.html","1.1.3 for 2021-2022 @t1",
"a","VimInsertExitModeAction",,,"1653683223359","ShipmentUpdater.html","1.1.3 for 2021-2022 @t1",
"a","VimMotionWordEndRightAction",,,"1653683223359","ShipmentUpdater.html","1.1.3 for 2021-2022 @t1",
"a","VimInsertAfterCursorAction",,,"1653683223359","ShipmentUpdater.html","1.1.3 for 2021-2022 @t1",
"e",")","","277","1653683223359","ShipmentUpdater.html","1.1.3 for 2021-2022 @t1",
"k",")",,"278","1653683223359","ShipmentUpdater.html","1.1.3 for 2021-2022 @t1",
"a","VimInsertExitModeAction",,,"1653683223375","ShipmentUpdater.html","1.1.3 for 2021-2022 @t1",
"a","VimUndoAction",,,"1653683225047","ShipmentUpdater.html","1.1.3 for 2021-2022 @t1",
"a","VimUndoAction",,,"1653683225380","ShipmentUpdater.html","1.1.3 for 2021-2022 @t1",
"e","",")","277","1653683225380","ShipmentUpdater.html","1.1.3 for 2021-2022 @t1",
"a","VimUndoAction",,,"1653683225681","ShipmentUpdater.html","1.1.3 for 2021-2022 @t1",
"a","VimUndoAction",,,"1653683226024","ShipmentUpdater.html","1.1.3 for 2021-2022 @t1",
"e","","(","273","1653683226024","ShipmentUpdater.html","1.1.3 for 2021-2022 @t1",
"e","","(","272","1653683226024","ShipmentUpdater.html","1.1.3 for 2021-2022 @t1",
"e","","r","271","1653683226024","ShipmentUpdater.html","1.1.3 for 2021-2022 @t1",
"e","","o","270","1653683226024","ShipmentUpdater.html","1.1.3 for 2021-2022 @t1",
"a","VimExEntryAction",,,"1653683227731","ShipmentUpdater.html","1.1.3 for 2021-2022 @t1",
"a","VimProcessExEntryAction",,,"1653683227963","ShipmentUpdater.html","1.1.3 for 2021-2022 @t1",
"e","","    ","201","1653683227982","ShipmentUpdater.html","1.1.3 for 2021-2022 @t1",
"a","VimDeleteMotionAction",,,"1653683514394","ShipmentUpdater.html","1.1.3 for 2021-2022 @t1",
"e","","va","236","1653683514394","ShipmentUpdater.html","1.1.3 for 2021-2022 @t1",
"a","VimInsertBeforeCursorAction",,,"1653683514579","ShipmentUpdater.html","1.1.3 for 2021-2022 @t1",
"a","VimEditorBackSpace",,,"1653683515360","ShipmentUpdater.html","1.1.3 for 2021-2022 @t1",
"e",""," ","235","1653683515368","ShipmentUpdater.html","1.1.3 for 2021-2022 @t1",
"a","VimEditorDelete",,,"1653683515634","ShipmentUpdater.html","1.1.3 for 2021-2022 @t1",
"e","","r","235","1653683515634","ShipmentUpdater.html","1.1.3 for 2021-2022 @t1",
"a","VimEditorBackSpace",,,"1653683516750","ShipmentUpdater.html","1.1.3 for 2021-2022 @t1",
"e",""," ","235","1653683516766","ShipmentUpdater.html","1.1.3 for 2021-2022 @t1",
"a","VimEditorBackSpace",,,"1653683517137","ShipmentUpdater.html","1.1.3 for 2021-2022 @t1",
"e",""," ","234","1653683517137","ShipmentUpdater.html","1.1.3 for 2021-2022 @t1",
"a","VimEditorDelete",,,"1653683517752","ShipmentUpdater.html","1.1.3 for 2021-2022 @t1",
"e",""," ","232","1653683517752","ShipmentUpdater.html","1.1.3 for 2021-2022 @t1",
"a","VimEditorBackSpace",,,"1653683518481","ShipmentUpdater.html","1.1.3 for 2021-2022 @t1",
"e",""," ","232","1653683518481","ShipmentUpdater.html","1.1.3 for 2021-2022 @t1",
"a","Tab",,,"1653683519227","ShipmentUpdater.html","1.1.3 for 2021-2022 @t1",
"e","    ","","232","1653683519227","ShipmentUpdater.html","1.1.3 for 2021-2022 @t1",
"e","l","","236","1653683519812","ShipmentUpdater.html","1.1.3 for 2021-2022 @t1",
"k","l",,"237","1653683519827","ShipmentUpdater.html","1.1.3 for 2021-2022 @t1",
"e"," ","","237","1653683519830","ShipmentUpdater.html","1.1.3 for 2021-2022 @t1",
"e",""," ","237","1653683520029","ShipmentUpdater.html","1.1.3 for 2021-2022 @t1",
"e","e","","237","1653683520030","ShipmentUpdater.html","1.1.3 for 2021-2022 @t1",
"k","e",,"238","1653683520037","ShipmentUpdater.html","1.1.3 for 2021-2022 @t1",
"e"," ","","238","1653683520057","ShipmentUpdater.html","1.1.3 for 2021-2022 @t1",
"e",""," ","238","1653683520101","ShipmentUpdater.html","1.1.3 for 2021-2022 @t1",
"e","t","","238","1653683520102","ShipmentUpdater.html","1.1.3 for 2021-2022 @t1",
"k","t",,"239","1653683520117","ShipmentUpdater.html","1.1.3 for 2021-2022 @t1",
"e"," ","","239","1653683520204","ShipmentUpdater.html","1.1.3 for 2021-2022 @t1",
"k"," ",,"240","1653683520204","ShipmentUpdater.html","1.1.3 for 2021-2022 @t1",
"a","VimInsertExitModeAction",,,"1653683520368","ShipmentUpdater.html","1.1.3 for 2021-2022 @t1",
"a","VimMotionRightAction",,,"1653683520507","ShipmentUpdater.html","1.1.3 for 2021-2022 @t1",
"a","VimMotionRightAction",,,"1653683521001","ShipmentUpdater.html","1.1.3 for 2021-2022 @t1",
"a","VimMotionRightAction",,,"1653683521033","ShipmentUpdater.html","1.1.3 for 2021-2022 @t1",
"a","VimMotionRightAction",,,"1653683521060","ShipmentUpdater.html","1.1.3 for 2021-2022 @t1",
"a","VimMotionRightAction",,,"1653683521094","ShipmentUpdater.html","1.1.3 for 2021-2022 @t1",
"a","VimMotionRightAction",,,"1653683521129","ShipmentUpdater.html","1.1.3 for 2021-2022 @t1",
"a","VimMotionRightAction",,,"1653683521161","ShipmentUpdater.html","1.1.3 for 2021-2022 @t1",
"a","VimMotionRightAction",,,"1653683521187","ShipmentUpdater.html","1.1.3 for 2021-2022 @t1",
"a","VimMotionRightAction",,,"1653683521223","ShipmentUpdater.html","1.1.3 for 2021-2022 @t1",
"a","VimMotionRightAction",,,"1653683521249","ShipmentUpdater.html","1.1.3 for 2021-2022 @t1",
"a","VimMotionRightAction",,,"1653683521284","ShipmentUpdater.html","1.1.3 for 2021-2022 @t1",
"a","VimMotionRightAction",,,"1653683521319","ShipmentUpdater.html","1.1.3 for 2021-2022 @t1",
"a","VimMotionRightAction",,,"1653683521350","ShipmentUpdater.html","1.1.3 for 2021-2022 @t1",
"a","VimMotionRightAction",,,"1653683521382","ShipmentUpdater.html","1.1.3 for 2021-2022 @t1",
"a","VimMotionRightAction",,,"1653683521411","ShipmentUpdater.html","1.1.3 for 2021-2022 @t1",
"a","VimMotionRightAction",,,"1653683521437","ShipmentUpdater.html","1.1.3 for 2021-2022 @t1",
"a","VimMotionRightAction",,,"1653683521476","ShipmentUpdater.html","1.1.3 for 2021-2022 @t1",
"a","VimMotionRightAction",,,"1653683521505","ShipmentUpdater.html","1.1.3 for 2021-2022 @t1",
"a","VimMotionRightAction",,,"1653683521527","ShipmentUpdater.html","1.1.3 for 2021-2022 @t1",
"a","VimMotionRightAction",,,"1653683521571","ShipmentUpdater.html","1.1.3 for 2021-2022 @t1",
"a","VimMotionRightAction",,,"1653683521604","ShipmentUpdater.html","1.1.3 for 2021-2022 @t1",
"a","VimMotionRightAction",,,"1653683521636","ShipmentUpdater.html","1.1.3 for 2021-2022 @t1",
"a","VimMotionRightAction",,,"1653683521668","ShipmentUpdater.html","1.1.3 for 2021-2022 @t1",
"a","VimMotionRightAction",,,"1653683522290","ShipmentUpdater.html","1.1.3 for 2021-2022 @t1",
"a","VimMotionRightAction",,,"1653683522455","ShipmentUpdater.html","1.1.3 for 2021-2022 @t1",
"a","VimMotionRightAction",,,"1653683522742","ShipmentUpdater.html","1.1.3 for 2021-2022 @t1",
"a","VimDeleteMotionAction",,,"1653683524058","ShipmentUpdater.html","1.1.3 for 2021-2022 @t1",
"e","","querySelec","255","1653683524062","ShipmentUpdater.html","1.1.3 for 2021-2022 @t1",
"a","VimInsertAfterCursorAction",,,"1653683524483","ShipmentUpdater.html","1.1.3 for 2021-2022 @t1",
"a","VimEditorBackSpace",,,"1653683525242","ShipmentUpdater.html","1.1.3 for 2021-2022 @t1",
"e","","t","255","1653683525244","ShipmentUpdater.html","1.1.3 for 2021-2022 @t1",
"e","l","","255","1653683525975","ShipmentUpdater.html","1.1.3 for 2021-2022 @t1",
"k","l",,"256","1653683525975","ShipmentUpdater.html","1.1.3 for 2021-2022 @t1",
"e"," ","","256","1653683525989","ShipmentUpdater.html","1.1.3 for 2021-2022 @t1",
"a","VimEditorBackSpace",,,"1653683526281","ShipmentUpdater.html","1.1.3 for 2021-2022 @t1",
"e","","l ","255","1653683526285","ShipmentUpdater.html","1.1.3 for 2021-2022 @t1",
"e","d","","255","1653683526498","ShipmentUpdater.html","1.1.3 for 2021-2022 @t1",
"k","d",,"256","1653683526500","ShipmentUpdater.html","1.1.3 for 2021-2022 @t1",
"e"," ","","256","1653683526514","ShipmentUpdater.html","1.1.3 for 2021-2022 @t1",
"e",""," ","256","1653683526601","ShipmentUpdater.html","1.1.3 for 2021-2022 @t1",
"e","o","","256","1653683526602","ShipmentUpdater.html","1.1.3 for 2021-2022 @t1",
"k","o",,"257","1653683526611","ShipmentUpdater.html","1.1.3 for 2021-2022 @t1",
"e","c","","257","1653683526885","ShipmentUpdater.html","1.1.3 for 2021-2022 @t1",
"k","c",,"258","1653683526891","ShipmentUpdater.html","1.1.3 for 2021-2022 @t1",
"e","u","","258","1653683527008","ShipmentUpdater.html","1.1.3 for 2021-2022 @t1",
"k","u",,"259","1653683527039","ShipmentUpdater.html","1.1.3 for 2021-2022 @t1",
"e","m","","259","1653683527727","ShipmentUpdater.html","1.1.3 for 2021-2022 @t1",
"k","m",,"260","1653683527727","ShipmentUpdater.html","1.1.3 for 2021-2022 @t1",
"e","e","","260","1653683527894","ShipmentUpdater.html","1.1.3 for 2021-2022 @t1",
"k","e",,"261","1653683527895","ShipmentUpdater.html","1.1.3 for 2021-2022 @t1",
"e","n","","261","1653683528002","ShipmentUpdater.html","1.1.3 for 2021-2022 @t1",
"k","n",,"262","1653683528002","ShipmentUpdater.html","1.1.3 for 2021-2022 @t1",
"e","t","","262","1653683528166","ShipmentUpdater.html","1.1.3 for 2021-2022 @t1",
"k","t",,"263","1653683528166","ShipmentUpdater.html","1.1.3 for 2021-2022 @t1",
"e",".","","263","1653683528564","ShipmentUpdater.html","1.1.3 for 2021-2022 @t1",
"k",".",,"264","1653683528566","ShipmentUpdater.html","1.1.3 for 2021-2022 @t1",
"e"," ","","264","1653683528574","ShipmentUpdater.html","1.1.3 for 2021-2022 @t1",
"a","Reload From Disk",,,"1653683679713","ShipmentUpdater.html","1.1.3 for 2021-2022 @t1",
"e","","shipmentInfo = document.","240","1653683679713","ShipmentUpdater.html","1.1.3 for 2021-2022 @t1",
"e","update = function() {
        let shipmentInfo = document.querySelector(""#shipment-info"").nodeValue
        console.log(shipmentInfo)
    }
   ","","240","1653683679714","ShipmentUpdater.html","1.1.3 for 2021-2022 @t1",
"a","EditorChange",,,"1653684309929","ShipmentUpdater.html","1.1.3 for 2021-2022 @t1",
"a","Reload From Disk",,,"1653684310209","ShipmentUpdater.html","1.1.3 for 2021-2022 @t1",
"e","
    ","","117","1653684310209","ShipmentUpdater.html","1.1.3 for 2021-2022 @t1",
"e","","<textarea id=""shipment-info"">

</textarea>","176","1653684310209","ShipmentUpdater.html","1.1.3 for 2021-2022 @t1",
"e","
    <div>
        <input type=""text"" label=""ShipmentId"">
        <button id=""update"">Update Shipment</button>
    </div>
","","176","1653684310210","ShipmentUpdater.html","1.1.3 for 2021-2022 @t1",
"e","","nodeV","415","1653684310209","ShipmentUpdater.html","1.1.3 for 2021-2022 @t1",
"e","v","","415","1653684310210","ShipmentUpdater.html","1.1.3 for 2021-2022 @t1",
"e","    let button = document.querySelector(""#update"")
    button.onclick = update
","","466","1653684310209","ShipmentUpdater.html","1.1.3 for 2021-2022 @t1",
"a","Reload From Disk",,,"1653684854973","ShipmentUpdater.html","1.1.3 for 2021-2022 @t1",
"e","","input type=""text"" label=""ShipmentId"">
        <button id=""update"">Update Shipment</button>
    </div>

</body>

<script>
    let update = function() {
        let shipmentInfo = document.querySelector(""#shipment-info"").value
        console.log(shipmentInfo","196","1653684854973","ShipmentUpdater.html","1.1.3 for 2021-2022 @t1",
"e","p>
            <label for=""shipment-id"">Shipment Id:</label>
            <input type=""text"" name=""shipment-id"" id=""shipment-id"">
        </p>

        <p>
            <label for=""shipment-status"">Status:</label>
            <input type=""text"" name=""shipment-status"" id=""shipment-status"">
        </p>

        <p>
            <label for=""shipment-info"">Additional Info:</label>
            <input type=""text"" name=""shipment-info"" id=""shipment-info"">
        </p>

        <button id=""update"">Update Shipment</button>
    </div>

</body>

<script>
    let update = function() {
        let shipmentId = document.querySelector(""#shipment-id"").value
        let shipmentStatus = document.querySelector(""#shipment-status"").value
        let shipmentInfo = document.querySelector(""#shipment-info"").value
        let timestamp = new Date().getTime()
        console.log(shipmentId)
        console.log(shipmentStatus)
        console.log(shipmentInfo)
        console.log(timestamp","","196","1653684854974","ShipmentUpdater.html","1.1.3 for 2021-2022 @t1",
"a","Reload From Disk",,,"1653685144307","ShipmentUpdater.html","1.1.3 for 2021-2022 @t1",
"e","","shipment","611","1653685144307","ShipmentUpdater.html","1.1.3 for 2021-2022 @t1",
"e","additional","","611","1653685144308","ShipmentUpdater.html","1.1.3 for 2021-2022 @t1",
"e","","shipment","632","1653685144307","ShipmentUpdater.html","1.1.3 for 2021-2022 @t1",
"e","additional","","632","1653685144308","ShipmentUpdater.html","1.1.3 for 2021-2022 @t1",
"e","","shipment","937","1653685144307","ShipmentUpdater.html","1.1.3 for 2021-2022 @t1",
"e","additional","","937","1653685144308","ShipmentUpdater.html","1.1.3 for 2021-2022 @t1",
"e","","shipment","979","1653685144307","ShipmentUpdater.html","1.1.3 for 2021-2022 @t1",
"e","additional","","979","1653685144308","ShipmentUpdater.html","1.1.3 for 2021-2022 @t1",
"e","","console.log(shipmentId)
        console.log(shipmentStatus)
        console.log(shipmentInfo)
        console.log(timestamp)","1056","1653685144307","ShipmentUpdater.html","1.1.3 for 2021-2022 @t1",
"e","fetch(`http://localhost:8000/update?shipment=${shipmentId}&newStatus=${shipmentStatus}&timeStamp=${timestamp}&additionalInfo=${additionalInfo}`)
            .then(response => response.json()) 
            .then(data => console.log(data))

            ","","1056","1653685144308","ShipmentUpdater.html","1.1.3 for 2021-2022 @t1",
"a","Comment with Line Comment",,,"1653685147522","ShipmentUpdater.html","1.1.3 for 2021-2022 @t1",
"a","VimMotionDownAction",,,"1653685149523","ShipmentUpdater.html","1.1.3 for 2021-2022 @t1",
"a","VimMotionDownAction",,,"1653685149979","ShipmentUpdater.html","1.1.3 for 2021-2022 @t1",
"a","VimMotionUpAction",,,"1653685150322","ShipmentUpdater.html","1.1.3 for 2021-2022 @t1",
"a","VimMotionRightAction",,,"1653685150616","ShipmentUpdater.html","1.1.3 for 2021-2022 @t1",
"a","VimMotionRightAction",,,"1653685150762","ShipmentUpdater.html","1.1.3 for 2021-2022 @t1",
"a","VimMotionRightAction",,,"1653685151251","ShipmentUpdater.html","1.1.3 for 2021-2022 @t1",
"a","VimMotionRightAction",,,"1653685151299","ShipmentUpdater.html","1.1.3 for 2021-2022 @t1",
"a","VimMotionRightAction",,,"1653685151330","ShipmentUpdater.html","1.1.3 for 2021-2022 @t1",
"a","VimMotionRightAction",,,"1653685151361","ShipmentUpdater.html","1.1.3 for 2021-2022 @t1",
"a","VimMotionRightAction",,,"1653685151393","ShipmentUpdater.html","1.1.3 for 2021-2022 @t1",
"a","VimMotionRightAction",,,"1653685151425","ShipmentUpdater.html","1.1.3 for 2021-2022 @t1",
"a","VimMotionRightAction",,,"1653685151535","ShipmentUpdater.html","1.1.3 for 2021-2022 @t1",
"a","VimMotionLeftAction",,,"1653685151822","ShipmentUpdater.html","1.1.3 for 2021-2022 @t1",
"a","VimMotionLeftAction",,,"1653685151980","ShipmentUpdater.html","1.1.3 for 2021-2022 @t1",
"a","VimExEntryAction",,,"1653685153325","ShipmentUpdater.html","1.1.3 for 2021-2022 @t1",
"a","VimProcessExEntryAction",,,"1653685153564","ShipmentUpdater.html","1.1.3 for 2021-2022 @t1",
"a","EditorChange",,,"1653685213607","ShipmentUpdater.html","1.1.3 for 2021-2022 @t1",
"a","Reload From Disk",,,"1653685583548","ShipmentUpdater.html","1.1.3 for 2021-2022 @t1",
"e","","localhost:800","1070","1653685583556","ShipmentUpdater.html","1.1.3 for 2021-2022 @t1",
"e","127.0.0.1:808","","1070","1653685583557","ShipmentUpdater.html","1.1.3 for 2021-2022 @t1",
"a","VimInsertNewLineAboveAction",,,"1653685588462","ShipmentUpdater.html","1.1.3 for 2021-2022 @t1",
"a","VimEditorBackSpace",,,"1653685592887","ShipmentUpdater.html","1.1.3 for 2021-2022 @t1",
"a","VimEditorBackSpace",,,"1653685593088","ShipmentUpdater.html","1.1.3 for 2021-2022 @t1",
"a","VimEditorBackSpace",,,"1653685593262","ShipmentUpdater.html","1.1.3 for 2021-2022 @t1",
"a","VimEditorBackSpace",,,"1653685593428","ShipmentUpdater.html","1.1.3 for 2021-2022 @t1",
"a","VimEditorBackSpace",,,"1653685595014","ShipmentUpdater.html","1.1.3 for 2021-2022 @t1",
"a","VimEditorBackSpace",,,"1653685595212","ShipmentUpdater.html","1.1.3 for 2021-2022 @t1",
"a","VimEditorBackSpace",,,"1653685595738","ShipmentUpdater.html","1.1.3 for 2021-2022 @t1",
"a","VimEditorBackSpace",,,"1653685596004","ShipmentUpdater.html","1.1.3 for 2021-2022 @t1",
"a","VimEditorBackSpace",,,"1653685596099","ShipmentUpdater.html","1.1.3 for 2021-2022 @t1",
"e","","127.0.0.1","1070","1653686070735","ShipmentUpdater.html","1.1.3 for 2021-2022 @t1",
"e","localhost","","1070","1653686070736","ShipmentUpdater.html","1.1.3 for 2021-2022 @t1",
"e","","localhost","1070","1653686287526","ShipmentUpdater.html","1.1.3 for 2021-2022 @t1",
"e","127.0.0.1","","1070","1653686287527","ShipmentUpdater.html","1.1.3 for 2021-2022 @t1",
