"e","<!DOCTYPE html>
<html lang=""en"">
<head>
    <meta charset=""UTF-8"">
    <title>ShipmentUpdater</title>
</head>
<body>

    <h1>Please Enter the shipping information below:</h1>

    <div>
        <p>
            <select name=""shipment-status"" id=""shipment-status"" oninput=""statusChecker()"">
                <option value=""created"">Created</option>
                <option value=""cancelled"">Cancelled</option>
                <option value=""delayed"">Delayed</option>
                <option value=""delivered"">Delivered</option>
                <option value=""location"">Location</option>
                <option value=""lost"">Lost</option>
                <option value=""noteadded"">Note Added</option>
                <option value=""shipped"">Shipped</option>
            </select>
            <label for=""shipment-status""> : Status</label>
        </p>

        <p>
            <input type=""text"" name=""shipment-id"" id=""shipment-id"" onchange=""statusChecker"">
            <label for=""shipment-id""> : Shipment Id</label>
        </p>


    <p>
        <input type=""text"" name=""additional-info"" id=""additional-info"">
        <label for=""additional-info""> : Additional Info</label>
    </p>

    <p>
        <select name=""shipment-type"" id=""shipment-type"">
            <option value=""bulk"">Bulk</option>
            <option value=""express"">Express</option>
            <option value=""overnight"">Overnight</option>
            <option value=""standard"">Standard</option>
        </select>
        <label for=""shipment-type""> : Shipment Type</label>
    </p>
    <button id=""update"">Update Shipment</button>
</div>

</body>

<script>
let update = function() {
    let shipmentId = document.querySelector(""#shipment-id"").value
    let shipmentStatus = document.querySelector(""#shipment-status"").value
    let additionalInfo = document.querySelector(""#additional-info"").value
    let timestamp = new Date().getTime()
    let type = document.querySelector(""#shipment-type"").value
    fetch(`http://127.0.0.1:8080/update?shipmentId=${shipmentId}&newStatus=${shipmentStatus}&timestamp=${timestamp}&additionalInformation=${additionalInfo}&type=${type}`)
        .then(response => response.text())
        .then(value => {
            console.log(value)
            let newDiv = document.createElement(""div"")
            let message = document.createElement(""p"")
            message.textContent = value
            message.style.fontSize = ""xx-large""
            message.style.color = ""white""
            message.style.padding = ""16px""
            //Determine color
            if (value== ""success"") {
                newDiv.style.backgroundColor = 'green'
            } else {
                newDiv.style.backgroundColor = 'red'
            }

            newDiv.style.height = ""80px""
            newDiv.style.width = ""50%""
            newDiv.style.borderRadius = ""16px""
            newDiv.appendChild(message)
            newDiv.onclick = function() {newDiv.remove()}
            document.body.appendChild(newDiv)
        })

}

let button = document.querySelector(""#update"")
button.onclick = update
</script>

<script>
    function statusChecker() {
        let textToCheck = document.querySelector(""#shipment-status"").value
        let toEnable = document.querySelector(""#shipment-type"")
        if (textToCheck == ""created"") {
            toEnable.disabled = false
        } else {
            toEnable.disabled = true
        }
        console.log(""hello"")
    }
</script>
</html>
","","0","1654371435861","ShipmentUpdater.html","1.1.3 for 2021-2022 @t1",
"e",".","","2569","1654371436737","ShipmentUpdater.html","1.1.3 for 2021-2022 @t1",
"k",".",,"2570","1654371436737","ShipmentUpdater.html","1.1.3 for 2021-2022 @t1",
"e"," ","","2570","1654371436810","ShipmentUpdater.html","1.1.3 for 2021-2022 @t1",
"e",""," ","2570","1654371437093","ShipmentUpdater.html","1.1.3 for 2021-2022 @t1",
"e","i","","2570","1654371437094","ShipmentUpdater.html","1.1.3 for 2021-2022 @t1",
"k","i",,"2571","1654371437093","ShipmentUpdater.html","1.1.3 for 2021-2022 @t1",
"e","n","","2571","1654371437183","ShipmentUpdater.html","1.1.3 for 2021-2022 @t1",
"k","n",,"2572","1654371437183","ShipmentUpdater.html","1.1.3 for 2021-2022 @t1",
"e","c","","2572","1654371437361","ShipmentUpdater.html","1.1.3 for 2021-2022 @t1",
"k","c",,"2573","1654371437365","ShipmentUpdater.html","1.1.3 for 2021-2022 @t1",
"e","l","","2573","1654371437460","ShipmentUpdater.html","1.1.3 for 2021-2022 @t1",
"k","l",,"2574","1654371437461","ShipmentUpdater.html","1.1.3 for 2021-2022 @t1",
"e","u","","2574","1654371437555","ShipmentUpdater.html","1.1.3 for 2021-2022 @t1",
"k","u",,"2575","1654371437559","ShipmentUpdater.html","1.1.3 for 2021-2022 @t1",
"e","e","","2575","1654371437863","ShipmentUpdater.html","1.1.3 for 2021-2022 @t1",
"k","e",,"2576","1654371437867","ShipmentUpdater.html","1.1.3 for 2021-2022 @t1",
"e","","e","2575","1654371438225","ShipmentUpdater.html","1.1.3 for 2021-2022 @t1",
"e","d","","2575","1654371438301","ShipmentUpdater.html","1.1.3 for 2021-2022 @t1",
"k","d",,"2576","1654371438301","ShipmentUpdater.html","1.1.3 for 2021-2022 @t1",
"e"," ","","2576","1654371438317","ShipmentUpdater.html","1.1.3 for 2021-2022 @t1",
"e",""," ","2576","1654371438439","ShipmentUpdater.html","1.1.3 for 2021-2022 @t1",
"e","e","","2576","1654371438440","ShipmentUpdater.html","1.1.3 for 2021-2022 @t1",
"k","e",,"2577","1654371438443","ShipmentUpdater.html","1.1.3 for 2021-2022 @t1",
"e","s","","2577","1654371438506","ShipmentUpdater.html","1.1.3 for 2021-2022 @t1",
"k","s",,"2578","1654371438510","ShipmentUpdater.html","1.1.3 for 2021-2022 @t1",
"e","(","","2578","1654371440405","ShipmentUpdater.html","1.1.3 for 2021-2022 @t1",
"k","(",,"2579","1654371440409","ShipmentUpdater.html","1.1.3 for 2021-2022 @t1",
"e",")","","2579","1654371440417","ShipmentUpdater.html","1.1.3 for 2021-2022 @t1",
"k",")",,"2580","1654371440417","ShipmentUpdater.html","1.1.3 for 2021-2022 @t1",
"e","(","","2580","1654371441393","ShipmentUpdater.html","1.1.3 for 2021-2022 @t1",
"k","(",,"2581","1654371441397","ShipmentUpdater.html","1.1.3 for 2021-2022 @t1",
"e","","(","2580","1654371442362","ShipmentUpdater.html","1.1.3 for 2021-2022 @t1",
"e","","=","2581","1654371442509","ShipmentUpdater.html","1.1.3 for 2021-2022 @t1",
"e","","=","2580","1654371442884","ShipmentUpdater.html","1.1.3 for 2021-2022 @t1",
"e",""," ","2580","1654371443355","ShipmentUpdater.html","1.1.3 for 2021-2022 @t1",
"e","","""success""","2580","1654371446644","ShipmentUpdater.html","1.1.3 for 2021-2022 @t1",
"p","""success""",,"2579","1654371447685","ShipmentUpdater.html","1.1.3 for 2021-2022 @t1",
"e","""success""","","2579","1654371447689","ShipmentUpdater.html","1.1.3 for 2021-2022 @t1",
"e","","s","2580","1654371453714","ShipmentUpdater.html","1.1.3 for 2021-2022 @t1",
"e","S","","2580","1654371453715","ShipmentUpdater.html","1.1.3 for 2021-2022 @t1",
"e","    
        ","","2556","1654371799415","ShipmentUpdater.html","1.1.3 for 2021-2022 @t1",
"e","d","","2560","1654371799935","ShipmentUpdater.html","1.1.3 for 2021-2022 @t1",
"k","d",,"2561","1654371799936","ShipmentUpdater.html","1.1.3 for 2021-2022 @t1",
"e"," ","","2561","1654371799951","ShipmentUpdater.html","1.1.3 for 2021-2022 @t1",
"e",""," ","2561","1654371800100","ShipmentUpdater.html","1.1.3 for 2021-2022 @t1",
"e","e","","2561","1654371800101","ShipmentUpdater.html","1.1.3 for 2021-2022 @t1",
"k","e",,"2562","1654371800101","ShipmentUpdater.html","1.1.3 for 2021-2022 @t1",
"e","b","","2562","1654371800340","ShipmentUpdater.html","1.1.3 for 2021-2022 @t1",
"k","b",,"2563","1654371800341","ShipmentUpdater.html","1.1.3 for 2021-2022 @t1",
"e","u","","2563","1654371800474","ShipmentUpdater.html","1.1.3 for 2021-2022 @t1",
"k","u",,"2564","1654371800475","ShipmentUpdater.html","1.1.3 for 2021-2022 @t1",
"e","g","","2564","1654371800683","ShipmentUpdater.html","1.1.3 for 2021-2022 @t1",
"k","g",,"2565","1654371800684","ShipmentUpdater.html","1.1.3 for 2021-2022 @t1",
"e","g","","2565","1654371800809","ShipmentUpdater.html","1.1.3 for 2021-2022 @t1",
"k","g",,"2566","1654371800809","ShipmentUpdater.html","1.1.3 for 2021-2022 @t1",
"e","e","","2566","1654371800968","ShipmentUpdater.html","1.1.3 for 2021-2022 @t1",
"k","e",,"2567","1654371800970","ShipmentUpdater.html","1.1.3 for 2021-2022 @t1",
"e","r","","2567","1654371801038","ShipmentUpdater.html","1.1.3 for 2021-2022 @t1",
"k","r",,"2568","1654371801039","ShipmentUpdater.html","1.1.3 for 2021-2022 @t1",
"e",";","","2568","1654371801623","ShipmentUpdater.html","1.1.3 for 2021-2022 @t1",
"k",";",,"2569","1654371801624","ShipmentUpdater.html","1.1.3 for 2021-2022 @t1",
"e","","l","384","1654371985837","ShipmentUpdater.html","1.1.3 for 2021-2022 @t1",
"e","","l","394","1654371987694","ShipmentUpdater.html","1.1.3 for 2021-2022 @t1",
"e","-->","","2797","1654404320038","ShipmentUpdater.html","1.1.3 for 2021-2022 @t1",
"e","<!--","","2757","1654404320046","ShipmentUpdater.html","1.1.3 for 2021-2022 @t1",
"e","","<!--            newDiv.style.height = ""80px""-->
","2757","1654404324114","ShipmentUpdater.html","1.1.3 for 2021-2022 @t1",
"a","Move Cursor",,,"1654407983926","ShipmentUpdater.html","1.1.3 for 2021-2022 @t1",
"a","Move Cursor",,,"1654407984174","ShipmentUpdater.html","1.1.3 for 2021-2022 @t1",
"a","Move Cursor",,,"1654407984285","ShipmentUpdater.html","1.1.3 for 2021-2022 @t1",
"a","Move Cursor",,,"1654407984395","ShipmentUpdater.html","1.1.3 for 2021-2022 @t1",
"a","Move Cursor",,,"1654407984505","ShipmentUpdater.html","1.1.3 for 2021-2022 @t1",
"a","Move Cursor",,,"1654407984613","ShipmentUpdater.html","1.1.3 for 2021-2022 @t1",
"a","Move Cursor",,,"1654407984724","ShipmentUpdater.html","1.1.3 for 2021-2022 @t1",
"a","Move Cursor",,,"1654407984834","ShipmentUpdater.html","1.1.3 for 2021-2022 @t1",
"a","Move Cursor",,,"1654407984959","ShipmentUpdater.html","1.1.3 for 2021-2022 @t1",
"a","Move Cursor",,,"1654407985068","ShipmentUpdater.html","1.1.3 for 2021-2022 @t1",
"a","Move Cursor",,,"1654407985179","ShipmentUpdater.html","1.1.3 for 2021-2022 @t1",
"a","Move Cursor",,,"1654407985288","ShipmentUpdater.html","1.1.3 for 2021-2022 @t1",
"a","Move Cursor",,,"1654407985399","ShipmentUpdater.html","1.1.3 for 2021-2022 @t1",
"a","Move Cursor",,,"1654407985509","ShipmentUpdater.html","1.1.3 for 2021-2022 @t1",
"a","Move Cursor",,,"1654407985619","ShipmentUpdater.html","1.1.3 for 2021-2022 @t1",
"a","Move Cursor",,,"1654407985728","ShipmentUpdater.html","1.1.3 for 2021-2022 @t1",
"a","Move Cursor",,,"1654407985837","ShipmentUpdater.html","1.1.3 for 2021-2022 @t1",
"a","Move Cursor",,,"1654407985946","ShipmentUpdater.html","1.1.3 for 2021-2022 @t1",
"a","Move Cursor",,,"1654407986054","ShipmentUpdater.html","1.1.3 for 2021-2022 @t1",
"a","Move Cursor",,,"1654407986165","ShipmentUpdater.html","1.1.3 for 2021-2022 @t1",
"a","Move Cursor",,,"1654407986274","ShipmentUpdater.html","1.1.3 for 2021-2022 @t1",
"a","Move Cursor",,,"1654407986384","ShipmentUpdater.html","1.1.3 for 2021-2022 @t1",
"a","Move Cursor",,,"1654407986493","ShipmentUpdater.html","1.1.3 for 2021-2022 @t1",
"a","Move Cursor",,,"1654407986604","ShipmentUpdater.html","1.1.3 for 2021-2022 @t1",
"a","Move Cursor",,,"1654407986712","ShipmentUpdater.html","1.1.3 for 2021-2022 @t1",
"a","Move Cursor",,,"1654407986820","ShipmentUpdater.html","1.1.3 for 2021-2022 @t1",
"a","Move Cursor",,,"1654407986928","ShipmentUpdater.html","1.1.3 for 2021-2022 @t1",
"a","Move Cursor",,,"1654407987036","ShipmentUpdater.html","1.1.3 for 2021-2022 @t1",
"a","Move Cursor",,,"1654407987144","ShipmentUpdater.html","1.1.3 for 2021-2022 @t1",
"a","Move Cursor",,,"1654407987253","ShipmentUpdater.html","1.1.3 for 2021-2022 @t1",
"a","Move Cursor",,,"1654407987363","ShipmentUpdater.html","1.1.3 for 2021-2022 @t1",
"a","Move Cursor",,,"1654407987473","ShipmentUpdater.html","1.1.3 for 2021-2022 @t1",
"a","Move Cursor",,,"1654407987583","ShipmentUpdater.html","1.1.3 for 2021-2022 @t1",
"a","Move Cursor",,,"1654407987692","ShipmentUpdater.html","1.1.3 for 2021-2022 @t1",
"a","Move Cursor",,,"1654407987802","ShipmentUpdater.html","1.1.3 for 2021-2022 @t1",
"a","Move Cursor",,,"1654407987912","ShipmentUpdater.html","1.1.3 for 2021-2022 @t1",
"a","Move Cursor",,,"1654407988019","ShipmentUpdater.html","1.1.3 for 2021-2022 @t1",
"a","Move Cursor",,,"1654407988130","ShipmentUpdater.html","1.1.3 for 2021-2022 @t1",
"a","Move Cursor",,,"1654407988240","ShipmentUpdater.html","1.1.3 for 2021-2022 @t1",
"a","Move Cursor",,,"1654407988363","ShipmentUpdater.html","1.1.3 for 2021-2022 @t1",
"a","Move Cursor",,,"1654407988458","ShipmentUpdater.html","1.1.3 for 2021-2022 @t1",
"a","Move Cursor",,,"1654407988567","ShipmentUpdater.html","1.1.3 for 2021-2022 @t1",
"a","Move Cursor",,,"1654407988677","ShipmentUpdater.html","1.1.3 for 2021-2022 @t1",
"a","Move Cursor",,,"1654407988787","ShipmentUpdater.html","1.1.3 for 2021-2022 @t1",
"a","Move Cursor",,,"1654407988898","ShipmentUpdater.html","1.1.3 for 2021-2022 @t1",
"a","Move Cursor",,,"1654407989008","ShipmentUpdater.html","1.1.3 for 2021-2022 @t1",
"a","Move Cursor",,,"1654407989116","ShipmentUpdater.html","1.1.3 for 2021-2022 @t1",
"a","VimYankVisualAction",,,"1654407992204","ShipmentUpdater.html","1.1.3 for 2021-2022 @t1",
"a","VimEditorBackSpace",,,"1654407995615","ShipmentUpdater.html","1.1.3 for 2021-2022 @t1",
"a","VimEditorBackSpace",,,"1654407995803","ShipmentUpdater.html","1.1.3 for 2021-2022 @t1",
"a","VimEditorBackSpace",,,"1654407995968","ShipmentUpdater.html","1.1.3 for 2021-2022 @t1",
"a","VimEditorBackSpace",,,"1654407996119","ShipmentUpdater.html","1.1.3 for 2021-2022 @t1",
"a","VimEditorBackSpace",,,"1654407996275","ShipmentUpdater.html","1.1.3 for 2021-2022 @t1",
"a","VimInsertExitModeAction",,,"1654407996919","ShipmentUpdater.html","1.1.3 for 2021-2022 @t1",
"a","VimPutTextAfterCursorAction",,,"1654407997044","ShipmentUpdater.html","1.1.3 for 2021-2022 @t1",
"a","VimMotionLeftAction",,,"1654407999001","ShipmentUpdater.html","1.1.3 for 2021-2022 @t1",
"a","VimMotionLeftAction",,,"1654407999171","ShipmentUpdater.html","1.1.3 for 2021-2022 @t1",
"a","VimMotionLeftAction",,,"1654407999333","ShipmentUpdater.html","1.1.3 for 2021-2022 @t1",
"a","VimMotionLeftAction",,,"1654407999480","ShipmentUpdater.html","1.1.3 for 2021-2022 @t1",
"a","VimMotionLeftAction",,,"1654407999629","ShipmentUpdater.html","1.1.3 for 2021-2022 @t1",
"a","VimMotionLeftAction",,,"1654407999838","ShipmentUpdater.html","1.1.3 for 2021-2022 @t1",
"a","VimDeleteCharacterRightAction",,,"1654408000097","ShipmentUpdater.html","1.1.3 for 2021-2022 @t1",
"a","VimDeleteCharacterRightAction",,,"1654408000268","ShipmentUpdater.html","1.1.3 for 2021-2022 @t1",
"a","VimDeleteCharacterRightAction",,,"1654408000444","ShipmentUpdater.html","1.1.3 for 2021-2022 @t1",
"a","VimDeleteCharacterRightAction",,,"1654408000604","ShipmentUpdater.html","1.1.3 for 2021-2022 @t1",
"a","VimDeleteCharacterRightAction",,,"1654408000773","ShipmentUpdater.html","1.1.3 for 2021-2022 @t1",
"a","VimDeleteCharacterRightAction",,,"1654408000954","ShipmentUpdater.html","1.1.3 for 2021-2022 @t1",
"a","VimDeleteCharacterRightAction",,,"1654408001771","ShipmentUpdater.html","1.1.3 for 2021-2022 @t1",
"a","VimInsertBeforeCursorAction",,,"1654408001974","ShipmentUpdater.html","1.1.3 for 2021-2022 @t1",
"a","VimEditorBackSpace",,,"1654408003082","ShipmentUpdater.html","1.1.3 for 2021-2022 @t1",
"a","VimEditorBackSpace",,,"1654408003221","ShipmentUpdater.html","1.1.3 for 2021-2022 @t1",
"a","VimInsertExitModeAction",,,"1654408004539","ShipmentUpdater.html","1.1.3 for 2021-2022 @t1",
"a","VimMotionLeftAction",,,"1654408004693","ShipmentUpdater.html","1.1.3 for 2021-2022 @t1",
"a","VimMotionLeftAction",,,"1654408005189","ShipmentUpdater.html","1.1.3 for 2021-2022 @t1",
"a","VimMotionLeftAction",,,"1654408005220","ShipmentUpdater.html","1.1.3 for 2021-2022 @t1",
"a","VimMotionLeftAction",,,"1654408005253","ShipmentUpdater.html","1.1.3 for 2021-2022 @t1",
"a","VimMotionLeftAction",,,"1654408005285","ShipmentUpdater.html","1.1.3 for 2021-2022 @t1",
"a","VimMotionLeftAction",,,"1654408005318","ShipmentUpdater.html","1.1.3 for 2021-2022 @t1",
"a","VimMotionLeftAction",,,"1654408005349","ShipmentUpdater.html","1.1.3 for 2021-2022 @t1",
"a","VimMotionLeftAction",,,"1654408005379","ShipmentUpdater.html","1.1.3 for 2021-2022 @t1",
"a","VimMotionLeftAction",,,"1654408005412","ShipmentUpdater.html","1.1.3 for 2021-2022 @t1",
"a","VimMotionLeftAction",,,"1654408005443","ShipmentUpdater.html","1.1.3 for 2021-2022 @t1",
"a","VimMotionLeftAction",,,"1654408005475","ShipmentUpdater.html","1.1.3 for 2021-2022 @t1",
"a","VimMotionLeftAction",,,"1654408005507","ShipmentUpdater.html","1.1.3 for 2021-2022 @t1",
"a","VimMotionLeftAction",,,"1654408005540","ShipmentUpdater.html","1.1.3 for 2021-2022 @t1",
"a","VimMotionLeftAction",,,"1654408005571","ShipmentUpdater.html","1.1.3 for 2021-2022 @t1",
"a","VimMotionLeftAction",,,"1654408005603","ShipmentUpdater.html","1.1.3 for 2021-2022 @t1",
"a","VimMotionLeftAction",,,"1654408005633","ShipmentUpdater.html","1.1.3 for 2021-2022 @t1",
"a","VimMotionLeftAction",,,"1654408005665","ShipmentUpdater.html","1.1.3 for 2021-2022 @t1",
"a","VimMotionLeftAction",,,"1654408005697","ShipmentUpdater.html","1.1.3 for 2021-2022 @t1",
"a","VimMotionLeftAction",,,"1654408005730","ShipmentUpdater.html","1.1.3 for 2021-2022 @t1",
"a","VimMotionLeftAction",,,"1654408005762","ShipmentUpdater.html","1.1.3 for 2021-2022 @t1",
"a","VimMotionLeftAction",,,"1654408005795","ShipmentUpdater.html","1.1.3 for 2021-2022 @t1",
"a","VimMotionLeftAction",,,"1654408005826","ShipmentUpdater.html","1.1.3 for 2021-2022 @t1",
"a","VimMotionLeftAction",,,"1654408005857","ShipmentUpdater.html","1.1.3 for 2021-2022 @t1",
"a","VimMotionLeftAction",,,"1654408005888","ShipmentUpdater.html","1.1.3 for 2021-2022 @t1",
"a","VimMotionLeftAction",,,"1654408005921","ShipmentUpdater.html","1.1.3 for 2021-2022 @t1",
"a","VimMotionLeftAction",,,"1654408005953","ShipmentUpdater.html","1.1.3 for 2021-2022 @t1",
"a","VimMotionLeftAction",,,"1654408005983","ShipmentUpdater.html","1.1.3 for 2021-2022 @t1",
"a","VimMotionLeftAction",,,"1654408006017","ShipmentUpdater.html","1.1.3 for 2021-2022 @t1",
"a","VimMotionLeftAction",,,"1654408006047","ShipmentUpdater.html","1.1.3 for 2021-2022 @t1",
"a","VimMotionLeftAction",,,"1654408006080","ShipmentUpdater.html","1.1.3 for 2021-2022 @t1",
"a","VimMotionLeftAction",,,"1654408006418","ShipmentUpdater.html","1.1.3 for 2021-2022 @t1",
"a","VimMotionRightAction",,,"1654408006805","ShipmentUpdater.html","1.1.3 for 2021-2022 @t1",
"a","VimDeleteCharacterRightAction",,,"1654408007147","ShipmentUpdater.html","1.1.3 for 2021-2022 @t1",
"a","VimDeleteCharacterRightAction",,,"1654408007305","ShipmentUpdater.html","1.1.3 for 2021-2022 @t1",
"a","VimDeleteCharacterRightAction",,,"1654408007469","ShipmentUpdater.html","1.1.3 for 2021-2022 @t1",
"a","VimDeleteCharacterRightAction",,,"1654408007632","ShipmentUpdater.html","1.1.3 for 2021-2022 @t1",
"a","VimDeleteCharacterRightAction",,,"1654408007811","ShipmentUpdater.html","1.1.3 for 2021-2022 @t1",
"a","VimDeleteCharacterRightAction",,,"1654408007974","ShipmentUpdater.html","1.1.3 for 2021-2022 @t1",
"a","VimDeleteCharacterRightAction",,,"1654408008294","ShipmentUpdater.html","1.1.3 for 2021-2022 @t1",
"a","VimDeleteCharacterRightAction",,,"1654408008342","ShipmentUpdater.html","1.1.3 for 2021-2022 @t1",
"a","VimDeleteCharacterRightAction",,,"1654408008536","ShipmentUpdater.html","1.1.3 for 2021-2022 @t1",
"a","VimDeleteCharacterRightAction",,,"1654408008716","ShipmentUpdater.html","1.1.3 for 2021-2022 @t1",
"a","VimDeleteCharacterRightAction",,,"1654408008914","ShipmentUpdater.html","1.1.3 for 2021-2022 @t1",
"a","VimDeleteCharacterRightAction",,,"1654408009106","ShipmentUpdater.html","1.1.3 for 2021-2022 @t1",
"a","VimDeleteCharacterRightAction",,,"1654408009307","ShipmentUpdater.html","1.1.3 for 2021-2022 @t1",
"a","VimDeleteCharacterRightAction",,,"1654408009492","ShipmentUpdater.html","1.1.3 for 2021-2022 @t1",
"a","VimDeleteCharacterRightAction",,,"1654408009689","ShipmentUpdater.html","1.1.3 for 2021-2022 @t1",
"a","VimDeleteCharacterRightAction",,,"1654408009876","ShipmentUpdater.html","1.1.3 for 2021-2022 @t1",
"a","VimDeleteCharacterRightAction",,,"1654408010104","ShipmentUpdater.html","1.1.3 for 2021-2022 @t1",
"a","VimMotionLeftAction",,,"1654408011923","ShipmentUpdater.html","1.1.3 for 2021-2022 @t1",
"a","VimMotionLeftAction",,,"1654408012419","ShipmentUpdater.html","1.1.3 for 2021-2022 @t1",
"a","VimMotionLeftAction",,,"1654408012451","ShipmentUpdater.html","1.1.3 for 2021-2022 @t1",
"a","VimMotionLeftAction",,,"1654408012483","ShipmentUpdater.html","1.1.3 for 2021-2022 @t1",
"a","VimMotionLeftAction",,,"1654408012513","ShipmentUpdater.html","1.1.3 for 2021-2022 @t1",
"a","VimMotionLeftAction",,,"1654408012547","ShipmentUpdater.html","1.1.3 for 2021-2022 @t1",
"a","VimMotionLeftAction",,,"1654408012576","ShipmentUpdater.html","1.1.3 for 2021-2022 @t1",
"a","VimMotionLeftAction",,,"1654408012609","ShipmentUpdater.html","1.1.3 for 2021-2022 @t1",
"a","VimMotionLeftAction",,,"1654408012641","ShipmentUpdater.html","1.1.3 for 2021-2022 @t1",
"a","VimMotionLeftAction",,,"1654408012671","ShipmentUpdater.html","1.1.3 for 2021-2022 @t1",
"a","VimMotionLeftAction",,,"1654408012704","ShipmentUpdater.html","1.1.3 for 2021-2022 @t1",
"a","VimMotionLeftAction",,,"1654408012915","ShipmentUpdater.html","1.1.3 for 2021-2022 @t1",
"a","VimMotionLeftAction",,,"1654408013410","ShipmentUpdater.html","1.1.3 for 2021-2022 @t1",
"a","VimMotionLeftAction",,,"1654408013443","ShipmentUpdater.html","1.1.3 for 2021-2022 @t1",
"a","VimMotionLeftAction",,,"1654408013474","ShipmentUpdater.html","1.1.3 for 2021-2022 @t1",
"a","VimMotionLeftAction",,,"1654408013506","ShipmentUpdater.html","1.1.3 for 2021-2022 @t1",
"a","VimMotionLeftAction",,,"1654408013538","ShipmentUpdater.html","1.1.3 for 2021-2022 @t1",
"a","VimMotionLeftAction",,,"1654408013569","ShipmentUpdater.html","1.1.3 for 2021-2022 @t1",
"a","VimMotionLeftAction",,,"1654408013601","ShipmentUpdater.html","1.1.3 for 2021-2022 @t1",
"a","VimMotionLeftAction",,,"1654408013634","ShipmentUpdater.html","1.1.3 for 2021-2022 @t1",
"a","VimMotionLeftAction",,,"1654408013665","ShipmentUpdater.html","1.1.3 for 2021-2022 @t1",
"a","VimMotionLeftAction",,,"1654408013698","ShipmentUpdater.html","1.1.3 for 2021-2022 @t1",
"a","VimMotionLeftAction",,,"1654408013728","ShipmentUpdater.html","1.1.3 for 2021-2022 @t1",
"a","VimMotionLeftAction",,,"1654408013760","ShipmentUpdater.html","1.1.3 for 2021-2022 @t1",
"a","VimMotionLeftAction",,,"1654408013792","ShipmentUpdater.html","1.1.3 for 2021-2022 @t1",
"a","VimMotionLeftAction",,,"1654408013824","ShipmentUpdater.html","1.1.3 for 2021-2022 @t1",
"a","VimMotionLeftAction",,,"1654408013856","ShipmentUpdater.html","1.1.3 for 2021-2022 @t1",
"a","VimMotionLeftAction",,,"1654408013887","ShipmentUpdater.html","1.1.3 for 2021-2022 @t1",
"a","VimMotionLeftAction",,,"1654408013920","ShipmentUpdater.html","1.1.3 for 2021-2022 @t1",
"a","VimMotionLeftAction",,,"1654408013950","ShipmentUpdater.html","1.1.3 for 2021-2022 @t1",
"a","VimMotionLeftAction",,,"1654408013982","ShipmentUpdater.html","1.1.3 for 2021-2022 @t1",
"a","VimMotionLeftAction",,,"1654408014014","ShipmentUpdater.html","1.1.3 for 2021-2022 @t1",
"a","VimMotionLeftAction",,,"1654408014047","ShipmentUpdater.html","1.1.3 for 2021-2022 @t1",
"a","VimMotionLeftAction",,,"1654408014203","ShipmentUpdater.html","1.1.3 for 2021-2022 @t1",
"a","VimMotionLeftAction",,,"1654408014492","ShipmentUpdater.html","1.1.3 for 2021-2022 @t1",
"a","VimDeleteCharacterRightAction",,,"1654408014912","ShipmentUpdater.html","1.1.3 for 2021-2022 @t1",
"a","VimDeleteCharacterRightAction",,,"1654408015112","ShipmentUpdater.html","1.1.3 for 2021-2022 @t1",
"a","VimDeleteCharacterRightAction",,,"1654408015308","ShipmentUpdater.html","1.1.3 for 2021-2022 @t1",
"a","VimDeleteCharacterRightAction",,,"1654408015501","ShipmentUpdater.html","1.1.3 for 2021-2022 @t1",
"a","VimDeleteCharacterRightAction",,,"1654408015683","ShipmentUpdater.html","1.1.3 for 2021-2022 @t1",
"a","VimDeleteCharacterRightAction",,,"1654408015880","ShipmentUpdater.html","1.1.3 for 2021-2022 @t1",
"a","VimDeleteCharacterRightAction",,,"1654408016064","ShipmentUpdater.html","1.1.3 for 2021-2022 @t1",
"a","VimDeleteCharacterRightAction",,,"1654408016239","ShipmentUpdater.html","1.1.3 for 2021-2022 @t1",
"a","VimDeleteCharacterRightAction",,,"1654408016424","ShipmentUpdater.html","1.1.3 for 2021-2022 @t1",
"a","VimDeleteCharacterRightAction",,,"1654408016609","ShipmentUpdater.html","1.1.3 for 2021-2022 @t1",
"a","VimDeleteCharacterRightAction",,,"1654408016787","ShipmentUpdater.html","1.1.3 for 2021-2022 @t1",
"a","VimDeleteCharacterRightAction",,,"1654408017229","ShipmentUpdater.html","1.1.3 for 2021-2022 @t1",
"a","VimInsertBeforeCursorAction",,,"1654408017538","ShipmentUpdater.html","1.1.3 for 2021-2022 @t1",
"a","VimInsertExitModeAction",,,"1654408023536","ShipmentUpdater.html","1.1.3 for 2021-2022 @t1",
"a","VimMotionLeftAction",,,"1654408023775","ShipmentUpdater.html","1.1.3 for 2021-2022 @t1",
"a","VimMotionLeftAction",,,"1654408024272","ShipmentUpdater.html","1.1.3 for 2021-2022 @t1",
"a","VimMotionLeftAction",,,"1654408024304","ShipmentUpdater.html","1.1.3 for 2021-2022 @t1",
"a","VimMotionLeftAction",,,"1654408024335","ShipmentUpdater.html","1.1.3 for 2021-2022 @t1",
"a","VimMotionLeftAction",,,"1654408024368","ShipmentUpdater.html","1.1.3 for 2021-2022 @t1",
"a","VimMotionLeftAction",,,"1654408024400","ShipmentUpdater.html","1.1.3 for 2021-2022 @t1",
"a","VimMotionLeftAction",,,"1654408024431","ShipmentUpdater.html","1.1.3 for 2021-2022 @t1",
"a","VimMotionLeftAction",,,"1654408024462","ShipmentUpdater.html","1.1.3 for 2021-2022 @t1",
"a","VimMotionLeftAction",,,"1654408024494","ShipmentUpdater.html","1.1.3 for 2021-2022 @t1",
"a","VimMotionLeftAction",,,"1654408024526","ShipmentUpdater.html","1.1.3 for 2021-2022 @t1",
"a","VimMotionLeftAction",,,"1654408024559","ShipmentUpdater.html","1.1.3 for 2021-2022 @t1",
"a","VimMotionLeftAction",,,"1654408024591","ShipmentUpdater.html","1.1.3 for 2021-2022 @t1",
"a","VimMotionLeftAction",,,"1654408024622","ShipmentUpdater.html","1.1.3 for 2021-2022 @t1",
"a","VimMotionLeftAction",,,"1654408024654","ShipmentUpdater.html","1.1.3 for 2021-2022 @t1",
"a","VimMotionLeftAction",,,"1654408024686","ShipmentUpdater.html","1.1.3 for 2021-2022 @t1",
"a","VimMotionLeftAction",,,"1654408024719","ShipmentUpdater.html","1.1.3 for 2021-2022 @t1",
"a","VimMotionLeftAction",,,"1654408024749","ShipmentUpdater.html","1.1.3 for 2021-2022 @t1",
"a","VimMotionLeftAction",,,"1654408024781","ShipmentUpdater.html","1.1.3 for 2021-2022 @t1",
"a","VimMotionLeftAction",,,"1654408024813","ShipmentUpdater.html","1.1.3 for 2021-2022 @t1",
"a","VimMotionLeftAction",,,"1654408024845","ShipmentUpdater.html","1.1.3 for 2021-2022 @t1",
"a","VimMotionLeftAction",,,"1654408024877","ShipmentUpdater.html","1.1.3 for 2021-2022 @t1",
"a","VimMotionLeftAction",,,"1654408024907","ShipmentUpdater.html","1.1.3 for 2021-2022 @t1",
"a","VimMotionLeftAction",,,"1654408024939","ShipmentUpdater.html","1.1.3 for 2021-2022 @t1",
"a","VimMotionLeftAction",,,"1654408024972","ShipmentUpdater.html","1.1.3 for 2021-2022 @t1",
"a","VimMotionLeftAction",,,"1654408025004","ShipmentUpdater.html","1.1.3 for 2021-2022 @t1",
"a","VimMotionLeftAction",,,"1654408025036","ShipmentUpdater.html","1.1.3 for 2021-2022 @t1",
"a","VimMotionLeftAction",,,"1654408025067","ShipmentUpdater.html","1.1.3 for 2021-2022 @t1",
"a","VimMotionLeftAction",,,"1654408025099","ShipmentUpdater.html","1.1.3 for 2021-2022 @t1",
"a","VimMotionLeftAction",,,"1654408025130","ShipmentUpdater.html","1.1.3 for 2021-2022 @t1",
"a","VimMotionLeftAction",,,"1654408025163","ShipmentUpdater.html","1.1.3 for 2021-2022 @t1",
"a","VimMotionLeftAction",,,"1654408025194","ShipmentUpdater.html","1.1.3 for 2021-2022 @t1",
"a","VimMotionLeftAction",,,"1654408025227","ShipmentUpdater.html","1.1.3 for 2021-2022 @t1",
"a","VimMotionLeftAction",,,"1654408025258","ShipmentUpdater.html","1.1.3 for 2021-2022 @t1",
"a","VimMotionLeftAction",,,"1654408025290","ShipmentUpdater.html","1.1.3 for 2021-2022 @t1",
"a","VimMotionLeftAction",,,"1654408025321","ShipmentUpdater.html","1.1.3 for 2021-2022 @t1",
"a","VimMotionLeftAction",,,"1654408025626","ShipmentUpdater.html","1.1.3 for 2021-2022 @t1",
"a","VimDeleteCharacterRightAction",,,"1654408025908","ShipmentUpdater.html","1.1.3 for 2021-2022 @t1",
"a","VimDeleteCharacterRightAction",,,"1654408026401","ShipmentUpdater.html","1.1.3 for 2021-2022 @t1",
"a","VimDeleteCharacterRightAction",,,"1654408026433","ShipmentUpdater.html","1.1.3 for 2021-2022 @t1",
"a","VimDeleteCharacterRightAction",,,"1654408026469","ShipmentUpdater.html","1.1.3 for 2021-2022 @t1",
"a","VimDeleteCharacterRightAction",,,"1654408026497","ShipmentUpdater.html","1.1.3 for 2021-2022 @t1",
"a","VimDeleteCharacterRightAction",,,"1654408026528","ShipmentUpdater.html","1.1.3 for 2021-2022 @t1",
"a","VimDeleteCharacterRightAction",,,"1654408026560","ShipmentUpdater.html","1.1.3 for 2021-2022 @t1",
"a","VimDeleteCharacterRightAction",,,"1654408026803","ShipmentUpdater.html","1.1.3 for 2021-2022 @t1",
"a","VimDeleteCharacterRightAction",,,"1654408026988","ShipmentUpdater.html","1.1.3 for 2021-2022 @t1",
"a","VimDeleteCharacterRightAction",,,"1654408027169","ShipmentUpdater.html","1.1.3 for 2021-2022 @t1",
"a","VimDeleteCharacterRightAction",,,"1654408027329","ShipmentUpdater.html","1.1.3 for 2021-2022 @t1",
"a","VimDeleteCharacterRightAction",,,"1654408027504","ShipmentUpdater.html","1.1.3 for 2021-2022 @t1",
"a","VimDeleteCharacterRightAction",,,"1654408027685","ShipmentUpdater.html","1.1.3 for 2021-2022 @t1",
"a","VimDeleteCharacterRightAction",,,"1654408027863","ShipmentUpdater.html","1.1.3 for 2021-2022 @t1",
"a","VimDeleteCharacterRightAction",,,"1654408028026","ShipmentUpdater.html","1.1.3 for 2021-2022 @t1",
"a","VimDeleteCharacterRightAction",,,"1654408028217","ShipmentUpdater.html","1.1.3 for 2021-2022 @t1",
"a","VimDeleteCharacterRightAction",,,"1654408028417","ShipmentUpdater.html","1.1.3 for 2021-2022 @t1",
"a","VimInsertBeforeCursorAction",,,"1654408028818","ShipmentUpdater.html","1.1.3 for 2021-2022 @t1",
"a","VimInsertExitModeAction",,,"1654408030162","ShipmentUpdater.html","1.1.3 for 2021-2022 @t1",
"a","VimMotionLeftAction",,,"1654408030301","ShipmentUpdater.html","1.1.3 for 2021-2022 @t1",
"a","VimMotionLeftAction",,,"1654408030796","ShipmentUpdater.html","1.1.3 for 2021-2022 @t1",
"a","VimMotionLeftAction",,,"1654408030828","ShipmentUpdater.html","1.1.3 for 2021-2022 @t1",
"a","VimMotionLeftAction",,,"1654408030860","ShipmentUpdater.html","1.1.3 for 2021-2022 @t1",
"a","VimMotionLeftAction",,,"1654408030891","ShipmentUpdater.html","1.1.3 for 2021-2022 @t1",
"a","VimMotionLeftAction",,,"1654408030923","ShipmentUpdater.html","1.1.3 for 2021-2022 @t1",
"a","VimMotionLeftAction",,,"1654408030955","ShipmentUpdater.html","1.1.3 for 2021-2022 @t1",
"a","VimMotionLeftAction",,,"1654408030987","ShipmentUpdater.html","1.1.3 for 2021-2022 @t1",
"a","VimMotionLeftAction",,,"1654408031019","ShipmentUpdater.html","1.1.3 for 2021-2022 @t1",
"a","VimMotionLeftAction",,,"1654408031051","ShipmentUpdater.html","1.1.3 for 2021-2022 @t1",
"a","VimMotionLeftAction",,,"1654408031083","ShipmentUpdater.html","1.1.3 for 2021-2022 @t1",
"a","VimMotionLeftAction",,,"1654408031116","ShipmentUpdater.html","1.1.3 for 2021-2022 @t1",
"a","VimMotionLeftAction",,,"1654408031145","ShipmentUpdater.html","1.1.3 for 2021-2022 @t1",
"a","VimMotionLeftAction",,,"1654408031177","ShipmentUpdater.html","1.1.3 for 2021-2022 @t1",
"a","VimMotionLeftAction",,,"1654408031209","ShipmentUpdater.html","1.1.3 for 2021-2022 @t1",
"a","VimMotionLeftAction",,,"1654408031240","ShipmentUpdater.html","1.1.3 for 2021-2022 @t1",
"a","VimMotionLeftAction",,,"1654408031273","ShipmentUpdater.html","1.1.3 for 2021-2022 @t1",
"a","VimMotionLeftAction",,,"1654408031303","ShipmentUpdater.html","1.1.3 for 2021-2022 @t1",
"a","VimMotionLeftAction",,,"1654408031336","ShipmentUpdater.html","1.1.3 for 2021-2022 @t1",
"a","VimMotionLeftAction",,,"1654408031368","ShipmentUpdater.html","1.1.3 for 2021-2022 @t1",
"a","VimMotionLeftAction",,,"1654408031399","ShipmentUpdater.html","1.1.3 for 2021-2022 @t1",
"a","VimMotionLeftAction",,,"1654408031430","ShipmentUpdater.html","1.1.3 for 2021-2022 @t1",
"a","VimMotionLeftAction",,,"1654408031463","ShipmentUpdater.html","1.1.3 for 2021-2022 @t1",
"a","VimMotionLeftAction",,,"1654408031495","ShipmentUpdater.html","1.1.3 for 2021-2022 @t1",
"a","VimMotionLeftAction",,,"1654408031528","ShipmentUpdater.html","1.1.3 for 2021-2022 @t1",
"a","VimMotionLeftAction",,,"1654408031560","ShipmentUpdater.html","1.1.3 for 2021-2022 @t1",
"a","VimMotionLeftAction",,,"1654408031591","ShipmentUpdater.html","1.1.3 for 2021-2022 @t1",
"a","VimMotionLeftAction",,,"1654408031622","ShipmentUpdater.html","1.1.3 for 2021-2022 @t1",
"a","VimMotionLeftAction",,,"1654408031654","ShipmentUpdater.html","1.1.3 for 2021-2022 @t1",
"a","VimMotionLeftAction",,,"1654408031686","ShipmentUpdater.html","1.1.3 for 2021-2022 @t1",
"a","VimDeleteCharacterRightAction",,,"1654408032128","ShipmentUpdater.html","1.1.3 for 2021-2022 @t1",
"a","VimDeleteCharacterRightAction",,,"1654408032313","ShipmentUpdater.html","1.1.3 for 2021-2022 @t1",
"a","VimDeleteCharacterRightAction",,,"1654408032474","ShipmentUpdater.html","1.1.3 for 2021-2022 @t1",
"a","VimDeleteCharacterRightAction",,,"1654408032654","ShipmentUpdater.html","1.1.3 for 2021-2022 @t1",
"a","VimDeleteCharacterRightAction",,,"1654408032859","ShipmentUpdater.html","1.1.3 for 2021-2022 @t1",
"a","VimDeleteCharacterRightAction",,,"1654408033050","ShipmentUpdater.html","1.1.3 for 2021-2022 @t1",
"a","VimDeleteCharacterRightAction",,,"1654408033246","ShipmentUpdater.html","1.1.3 for 2021-2022 @t1",
"a","VimDeleteCharacterRightAction",,,"1654408033421","ShipmentUpdater.html","1.1.3 for 2021-2022 @t1",
"a","VimDeleteCharacterRightAction",,,"1654408033610","ShipmentUpdater.html","1.1.3 for 2021-2022 @t1",
"a","VimDeleteCharacterRightAction",,,"1654408033783","ShipmentUpdater.html","1.1.3 for 2021-2022 @t1",
"a","VimDeleteCharacterRightAction",,,"1654408033968","ShipmentUpdater.html","1.1.3 for 2021-2022 @t1",
"a","VimDeleteCharacterRightAction",,,"1654408034155","ShipmentUpdater.html","1.1.3 for 2021-2022 @t1",
"a","VimDeleteCharacterRightAction",,,"1654408034554","ShipmentUpdater.html","1.1.3 for 2021-2022 @t1",
"a","VimInsertBeforeCursorAction",,,"1654408034732","ShipmentUpdater.html","1.1.3 for 2021-2022 @t1",
"a","VimInsertExitModeAction",,,"1654408036505","ShipmentUpdater.html","1.1.3 for 2021-2022 @t1",
"a","VimMotionDownAction",,,"1654408036706","ShipmentUpdater.html","1.1.3 for 2021-2022 @t1",
"a","VimMotionUpAction",,,"1654408038506","ShipmentUpdater.html","1.1.3 for 2021-2022 @t1",
"a","VimMotionLeftAction",,,"1654408039011","ShipmentUpdater.html","1.1.3 for 2021-2022 @t1",
"a","VimMotionLeftAction",,,"1654408039507","ShipmentUpdater.html","1.1.3 for 2021-2022 @t1",
"a","VimMotionLeftAction",,,"1654408039538","ShipmentUpdater.html","1.1.3 for 2021-2022 @t1",
"a","VimMotionLeftAction",,,"1654408039569","ShipmentUpdater.html","1.1.3 for 2021-2022 @t1",
"a","VimMotionLeftAction",,,"1654408039601","ShipmentUpdater.html","1.1.3 for 2021-2022 @t1",
"a","VimMotionLeftAction",,,"1654408039634","ShipmentUpdater.html","1.1.3 for 2021-2022 @t1",
"a","VimMotionLeftAction",,,"1654408039665","ShipmentUpdater.html","1.1.3 for 2021-2022 @t1",
"a","VimMotionLeftAction",,,"1654408039696","ShipmentUpdater.html","1.1.3 for 2021-2022 @t1",
"a","VimMotionLeftAction",,,"1654408039729","ShipmentUpdater.html","1.1.3 for 2021-2022 @t1",
"a","VimMotionLeftAction",,,"1654408039759","ShipmentUpdater.html","1.1.3 for 2021-2022 @t1",
"a","VimMotionLeftAction",,,"1654408039793","ShipmentUpdater.html","1.1.3 for 2021-2022 @t1",
"a","VimMotionLeftAction",,,"1654408039824","ShipmentUpdater.html","1.1.3 for 2021-2022 @t1",
"a","VimMotionLeftAction",,,"1654408039856","ShipmentUpdater.html","1.1.3 for 2021-2022 @t1",
"a","VimMotionLeftAction",,,"1654408039887","ShipmentUpdater.html","1.1.3 for 2021-2022 @t1",
"a","VimMotionLeftAction",,,"1654408039919","ShipmentUpdater.html","1.1.3 for 2021-2022 @t1",
"a","VimMotionLeftAction",,,"1654408039951","ShipmentUpdater.html","1.1.3 for 2021-2022 @t1",
"a","VimMotionLeftAction",,,"1654408039983","ShipmentUpdater.html","1.1.3 for 2021-2022 @t1",
"a","VimMotionLeftAction",,,"1654408040016","ShipmentUpdater.html","1.1.3 for 2021-2022 @t1",
"a","VimMotionLeftAction",,,"1654408040047","ShipmentUpdater.html","1.1.3 for 2021-2022 @t1",
"a","VimMotionLeftAction",,,"1654408040080","ShipmentUpdater.html","1.1.3 for 2021-2022 @t1",
"a","VimMotionLeftAction",,,"1654408040110","ShipmentUpdater.html","1.1.3 for 2021-2022 @t1",
"a","VimMotionLeftAction",,,"1654408040142","ShipmentUpdater.html","1.1.3 for 2021-2022 @t1",
"a","VimMotionLeftAction",,,"1654408040174","ShipmentUpdater.html","1.1.3 for 2021-2022 @t1",
"a","VimMotionLeftAction",,,"1654408040206","ShipmentUpdater.html","1.1.3 for 2021-2022 @t1",
"a","VimMotionLeftAction",,,"1654408040237","ShipmentUpdater.html","1.1.3 for 2021-2022 @t1",
"a","VimMotionLeftAction",,,"1654408040270","ShipmentUpdater.html","1.1.3 for 2021-2022 @t1",
"a","VimMotionLeftAction",,,"1654408040303","ShipmentUpdater.html","1.1.3 for 2021-2022 @t1",
"a","VimMotionLeftAction",,,"1654408040334","ShipmentUpdater.html","1.1.3 for 2021-2022 @t1",
"a","VimMotionLeftAction",,,"1654408040364","ShipmentUpdater.html","1.1.3 for 2021-2022 @t1",
"a","VimMotionLeftAction",,,"1654408040396","ShipmentUpdater.html","1.1.3 for 2021-2022 @t1",
"a","VimMotionLeftAction",,,"1654408040429","ShipmentUpdater.html","1.1.3 for 2021-2022 @t1",
"a","VimMotionLeftAction",,,"1654408040461","ShipmentUpdater.html","1.1.3 for 2021-2022 @t1",
"a","VimMotionLeftAction",,,"1654408040492","ShipmentUpdater.html","1.1.3 for 2021-2022 @t1",
"a","VimMotionLeftAction",,,"1654408040525","ShipmentUpdater.html","1.1.3 for 2021-2022 @t1",
"a","VimMotionLeftAction",,,"1654408040554","ShipmentUpdater.html","1.1.3 for 2021-2022 @t1",
"a","VimMotionLeftAction",,,"1654408040587","ShipmentUpdater.html","1.1.3 for 2021-2022 @t1",
"a","VimMotionLeftAction",,,"1654408040619","ShipmentUpdater.html","1.1.3 for 2021-2022 @t1",
"a","VimMotionLeftAction",,,"1654408040650","ShipmentUpdater.html","1.1.3 for 2021-2022 @t1",
"a","VimMotionLeftAction",,,"1654408040682","ShipmentUpdater.html","1.1.3 for 2021-2022 @t1",
"a","VimMotionLeftAction",,,"1654408040714","ShipmentUpdater.html","1.1.3 for 2021-2022 @t1",
"a","VimMotionLeftAction",,,"1654408040746","ShipmentUpdater.html","1.1.3 for 2021-2022 @t1",
"a","VimMotionLeftAction",,,"1654408040778","ShipmentUpdater.html","1.1.3 for 2021-2022 @t1",
"a","VimMotionLeftAction",,,"1654408040809","ShipmentUpdater.html","1.1.3 for 2021-2022 @t1",
"a","VimMotionLeftAction",,,"1654408040840","ShipmentUpdater.html","1.1.3 for 2021-2022 @t1",
"a","VimMotionLeftAction",,,"1654408040874","ShipmentUpdater.html","1.1.3 for 2021-2022 @t1",
"a","VimMotionLeftAction",,,"1654408040905","ShipmentUpdater.html","1.1.3 for 2021-2022 @t1",
"a","VimMotionLeftAction",,,"1654408040946","ShipmentUpdater.html","1.1.3 for 2021-2022 @t1",
"a","VimMotionLeftAction",,,"1654408040967","ShipmentUpdater.html","1.1.3 for 2021-2022 @t1",
"a","VimMotionLeftAction",,,"1654408040999","ShipmentUpdater.html","1.1.3 for 2021-2022 @t1",
"a","VimMotionLeftAction",,,"1654408041031","ShipmentUpdater.html","1.1.3 for 2021-2022 @t1",
"a","VimMotionLeftAction",,,"1654408041063","ShipmentUpdater.html","1.1.3 for 2021-2022 @t1",
"a","VimMotionLeftAction",,,"1654408041096","ShipmentUpdater.html","1.1.3 for 2021-2022 @t1",
"a","VimMotionLeftAction",,,"1654408041127","ShipmentUpdater.html","1.1.3 for 2021-2022 @t1",
"a","VimMotionLeftAction",,,"1654408041158","ShipmentUpdater.html","1.1.3 for 2021-2022 @t1",
"a","VimMotionRightAction",,,"1654408041709","ShipmentUpdater.html","1.1.3 for 2021-2022 @t1",
"a","VimMotionRightAction",,,"1654408041883","ShipmentUpdater.html","1.1.3 for 2021-2022 @t1",
"a","VimMotionRightAction",,,"1654408042054","ShipmentUpdater.html","1.1.3 for 2021-2022 @t1",
"a","VimMotionRightAction",,,"1654408042219","ShipmentUpdater.html","1.1.3 for 2021-2022 @t1",
"a","VimMotionRightAction",,,"1654408042381","ShipmentUpdater.html","1.1.3 for 2021-2022 @t1",
"a","VimMotionRightAction",,,"1654408042554","ShipmentUpdater.html","1.1.3 for 2021-2022 @t1",
"a","Make runServer suspend",,,"1654408045927","ShipmentUpdater.html","1.1.3 for 2021-2022 @t1",
"a","VimInsertNewLineBelowAction",,,"1654408072069","ShipmentUpdater.html","1.1.3 for 2021-2022 @t1",
"a","VimEditorBackSpace",,,"1654408074811","ShipmentUpdater.html","1.1.3 for 2021-2022 @t1",
