"e","package ShipmentTypes

class StandardShipment {
}","","0","1653770595591","StandardShipment.kt","1.1.3 for 2021-2022 @t1",
"e","package ShipmentTypes

class ExpressShipment {
}","","0","1653770605326","ExpressShipment.kt","1.1.3 for 2021-2022 @t1",
"e","package ShipmentTypes

class OvernightShipment {
}","","0","1653770620229","OvernightShipment.kt","1.1.3 for 2021-2022 @t1",
"e","package ShipmentTypes

import UpdateStrategies.ShipmentUpdate

class Shipment(initialUpdate: ShipmentUpdate) {
    val shipmentNotes = mutableListOf<String>()
    val shipmentUpdateHistory = mutableListOf<ShipmentUpdate>()
    val shipmentId = initialUpdate.shipmentId
    var newStatus = initialUpdate.newStatus
    var expectedDeliveryDateTimestamp = initialUpdate.expectedDelivery
    var currentLocation = initialUpdate.location
    init {
        shipmentUpdateHistory.add(initialUpdate)
    }


    fun update(shipmentUpdate: ShipmentUpdate) {
        shipmentUpdateHistory.add(shipmentUpdate)
        newStatus = shipmentUpdate.newStatus?: newStatus
        expectedDeliveryDateTimestamp = shipmentUpdate.expectedDelivery ?: expectedDeliveryDateTimestamp
        currentLocation = shipmentUpdate.location ?: currentLocation
        if (shipmentUpdate.note != null) {
            shipmentNotes.add(shipmentUpdate.note)
        }
    }
}","","0","1653770775394","Shipment.kt","1.1.3 for 2021-2022 @t1",
"e"," ","","63","1653770794481","Shipment.kt","1.1.3 for 2021-2022 @t1",
"k"," ",,"64","1653770794481","Shipment.kt","1.1.3 for 2021-2022 @t1",
"e","a","","64","1653770794640","Shipment.kt","1.1.3 for 2021-2022 @t1",
"k","a",,"65","1653770794655","Shipment.kt","1.1.3 for 2021-2022 @t1",
"e","$","","65","1653770794671","Shipment.kt","1.1.3 for 2021-2022 @t1",
"e","","$","65","1653770794844","Shipment.kt","1.1.3 for 2021-2022 @t1",
"e","b","","65","1653770794845","Shipment.kt","1.1.3 for 2021-2022 @t1",
"k","b",,"66","1653770794875","Shipment.kt","1.1.3 for 2021-2022 @t1",
"e","","b","65","1653770795726","Shipment.kt","1.1.3 for 2021-2022 @t1",
"e","","a","64","1653770795883","Shipment.kt","1.1.3 for 2021-2022 @t1",
"e",""," ","63","1653770796041","Shipment.kt","1.1.3 for 2021-2022 @t1",
"e","a","","63","1653770796906","Shipment.kt","1.1.3 for 2021-2022 @t1",
"k","a",,"64","1653770796906","Shipment.kt","1.1.3 for 2021-2022 @t1",
"e","$","","64","1653770796921","Shipment.kt","1.1.3 for 2021-2022 @t1",
"e","","$","64","1653770797031","Shipment.kt","1.1.3 for 2021-2022 @t1",
"e","b","","64","1653770797032","Shipment.kt","1.1.3 for 2021-2022 @t1",
"k","b",,"65","1653770797046","Shipment.kt","1.1.3 for 2021-2022 @t1",
"e","s","","65","1653770797440","Shipment.kt","1.1.3 for 2021-2022 @t1",
"k","s",,"66","1653770797455","Shipment.kt","1.1.3 for 2021-2022 @t1",
"e","t","","66","1653770797565","Shipment.kt","1.1.3 for 2021-2022 @t1",
"k","t",,"67","1653770797581","Shipment.kt","1.1.3 for 2021-2022 @t1",
"e","r","","67","1653770797722","Shipment.kt","1.1.3 for 2021-2022 @t1",
"k","r",,"68","1653770797722","Shipment.kt","1.1.3 for 2021-2022 @t1",
"e","a","","68","1653770797800","Shipment.kt","1.1.3 for 2021-2022 @t1",
"k","a",,"69","1653770797800","Shipment.kt","1.1.3 for 2021-2022 @t1",
"e","c","","70","1653770797973","Shipment.kt","1.1.3 for 2021-2022 @t1",
"k","c",,"70","1653770797989","Shipment.kt","1.1.3 for 2021-2022 @t1",
"e","t","","70","1653770798130","Shipment.kt","1.1.3 for 2021-2022 @t1",
"k","t",,"71","1653770798146","Shipment.kt","1.1.3 for 2021-2022 @t1",
"e"," ","","71","1653770798210","Shipment.kt","1.1.3 for 2021-2022 @t1",
"k"," ",,"72","1653770798225","Shipment.kt","1.1.3 for 2021-2022 @t1",
"e","package ShipmentTypes

class BulkShipment: {
}","","0","1653770908603","BulkShipment.kt","1.1.3 for 2021-2022 @t1",
"k",":",,"42","1653770908603","BulkShipment.kt","1.1.3 for 2021-2022 @t1",
"e"," ","","42","1653770908776","BulkShipment.kt","1.1.3 for 2021-2022 @t1",
"k"," ",,"43","1653770908776","BulkShipment.kt","1.1.3 for 2021-2022 @t1",
"e","S","","43","1653770909627","BulkShipment.kt","1.1.3 for 2021-2022 @t1",
"k","S",,"44","1653770909627","BulkShipment.kt","1.1.3 for 2021-2022 @t1",
"e"," ","","45","1653770909674","BulkShipment.kt","1.1.3 for 2021-2022 @t1",
"e",""," ","44","1653770909768","BulkShipment.kt","1.1.3 for 2021-2022 @t1",
"e","h","","44","1653770909769","BulkShipment.kt","1.1.3 for 2021-2022 @t1",
"k","h",,"45","1653770909768","BulkShipment.kt","1.1.3 for 2021-2022 @t1",
"e"," ","","46","1653770909784","BulkShipment.kt","1.1.3 for 2021-2022 @t1",
"e",""," ","45","1653770909878","BulkShipment.kt","1.1.3 for 2021-2022 @t1",
"e","i","","45","1653770909879","BulkShipment.kt","1.1.3 for 2021-2022 @t1",
"k","i",,"46","1653770909878","BulkShipment.kt","1.1.3 for 2021-2022 @t1",
"e"," ","","47","1653770909893","BulkShipment.kt","1.1.3 for 2021-2022 @t1",
"e",""," ","46","1653770909988","BulkShipment.kt","1.1.3 for 2021-2022 @t1",
"e","p","","46","1653770909989","BulkShipment.kt","1.1.3 for 2021-2022 @t1",
"k","p",,"47","1653770909988","BulkShipment.kt","1.1.3 for 2021-2022 @t1",
"e"," ","","48","1653770910003","BulkShipment.kt","1.1.3 for 2021-2022 @t1",
"e",""," ","47","1653770910662","BulkShipment.kt","1.1.3 for 2021-2022 @t1",
"e","m","","47","1653770910663","BulkShipment.kt","1.1.3 for 2021-2022 @t1",
"k","m",,"48","1653770910662","BulkShipment.kt","1.1.3 for 2021-2022 @t1",
"e"," ","","49","1653770910693","BulkShipment.kt","1.1.3 for 2021-2022 @t1",
"e",""," ","48","1653770910756","BulkShipment.kt","1.1.3 for 2021-2022 @t1",
"e","e","","48","1653770910757","BulkShipment.kt","1.1.3 for 2021-2022 @t1",
"k","e",,"49","1653770910772","BulkShipment.kt","1.1.3 for 2021-2022 @t1",
"e"," ","","50","1653770910787","BulkShipment.kt","1.1.3 for 2021-2022 @t1",
"e",""," ","49","1653770910882","BulkShipment.kt","1.1.3 for 2021-2022 @t1",
"e","n","","49","1653770910883","BulkShipment.kt","1.1.3 for 2021-2022 @t1",
"k","n",,"50","1653770910882","BulkShipment.kt","1.1.3 for 2021-2022 @t1",
"e"," ","","51","1653770910905","BulkShipment.kt","1.1.3 for 2021-2022 @t1",
"e",""," ","50","1653770910976","BulkShipment.kt","1.1.3 for 2021-2022 @t1",
"e","t","","50","1653770910977","BulkShipment.kt","1.1.3 for 2021-2022 @t1",
"k","t",,"51","1653770910976","BulkShipment.kt","1.1.3 for 2021-2022 @t1",
"e"," ","","52","1653770911039","BulkShipment.kt","1.1.3 for 2021-2022 @t1",
"e",""," ","51","1653770921158","BulkShipment.kt","1.1.3 for 2021-2022 @t1",
"e","(","","51","1653770921159","BulkShipment.kt","1.1.3 for 2021-2022 @t1",
"e",")","","52","1653770921158","BulkShipment.kt","1.1.3 for 2021-2022 @t1",
"k","(",,"52","1653770921158","BulkShipment.kt","1.1.3 for 2021-2022 @t1",
"e","(","","52","1653770922372","BulkShipment.kt","1.1.3 for 2021-2022 @t1",
"e",")","","54","1653770922372","BulkShipment.kt","1.1.3 for 2021-2022 @t1",
"k","(",,"53","1653770922372","BulkShipment.kt","1.1.3 for 2021-2022 @t1",
"k",")",,"54","1653770922372","BulkShipment.kt","1.1.3 for 2021-2022 @t1",
"e","","(","52","1653770923489","BulkShipment.kt","1.1.3 for 2021-2022 @t1",
"e","",")","53","1653770923646","BulkShipment.kt","1.1.3 for 2021-2022 @t1",
"e","i","","52","1653770930857","BulkShipment.kt","1.1.3 for 2021-2022 @t1",
"k","i",,"53","1653770930871","BulkShipment.kt","1.1.3 for 2021-2022 @t1",
"e"," ","","53","1653770930873","BulkShipment.kt","1.1.3 for 2021-2022 @t1",
"e",""," ","53","1653770930971","BulkShipment.kt","1.1.3 for 2021-2022 @t1",
"e","n","","53","1653770930972","BulkShipment.kt","1.1.3 for 2021-2022 @t1",
"k","n",,"54","1653770930971","BulkShipment.kt","1.1.3 for 2021-2022 @t1",
"e"," ","","54","1653770930983","BulkShipment.kt","1.1.3 for 2021-2022 @t1",
"e",""," ","54","1653770931172","BulkShipment.kt","1.1.3 for 2021-2022 @t1",
"e","i","","54","1653770931173","BulkShipment.kt","1.1.3 for 2021-2022 @t1",
"k","i",,"55","1653770931172","BulkShipment.kt","1.1.3 for 2021-2022 @t1",
"e"," ","","55","1653770931187","BulkShipment.kt","1.1.3 for 2021-2022 @t1",
"e","","i ","54","1653770931391","BulkShipment.kt","1.1.3 for 2021-2022 @t1",
"e","","n","53","1653770931548","BulkShipment.kt","1.1.3 for 2021-2022 @t1",
"e","","i","52","1653770931721","BulkShipment.kt","1.1.3 for 2021-2022 @t1",
"e","i","","52","1653770933438","BulkShipment.kt","1.1.3 for 2021-2022 @t1",
"k","i",,"53","1653770933438","BulkShipment.kt","1.1.3 for 2021-2022 @t1",
"e"," ","","53","1653770933454","BulkShipment.kt","1.1.3 for 2021-2022 @t1",
"e",""," ","53","1653770933533","BulkShipment.kt","1.1.3 for 2021-2022 @t1",
"e","n","","53","1653770933534","BulkShipment.kt","1.1.3 for 2021-2022 @t1",
"k","n",,"54","1653770933533","BulkShipment.kt","1.1.3 for 2021-2022 @t1",
"e"," ","","54","1653770933548","BulkShipment.kt","1.1.3 for 2021-2022 @t1",
"e",""," ","54","1653770933690","BulkShipment.kt","1.1.3 for 2021-2022 @t1",
"e","i","","54","1653770933691","BulkShipment.kt","1.1.3 for 2021-2022 @t1",
"k","i",,"55","1653770933690","BulkShipment.kt","1.1.3 for 2021-2022 @t1",
"e"," ","","55","1653770933706","BulkShipment.kt","1.1.3 for 2021-2022 @t1",
"e",""," ","55","1653770934396","BulkShipment.kt","1.1.3 for 2021-2022 @t1",
"e","s","","55","1653770934397","BulkShipment.kt","1.1.3 for 2021-2022 @t1",
"k","s",,"56","1653770934411","BulkShipment.kt","1.1.3 for 2021-2022 @t1",
"e","h","","56","1653770934411","BulkShipment.kt","1.1.3 for 2021-2022 @t1",
"k","h",,"57","1653770934411","BulkShipment.kt","1.1.3 for 2021-2022 @t1",
"e"," ","","57","1653770934458","BulkShipment.kt","1.1.3 for 2021-2022 @t1",
"e","","h ","56","1653770934480","BulkShipment.kt","1.1.3 for 2021-2022 @t1",
"e","","s","55","1653770935244","BulkShipment.kt","1.1.3 for 2021-2022 @t1",
"e","","i","54","1653770935919","BulkShipment.kt","1.1.3 for 2021-2022 @t1",
"e","(","","41","1653770939655","BulkShipment.kt","1.1.3 for 2021-2022 @t1",
"e",")","","42","1653770939655","BulkShipment.kt","1.1.3 for 2021-2022 @t1",
"k","(",,"42","1653770939655","BulkShipment.kt","1.1.3 for 2021-2022 @t1",
"e","i","","42","1653770941356","BulkShipment.kt","1.1.3 for 2021-2022 @t1",
"k","i",,"43","1653770941356","BulkShipment.kt","1.1.3 for 2021-2022 @t1",
"e","

","","23","1653770941356","BulkShipment.kt","1.1.3 for 2021-2022 @t1",
"e","","i","44","1653770941356","BulkShipment.kt","1.1.3 for 2021-2022 @t1",
"e","","

","23","1653770941372","BulkShipment.kt","1.1.3 for 2021-2022 @t1",
"e","i ","","42","1653770941372","BulkShipment.kt","1.1.3 for 2021-2022 @t1",
"e",""," ","43","1653770941419","BulkShipment.kt","1.1.3 for 2021-2022 @t1",
"e","n","","43","1653770941420","BulkShipment.kt","1.1.3 for 2021-2022 @t1",
"k","n",,"44","1653770941419","BulkShipment.kt","1.1.3 for 2021-2022 @t1",
"e"," ","","44","1653770941435","BulkShipment.kt","1.1.3 for 2021-2022 @t1",
"e",""," ","44","1653770941607","BulkShipment.kt","1.1.3 for 2021-2022 @t1",
"e","i","","44","1653770941608","BulkShipment.kt","1.1.3 for 2021-2022 @t1",
"k","i",,"45","1653770941607","BulkShipment.kt","1.1.3 for 2021-2022 @t1",
"e"," ","","45","1653770941654","BulkShipment.kt","1.1.3 for 2021-2022 @t1",
"e",""," ","45","1653770941701","BulkShipment.kt","1.1.3 for 2021-2022 @t1",
"e","t","","45","1653770941702","BulkShipment.kt","1.1.3 for 2021-2022 @t1",
"k","t",,"46","1653770941701","BulkShipment.kt","1.1.3 for 2021-2022 @t1",
"e"," ","","46","1653770941748","BulkShipment.kt","1.1.3 for 2021-2022 @t1",
"e",""," ","46","1653770941779","BulkShipment.kt","1.1.3 for 2021-2022 @t1",
"e","i","","46","1653770941780","BulkShipment.kt","1.1.3 for 2021-2022 @t1",
"k","i",,"47","1653770941779","BulkShipment.kt","1.1.3 for 2021-2022 @t1",
"e"," ","","47","1653770941817","BulkShipment.kt","1.1.3 for 2021-2022 @t1",
"e",""," ","47","1653770941936","BulkShipment.kt","1.1.3 for 2021-2022 @t1",
"e","a","","47","1653770941937","BulkShipment.kt","1.1.3 for 2021-2022 @t1",
"k","a",,"48","1653770941936","BulkShipment.kt","1.1.3 for 2021-2022 @t1",
"e"," ","","48","1653770941952","BulkShipment.kt","1.1.3 for 2021-2022 @t1",
"e",""," ","48","1653770942030","BulkShipment.kt","1.1.3 for 2021-2022 @t1",
"e","l","","48","1653770942031","BulkShipment.kt","1.1.3 for 2021-2022 @t1",
"k","l",,"49","1653770942046","BulkShipment.kt","1.1.3 for 2021-2022 @t1",
"e"," ","","49","1653770942062","BulkShipment.kt","1.1.3 for 2021-2022 @t1",
"e",""," ","49","1653770942203","BulkShipment.kt","1.1.3 for 2021-2022 @t1",
"e"," ","","49","1653770942203","BulkShipment.kt","1.1.3 for 2021-2022 @t1",
"k"," ",,"50","1653770942203","BulkShipment.kt","1.1.3 for 2021-2022 @t1",
"e",""," ","49","1653770942783","BulkShipment.kt","1.1.3 for 2021-2022 @t1",
"e","S","","49","1653770942988","BulkShipment.kt","1.1.3 for 2021-2022 @t1",
"k","S",,"50","1653770942988","BulkShipment.kt","1.1.3 for 2021-2022 @t1",
"e"," ","","50","1653770943004","BulkShipment.kt","1.1.3 for 2021-2022 @t1",
"e",""," ","50","1653770943114","BulkShipment.kt","1.1.3 for 2021-2022 @t1",
"e","h","","50","1653770943115","BulkShipment.kt","1.1.3 for 2021-2022 @t1",
"k","h",,"51","1653770943114","BulkShipment.kt","1.1.3 for 2021-2022 @t1",
"e","i","","51","1653770943193","BulkShipment.kt","1.1.3 for 2021-2022 @t1",
"k","i",,"52","1653770943193","BulkShipment.kt","1.1.3 for 2021-2022 @t1",
"e","p","","52","1653770943273","BulkShipment.kt","1.1.3 for 2021-2022 @t1",
"k","p",,"53","1653770943273","BulkShipment.kt","1.1.3 for 2021-2022 @t1",
"e","m","","53","1653770943446","BulkShipment.kt","1.1.3 for 2021-2022 @t1",
"k","m",,"54","1653770943446","BulkShipment.kt","1.1.3 for 2021-2022 @t1",
"e","e","","54","1653770943571","BulkShipment.kt","1.1.3 for 2021-2022 @t1",
"k","e",,"55","1653770943571","BulkShipment.kt","1.1.3 for 2021-2022 @t1",
"e","n","","55","1653770943666","BulkShipment.kt","1.1.3 for 2021-2022 @t1",
"k","n",,"56","1653770943666","BulkShipment.kt","1.1.3 for 2021-2022 @t1",
"e","t","","56","1653770943761","BulkShipment.kt","1.1.3 for 2021-2022 @t1",
"k","t",,"57","1653770943761","BulkShipment.kt","1.1.3 for 2021-2022 @t1",
"e"," ","","57","1653770943872","BulkShipment.kt","1.1.3 for 2021-2022 @t1",
"k"," ",,"58","1653770943872","BulkShipment.kt","1.1.3 for 2021-2022 @t1",
"e",""," ","57","1653770944391","BulkShipment.kt","1.1.3 for 2021-2022 @t1",
"e",":","","57","1653770944958","BulkShipment.kt","1.1.3 for 2021-2022 @t1",
"k",":",,"58","1653770944958","BulkShipment.kt","1.1.3 for 2021-2022 @t1",
"e"," ","","58","1653770945083","BulkShipment.kt","1.1.3 for 2021-2022 @t1",
"k"," ",,"59","1653770945083","BulkShipment.kt","1.1.3 for 2021-2022 @t1",
"e","S","","59","1653770945329","BulkShipment.kt","1.1.3 for 2021-2022 @t1",
"k","S",,"60","1653770945329","BulkShipment.kt","1.1.3 for 2021-2022 @t1",
"e"," ","","60","1653770945351","BulkShipment.kt","1.1.3 for 2021-2022 @t1",
"e",""," ","60","1653770945445","BulkShipment.kt","1.1.3 for 2021-2022 @t1",
"e","h","","60","1653770945446","BulkShipment.kt","1.1.3 for 2021-2022 @t1",
"k","h",,"61","1653770945445","BulkShipment.kt","1.1.3 for 2021-2022 @t1",
"e"," ","","61","1653770945460","BulkShipment.kt","1.1.3 for 2021-2022 @t1",
"e",""," ","61","1653770945507","BulkShipment.kt","1.1.3 for 2021-2022 @t1",
"e","i","","61","1653770945508","BulkShipment.kt","1.1.3 for 2021-2022 @t1",
"k","i",,"62","1653770945507","BulkShipment.kt","1.1.3 for 2021-2022 @t1",
"e"," ","","62","1653770945523","BulkShipment.kt","1.1.3 for 2021-2022 @t1",
"e",""," ","62","1653770945586","BulkShipment.kt","1.1.3 for 2021-2022 @t1",
"e","p","","62","1653770945587","BulkShipment.kt","1.1.3 for 2021-2022 @t1",
"k","p",,"63","1653770945586","BulkShipment.kt","1.1.3 for 2021-2022 @t1",
"e"," ","","63","1653770945601","BulkShipment.kt","1.1.3 for 2021-2022 @t1",
"e",""," ","63","1653770945758","BulkShipment.kt","1.1.3 for 2021-2022 @t1",
"e","m","","63","1653770945759","BulkShipment.kt","1.1.3 for 2021-2022 @t1",
"k","m",,"64","1653770945758","BulkShipment.kt","1.1.3 for 2021-2022 @t1",
"e"," ","","64","1653770945774","BulkShipment.kt","1.1.3 for 2021-2022 @t1",
"e",""," ","64","1653770945868","BulkShipment.kt","1.1.3 for 2021-2022 @t1",
"e","e","","64","1653770945869","BulkShipment.kt","1.1.3 for 2021-2022 @t1",
"k","e",,"65","1653770945868","BulkShipment.kt","1.1.3 for 2021-2022 @t1",
"e"," ","","65","1653770945900","BulkShipment.kt","1.1.3 for 2021-2022 @t1",
"e",""," ","65","1653770945962","BulkShipment.kt","1.1.3 for 2021-2022 @t1",
"e","n","","65","1653770945963","BulkShipment.kt","1.1.3 for 2021-2022 @t1",
"k","n",,"66","1653770945978","BulkShipment.kt","1.1.3 for 2021-2022 @t1",
"e"," ","","66","1653770945994","BulkShipment.kt","1.1.3 for 2021-2022 @t1",
"e",""," ","66","1653770946292","BulkShipment.kt","1.1.3 for 2021-2022 @t1",
"e","t","","66","1653770946293","BulkShipment.kt","1.1.3 for 2021-2022 @t1",
"k","t",,"67","1653770946292","BulkShipment.kt","1.1.3 for 2021-2022 @t1",
"e","i","","81","1653770948844","BulkShipment.kt","1.1.3 for 2021-2022 @t1",
"k","i",,"82","1653770948844","BulkShipment.kt","1.1.3 for 2021-2022 @t1",
"e"," ","","82","1653770948860","BulkShipment.kt","1.1.3 for 2021-2022 @t1",
"e",""," ","82","1653770949253","BulkShipment.kt","1.1.3 for 2021-2022 @t1",
"e","t","","82","1653770949254","BulkShipment.kt","1.1.3 for 2021-2022 @t1",
"k","t",,"83","1653770949269","BulkShipment.kt","1.1.3 for 2021-2022 @t1",
"e","i","","83","1653770949364","BulkShipment.kt","1.1.3 for 2021-2022 @t1",
"k","i",,"84","1653770949364","BulkShipment.kt","1.1.3 for 2021-2022 @t1",
"e","alShipment","","84","1653770949583","BulkShipment.kt","1.1.3 for 2021-2022 @t1",
"e","","Update","110","1653770957017","Shipment.kt","1.1.3 for 2021-2022 @t1",
"e","Types.Shipment","","110","1653770957018","Shipment.kt","1.1.3 for 2021-2022 @t1",
"e","","ShipmentTypes","102","1653770957048","Shipment.kt","1.1.3 for 2021-2022 @t1",
"e","",".","102","1653770957048","Shipment.kt","1.1.3 for 2021-2022 @t1",
"e","Update","","110","1653770957065","Shipment.kt","1.1.3 for 2021-2022 @t1",
"e",".","","102","1653770962826","Shipment.kt","1.1.3 for 2021-2022 @t1",
"e","","Update","111","1653770962826","Shipment.kt","1.1.3 for 2021-2022 @t1",
"e","ShipmentTypes","","102","1653770962826","Shipment.kt","1.1.3 for 2021-2022 @t1",
"e","","Types.Shipment","110","1653770962826","Shipment.kt","1.1.3 for 2021-2022 @t1",
"e","Update","","110","1653770962827","Shipment.kt","1.1.3 for 2021-2022 @t1",
"e","","Shipment","49","1653770971279","BulkShipment.kt","1.1.3 for 2021-2022 @t1",
"e","

","","23","1653770971295","BulkShipment.kt","1.1.3 for 2021-2022 @t1",
"e","Shipment","","51","1653770971295","BulkShipment.kt","1.1.3 for 2021-2022 @t1",
"e","","

","23","1653770972364","BulkShipment.kt","1.1.3 for 2021-2022 @t1",
"e","","Shipment","49","1653770972364","BulkShipment.kt","1.1.3 for 2021-2022 @t1",
"e","U","","49","1653770972365","BulkShipment.kt","1.1.3 for 2021-2022 @t1",
"k","U",,"50","1653770972364","BulkShipment.kt","1.1.3 for 2021-2022 @t1",
"e","","U","49","1653770972380","BulkShipment.kt","1.1.3 for 2021-2022 @t1",
"e","Shipment","","49","1653770972381","BulkShipment.kt","1.1.3 for 2021-2022 @t1",
"e","","Shipment","49","1653770972380","BulkShipment.kt","1.1.3 for 2021-2022 @t1",
"e","U ","","49","1653770972381","BulkShipment.kt","1.1.3 for 2021-2022 @t1",
"e",""," ","50","1653770972474","BulkShipment.kt","1.1.3 for 2021-2022 @t1",
"e","p","","50","1653770972475","BulkShipment.kt","1.1.3 for 2021-2022 @t1",
"k","p",,"51","1653770972474","BulkShipment.kt","1.1.3 for 2021-2022 @t1",
"e","d","","51","1653770972569","BulkShipment.kt","1.1.3 for 2021-2022 @t1",
"k","d",,"52","1653770972569","BulkShipment.kt","1.1.3 for 2021-2022 @t1",
"e","a","","52","1653770972648","BulkShipment.kt","1.1.3 for 2021-2022 @t1",
"k","a",,"53","1653770972648","BulkShipment.kt","1.1.3 for 2021-2022 @t1",
"e","t","","53","1653770972758","BulkShipment.kt","1.1.3 for 2021-2022 @t1",
"k","t",,"54","1653770972758","BulkShipment.kt","1.1.3 for 2021-2022 @t1",
"e","e","","54","1653770972821","BulkShipment.kt","1.1.3 for 2021-2022 @t1",
"k","e",,"55","1653770972821","BulkShipment.kt","1.1.3 for 2021-2022 @t1",
"e","","Shipment","57","1653770974315","BulkShipment.kt","1.1.3 for 2021-2022 @t1",
"e","U","","57","1653770974788","BulkShipment.kt","1.1.3 for 2021-2022 @t1",
"k","U",,"58","1653770974788","BulkShipment.kt","1.1.3 for 2021-2022 @t1",
"e"," ","","58","1653770974804","BulkShipment.kt","1.1.3 for 2021-2022 @t1",
"e",""," ","58","1653770974919","BulkShipment.kt","1.1.3 for 2021-2022 @t1",
"e","p","","58","1653770974920","BulkShipment.kt","1.1.3 for 2021-2022 @t1",
"k","p",,"59","1653770974919","BulkShipment.kt","1.1.3 for 2021-2022 @t1",
"e"," ","","59","1653770974929","BulkShipment.kt","1.1.3 for 2021-2022 @t1",
"e",""," ","59","1653770975102","BulkShipment.kt","1.1.3 for 2021-2022 @t1",
"e","d","","59","1653770975103","BulkShipment.kt","1.1.3 for 2021-2022 @t1",
"k","d",,"60","1653770975102","BulkShipment.kt","1.1.3 for 2021-2022 @t1",
"e"," ","","60","1653770975134","BulkShipment.kt","1.1.3 for 2021-2022 @t1",
"e",""," ","60","1653770975384","BulkShipment.kt","1.1.3 for 2021-2022 @t1",
"e","a","","60","1653770975385","BulkShipment.kt","1.1.3 for 2021-2022 @t1",
"k","a",,"61","1653770975384","BulkShipment.kt","1.1.3 for 2021-2022 @t1",
"e","t","","61","1653770975510","BulkShipment.kt","1.1.3 for 2021-2022 @t1",
"k","t",,"62","1653770975521","BulkShipment.kt","1.1.3 for 2021-2022 @t1",
"e","e","","62","1653770975588","BulkShipment.kt","1.1.3 for 2021-2022 @t1",
"k","e",,"63","1653770975588","BulkShipment.kt","1.1.3 for 2021-2022 @t1",
"e","","Update","57","1653770978799","BulkShipment.kt","1.1.3 for 2021-2022 @t1",
"e","S","","57","1653770979540","BulkShipment.kt","1.1.3 for 2021-2022 @t1",
"k","S",,"58","1653770979540","BulkShipment.kt","1.1.3 for 2021-2022 @t1",
"e"," ","","58","1653770979556","BulkShipment.kt","1.1.3 for 2021-2022 @t1",
"e",""," ","58","1653770979665","BulkShipment.kt","1.1.3 for 2021-2022 @t1",
"e","h","","58","1653770979666","BulkShipment.kt","1.1.3 for 2021-2022 @t1",
"k","h",,"59","1653770979665","BulkShipment.kt","1.1.3 for 2021-2022 @t1",
"e"," ","","59","1653770979681","BulkShipment.kt","1.1.3 for 2021-2022 @t1",
"e",""," ","59","1653770979735","BulkShipment.kt","1.1.3 for 2021-2022 @t1",
"e","i","","59","1653770979736","BulkShipment.kt","1.1.3 for 2021-2022 @t1",
"k","i",,"60","1653770979735","BulkShipment.kt","1.1.3 for 2021-2022 @t1",
"e"," ","","60","1653770979744","BulkShipment.kt","1.1.3 for 2021-2022 @t1",
"e",""," ","60","1653770979901","BulkShipment.kt","1.1.3 for 2021-2022 @t1",
"e","p","","60","1653770979902","BulkShipment.kt","1.1.3 for 2021-2022 @t1",
"k","p",,"61","1653770979901","BulkShipment.kt","1.1.3 for 2021-2022 @t1",
"e"," ","","61","1653770979948","BulkShipment.kt","1.1.3 for 2021-2022 @t1",
"e",""," ","61","1653770980073","BulkShipment.kt","1.1.3 for 2021-2022 @t1",
"e","m","","61","1653770980074","BulkShipment.kt","1.1.3 for 2021-2022 @t1",
"k","m",,"62","1653770980073","BulkShipment.kt","1.1.3 for 2021-2022 @t1",
"e"," ","","62","1653770980089","BulkShipment.kt","1.1.3 for 2021-2022 @t1",
"e",""," ","62","1653770980151","BulkShipment.kt","1.1.3 for 2021-2022 @t1",
"e","e","","62","1653770980152","BulkShipment.kt","1.1.3 for 2021-2022 @t1",
"k","e",,"63","1653770980167","BulkShipment.kt","1.1.3 for 2021-2022 @t1",
"e"," ","","63","1653770980183","BulkShipment.kt","1.1.3 for 2021-2022 @t1",
"e",""," ","63","1653770981489","BulkShipment.kt","1.1.3 for 2021-2022 @t1",
"e","ntUpdate","","63","1653770981490","BulkShipment.kt","1.1.3 for 2021-2022 @t1",
"e","
 ","","21","1653770981505","BulkShipment.kt","1.1.3 for 2021-2022 @t1",
"e","import UpdateStrategies.ShipmentUpdate","","23","1653770981505","BulkShipment.kt","1.1.3 for 2021-2022 @t1",
"e",""," ","22","1653770981521","BulkShipment.kt","1.1.3 for 2021-2022 @t1",
"e","
","","22","1653770981522","BulkShipment.kt","1.1.3 for 2021-2022 @t1",
"e","","initialShipment","123","1653770983648","BulkShipment.kt","1.1.3 for 2021-2022 @t1",
"e","i","","123","1653770984404","BulkShipment.kt","1.1.3 for 2021-2022 @t1",
"k","i",,"124","1653770984404","BulkShipment.kt","1.1.3 for 2021-2022 @t1",
"e","","import UpdateStrategies.ShipmentUpdate

","23","1653770984420","BulkShipment.kt","1.1.3 for 2021-2022 @t1",
"e"," ","","84","1653770984420","BulkShipment.kt","1.1.3 for 2021-2022 @t1",
"e","import UpdateStrategies.ShipmentUpdate

","","23","1653770984420","BulkShipment.kt","1.1.3 for 2021-2022 @t1",
"e",""," ","124","1653770984514","BulkShipment.kt","1.1.3 for 2021-2022 @t1",
"e","n","","124","1653770984515","BulkShipment.kt","1.1.3 for 2021-2022 @t1",
"k","n",,"125","1653770984514","BulkShipment.kt","1.1.3 for 2021-2022 @t1",
"e"," ","","125","1653770984530","BulkShipment.kt","1.1.3 for 2021-2022 @t1",
"e",""," ","125","1653770984655","BulkShipment.kt","1.1.3 for 2021-2022 @t1",
"e","i","","125","1653770984656","BulkShipment.kt","1.1.3 for 2021-2022 @t1",
"k","i",,"126","1653770984655","BulkShipment.kt","1.1.3 for 2021-2022 @t1",
"e"," ","","126","1653770984655","BulkShipment.kt","1.1.3 for 2021-2022 @t1",
"e",""," ","126","1653770984828","BulkShipment.kt","1.1.3 for 2021-2022 @t1",
"e","t","","126","1653770984829","BulkShipment.kt","1.1.3 for 2021-2022 @t1",
"k","t",,"127","1653770984828","BulkShipment.kt","1.1.3 for 2021-2022 @t1",
"e"," ","","127","1653770984843","BulkShipment.kt","1.1.3 for 2021-2022 @t1",
"e",""," ","127","1653770984922","BulkShipment.kt","1.1.3 for 2021-2022 @t1",
"e","i","","127","1653770984923","BulkShipment.kt","1.1.3 for 2021-2022 @t1",
"k","i",,"128","1653770984938","BulkShipment.kt","1.1.3 for 2021-2022 @t1",
"e"," ","","128","1653770984951","BulkShipment.kt","1.1.3 for 2021-2022 @t1",
"e",""," ","128","1653770985299","BulkShipment.kt","1.1.3 for 2021-2022 @t1",
"e","alUpdate","","128","1653770985299","BulkShipment.kt","1.1.3 for 2021-2022 @t1",
"p","(initialUpdate: ShipmentUpdate): Shipment(initialUpdate) ",,"45","1653770998049","ExpressShipment.kt","1.1.3 for 2021-2022 @t1",
"e"," (initialUpdate: ShipmentUpdate): Shipment(initialUpdate)","","44","1653770998065","ExpressShipment.kt","1.1.3 for 2021-2022 @t1",
"e","_root_ide_package_.UpdateStrategies.","","61","1653770998207","ExpressShipment.kt","1.1.3 for 2021-2022 @t1",
"e","
 ","","21","1653770998207","ExpressShipment.kt","1.1.3 for 2021-2022 @t1",
"e","import UpdateStrategies.ShipmentUpdate","","23","1653770998222","ExpressShipment.kt","1.1.3 for 2021-2022 @t1",
"e","","_root_ide_package_.UpdateStrategies","101","1653770998222","ExpressShipment.kt","1.1.3 for 2021-2022 @t1",
"e","",".","101","1653770998222","ExpressShipment.kt","1.1.3 for 2021-2022 @t1",
"e",""," ","22","1653770998238","ExpressShipment.kt","1.1.3 for 2021-2022 @t1",
"e","
","","22","1653770998239","ExpressShipment.kt","1.1.3 for 2021-2022 @t1",
"e","","import UpdateStrategies.ShipmentUpdate","23","1653770998331","ExpressShipment.kt","1.1.3 for 2021-2022 @t1",
"e","

","","23","1653770998332","ExpressShipment.kt","1.1.3 for 2021-2022 @t1",
"e","","

","23","1653771000771","ExpressShipment.kt","1.1.3 for 2021-2022 @t1",
"e","import UpdateStrategies.ShipmentUpdate","","23","1653771000772","ExpressShipment.kt","1.1.3 for 2021-2022 @t1",
"e",""," ","84","1653771000771","ExpressShipment.kt","1.1.3 for 2021-2022 @t1",
"p"," ",,"47","1653771004343","OvernightShipment.kt","1.1.3 for 2021-2022 @t1",
"e"," ","","47","1653771004343","OvernightShipment.kt","1.1.3 for 2021-2022 @t1",
"e","

","","23","1653771004359","OvernightShipment.kt","1.1.3 for 2021-2022 @t1",
"e",""," ","49","1653771004359","OvernightShipment.kt","1.1.3 for 2021-2022 @t1",
"p","(initialUpdate: ShipmentUpdate): Shipment(initialUpdate)",,"47","1653771015534","OvernightShipment.kt","1.1.3 for 2021-2022 @t1",
"e","","

","23","1653771015549","OvernightShipment.kt","1.1.3 for 2021-2022 @t1",
"e"," (initialUpdate: ShipmentUpdate): Shipment(initialUpdate)","","46","1653771015549","OvernightShipment.kt","1.1.3 for 2021-2022 @t1",
"e","_root_ide_package_.UpdateStrategies.","","63","1653771015643","OvernightShipment.kt","1.1.3 for 2021-2022 @t1",
"e","
 ","","21","1653771015659","OvernightShipment.kt","1.1.3 for 2021-2022 @t1",
"e","import UpdateStrategies.ShipmentUpdate","","23","1653771015665","OvernightShipment.kt","1.1.3 for 2021-2022 @t1",
"e","","_root_ide_package_.UpdateStrategies","103","1653771015675","OvernightShipment.kt","1.1.3 for 2021-2022 @t1",
"e","",".","103","1653771015675","OvernightShipment.kt","1.1.3 for 2021-2022 @t1",
"e",""," ","22","1653771015675","OvernightShipment.kt","1.1.3 for 2021-2022 @t1",
"e","
","","22","1653771015676","OvernightShipment.kt","1.1.3 for 2021-2022 @t1",
"e","","import UpdateStrategies.ShipmentUpdate","23","1653771015706","OvernightShipment.kt","1.1.3 for 2021-2022 @t1",
"e","

","","23","1653771015707","OvernightShipment.kt","1.1.3 for 2021-2022 @t1",
"p","(initialUpdate: ShipmentUpdate): Shipment(initialUpdate)",,"46","1653771019376","StandardShipment.kt","1.1.3 for 2021-2022 @t1",
"e","(initialUpdate: ShipmentUpdate): Shipment(initialUpdate)","","46","1653771019376","StandardShipment.kt","1.1.3 for 2021-2022 @t1",
"e","_root_ide_package_.UpdateStrategies.","","62","1653771019437","StandardShipment.kt","1.1.3 for 2021-2022 @t1",
"e","
 ","","21","1653771019453","StandardShipment.kt","1.1.3 for 2021-2022 @t1",
"e","import UpdateStrategies.ShipmentUpdate","","23","1653771019453","StandardShipment.kt","1.1.3 for 2021-2022 @t1",
"e","","_root_ide_package_.UpdateStrategies","102","1653771019469","StandardShipment.kt","1.1.3 for 2021-2022 @t1",
"e","",".","102","1653771019469","StandardShipment.kt","1.1.3 for 2021-2022 @t1",
"e",""," ","22","1653771019476","StandardShipment.kt","1.1.3 for 2021-2022 @t1",
"e","
","","22","1653771019477","StandardShipment.kt","1.1.3 for 2021-2022 @t1",
"e","","import UpdateStrategies.ShipmentUpdate","23","1653771019485","StandardShipment.kt","1.1.3 for 2021-2022 @t1",
"e","

","","23","1653771019486","StandardShipment.kt","1.1.3 for 2021-2022 @t1",
"e","","

","23","1653771024174","StandardShipment.kt","1.1.3 for 2021-2022 @t1",
"e","import UpdateStrategies.ShipmentUpdate","","23","1653771024175","StandardShipment.kt","1.1.3 for 2021-2022 @t1",
"e",""," ","85","1653771024174","StandardShipment.kt","1.1.3 for 2021-2022 @t1",
"e","","

","23","1653771027604","OvernightShipment.kt","1.1.3 for 2021-2022 @t1",
"e","import UpdateStrategies.ShipmentUpdate","","23","1653771027605","OvernightShipment.kt","1.1.3 for 2021-2022 @t1",
"e",""," ","86","1653771027604","OvernightShipment.kt","1.1.3 for 2021-2022 @t1",
"e","

","","23","1653771027604","OvernightShipment.kt","1.1.3 for 2021-2022 @t1",
"e","
","","65","1653771027604","OvernightShipment.kt","1.1.3 for 2021-2022 @t1",
"e","
","","66","1653771027605","OvernightShipment.kt","1.1.3 for 2021-2022 @t1",
"e"," ","","90","1653771027604","OvernightShipment.kt","1.1.3 for 2021-2022 @t1",
