"a","ShowYourWork Init","","","000","ShowYourWork Init","1.1.3 for 2021-2022 @t1",
"a","Outside edit","","","1653156490246",".gitignore","1.1.3 for 2021-2022 @t1",
"a","Outside edit","","","1653156490393","Main.kt","1.1.3 for 2021-2022 @t1",
"a","Outside edit","","","1653156490397","TrackedShipmentView.kt","1.1.3 for 2021-2022 @t1",
"a","Outside edit","","","1653156490549","TrackedShipmentView.kt","1.1.3 for 2021-2022 @t1",
"a","ShowYourWork Init","","","000","ShowYourWork Init","1.1.3 for 2021-2022 @t1",
"a","Outside edit","","","1653518444348",".gitignore","1.1.3 for 2021-2022 @t1",
"a","Outside edit","","","1653518444787","Main.kt","1.1.3 for 2021-2022 @t1",
"a","Outside edit","","","1653518445222","TrackedShipmentView.kt","1.1.3 for 2021-2022 @t1",
"a","Outside edit","","","1653518445279","UpdateShipmentStrategy.kt","1.1.3 for 2021-2022 @t1",
"a","Outside edit","","","1653518445441","ShippingUpdate.kt","1.1.3 for 2021-2022 @t1",
"a","Outside edit","","","1653518445505","ShippingUpdate.kt","1.1.3 for 2021-2022 @t1",
"a","Outside edit","","","1653518445690","ShipmentViewHelper.kt","1.1.3 for 2021-2022 @t1",
"a","Outside edit","","","1653518445949","Subject.kt","1.1.3 for 2021-2022 @t1",
"a","Outside edit","","","1653518446111","TrackingSimulator.kt","1.1.3 for 2021-2022 @t1",
"a","Outside edit","","","1653518446128","ShipmentStrategy.kt","1.1.3 for 2021-2022 @t1",
"a","Outside edit","","","1653518446304","Shipment.kt","1.1.3 for 2021-2022 @t1",
"a","Outside edit","","","1653518446472","ShipmentNotFoundView.kt","1.1.3 for 2021-2022 @t1",
"a","Outside edit","","","1653518446487","Delivered.kt","1.1.3 for 2021-2022 @t1",
"a","Outside edit","","","1653518446527","ShipmentUpdate.kt","1.1.3 for 2021-2022 @t1",
"a","Outside edit","","","1653518446531","Delay.kt","1.1.3 for 2021-2022 @t1",
"a","ShowYourWork Init","","","000","ShowYourWork Init","1.1.3 for 2021-2022 @t1",
"a","Outside edit","","","1653518703466",".gitignore","1.1.3 for 2021-2022 @t1",
"a","ShowYourWork Init","","","000","ShowYourWork Init","1.1.3 for 2021-2022 @t1",
"a","Outside edit","","","1653593704230",".gitignore","1.1.3 for 2021-2022 @t1",
"a","Outside edit","","","1653593705891","LocationUpdate.kt","1.1.3 for 2021-2022 @t1",
"a","Outside edit","","","1653593705934","ShippedUpdate.kt","1.1.3 for 2021-2022 @t1",
"a","Outside edit","","","1653593705981","DelayedUpdate.kt","1.1.3 for 2021-2022 @t1",
"a","Outside edit","","","1653593706030","NoteAddedUpdate.kt","1.1.3 for 2021-2022 @t1",
"a","Outside edit","","","1653593706650","TrackingSimulator.kt","1.1.3 for 2021-2022 @t1",
"a","Outside edit","","","1653593706840","Shipment.kt","1.1.3 for 2021-2022 @t1",
"a","Outside edit","","","1653593707333","ShipmentTest.java","1.1.3 for 2021-2022 @t1",
"a","Outside edit","","","1653593707479","ShipmentTest.kt","1.1.3 for 2021-2022 @t1",
"a","Outside edit","","","1653593707573","TrackingSimulatorTest.java","1.1.3 for 2021-2022 @t1",
"a","Outside edit","","","1653593707606","TrackingSimulatorTest.kt","1.1.3 for 2021-2022 @t1",
"a","Outside edit","","","1653593707626","DateConverterKtTest.java","1.1.3 for 2021-2022 @t1",
"a","Outside edit","","","1653593707658","DateConverterKtTest.kt","1.1.3 for 2021-2022 @t1",
"a","ShowYourWork Init","","","000","ShowYourWork Init","1.1.3 for 2021-2022 @t1",
"a","Outside edit","","","1653671580175","build.gradle.kts","1.1.3 for 2021-2022 @t1",
"e","","","0","1653671580175","build.gradle.kts","1.1.3 for 2021-2022 @t1",
"e","import org.jetbrains.compose.compose
import org.jetbrains.compose.desktop.application.dsl.TargetFormat
import org.jetbrains.kotlin.gradle.tasks.KotlinCompile

plugins {
    kotlin(""jvm"") version ""1.6.10""
    id(""org.jetbrains.compose"") version ""1.1.0""
}

group = ""org.example""
version = ""1.0""

repositories {
    google()
    mavenCentral()
    maven(""https://maven.pkg.jetbrains.space/public/p/compose/dev"")
}

dependencies {
    testImplementation(kotlin(""test""))
    implementation(compose.desktop.currentOs)
}

tasks.test {
    useJUnitPlatform()
}

tasks.withType<KotlinCompile> {
    kotlinOptions.jvmTarget = ""11""
}

compose.desktop {
    application {
        mainClass = ""MainKt""
        nativeDistributions {
            targetFormats(TargetFormat.Dmg, TargetFormat.Msi, TargetFormat.Deb)
            packageName = ""ShipmentTrackerEmulator""
            packageVersion = ""1.0.0""
        }
    }
}","","0","1653671580175","build.gradle.kts","1.1.3 for 2021-2022 @t1",
"a","Outside edit","","","1653671580319",".gitignore","1.1.3 for 2021-2022 @t1",
"a","Outside edit","","","1653671582037","Delay.kt","1.1.3 for 2021-2022 @t1",
"a","ShowYourWork Init","","","000","ShowYourWork Init","1.1.3 for 2021-2022 @t1",
