/src/main/kotlin/WebServer.kt
/build.gradle.kts
/src/main/kotlin/Main.kt
/.idea/.gitignore
/src/main/kotlin/Main.kt
/src/main/kotlin/showyourwork/TrackedShipmentView.kt
/src/main/kotlin/TrackedShipmentView.kt
/src/main/kotlin/UpdateStrategies/UpdateShipmentStrategy.kt
/src/main/kotlin/ShippingUpdate.kt
/src/main/kotlin/UpdateStrategies/CreatedUpdate.kt
/src/main/kotlin/UpdateStrategies/LocationUpdate.kt
/src/main/kotlin/UpdateStrategies/ShippingUpdate.kt
/src/main/kotlin/UpdateStrategies/ShippedUpdate.kt
/src/main/kotlin/UpdateStrategies/CanceledUpdate.kt
/src/main/kotlin/UpdateStrategies/DelayedUpdate.kt
/src/main/kotlin/UpdateStrategies/LostUpdate.kt
/src/main/kotlin/UpdateStrategies/NoteAddedUpdate.kt
/src/main/kotlin/ShipmentViewHelper.kt
/src/main/kotlin/Observer.kt
/src/main/kotlin/Subject.kt
/src/main/kotlin/TrackingSimulator.kt
/src/main/kotlin/UpdateStrategies/ShipmentStrategy.kt
/src/main/kotlin/UpdateStrategies/ShipmentUpdateStrategy.kt
/src/main/kotlin/Shipment.kt
/src/main/kotlin/ShipmentNotFoundView.kt
/src/main/kotlin/UpdateStrategies/Delivered.kt
/src/main/kotlin/UpdateStrategies/DeliveredUpdate.kt
/src/main/kotlin/UpdateStrategies/ShipmentUpdate.kt
routines-core-jvm/1.5.0/c188f12813668c2fb0f761fbc71ea53cfa83549e/kotlinx-coroutines-core-jvm-1.5.0-sources.jar!/commonMain/Delay.kt
/src/main/kotlin/DateConverter.kt
/src/test/kotlin/ShipmentTest.java
/src/test/kotlin/ShipmentTest.kt
/src/test/kotlin/TrackingSimulatorTest.java
/src/test/kotlin/TrackingSimulatorTest.kt
/src/test/kotlin/DateConverterKtTest.java
/src/test/kotlin/DateConverterKtTest.kt
src/main/kotlin/Shipment.kt
src/main/kotlin/UpdateStrategies/ShipmentUpdateStrategy.kt
src/main/kotlin/UpdateStrategies/ShippedUpdate.kt
src/main/kotlin/UpdateStrategies/NoteAddedUpdate.kt
src/main/kotlin/UpdateStrategies/LostUpdate.kt
src/main/kotlin/UpdateStrategies/LocationUpdate.kt
src/main/kotlin/UpdateStrategies/DeliveredUpdate.kt
src/main/kotlin/UpdateStrategies/DelayedUpdate.kt
src/main/kotlin/UpdateStrategies/CreatedUpdate.kt
src/main/kotlin/WebServer.kt
src/main/kotlin/UpdateStrategies/CanceledUpdate.kt
src/main/ShipmentUpdater.html
build.gradle.kts
/src/main/kotlin/WebServerShipment.kt
/src/main/resources/ShipmentUpdater.html
/src/main/kotlin/ShipmentTypes/InvalidShipment.kt
/src/main/kotlin/ShipmentTypes/Breachable.kt
/src/main/kotlin/ShipmentTypes/BulkShipment.kt
/src/main/kotlin/ShipmentValidator.kt
/src/main/kotlin/ShipmentTypes/ValidateShipments.kt
/src/test/kotlin/WebServerShipmentTest.java
/src/test/kotlin/WebServerShipmentTest.kt
/src/main/kotlin/ShipmentTypes/ExpressShipment.kt
/src/main/kotlin/ShipmentTypes/OvernightShipment.kt
/src/main/kotlin/ShipmentTypes/StandardShipment.kt
/src/test/kotlin/WebServerSingletonTest.kt
